2025-05-07 12:47:22,728 - INFO - Nuts
2025-05-07 12:47:23,661 - INFO - Similarity matrix shape: torch.Size([5820, 50])
2025-05-07 12:47:23,667 - INFO - ------------------Predictions---------------------
2025-05-07 12:47:23,667 - INFO - [29 25 25 ... 11 38 38]
2025-05-07 12:47:23,722 - INFO - ------------------Test Statistics---------------------
2025-05-07 12:47:23,722 - INFO - Accuracy: 0.3113
2025-05-07 12:47:23,722 - INFO - Spices
2025-05-07 12:47:24,234 - INFO - Similarity matrix shape: torch.Size([5428, 50])
2025-05-07 12:47:24,234 - INFO - ------------------Predictions---------------------
2025-05-07 12:47:24,234 - INFO - [ 6 22  6 ... 29 22 23]
2025-05-07 12:47:24,244 - INFO - ------------------Test Statistics---------------------
2025-05-07 12:47:24,244 - INFO - Accuracy: 0.4503
2025-05-07 12:47:24,244 - INFO - Herbs
2025-05-07 12:47:24,681 - INFO - Similarity matrix shape: torch.Size([5499, 50])
2025-05-07 12:47:24,682 - INFO - ------------------Predictions---------------------
2025-05-07 12:47:24,682 - INFO - [20 20 20 ... 30 33 30]
2025-05-07 12:47:24,692 - INFO - ------------------Test Statistics---------------------
2025-05-07 12:47:24,692 - INFO - Accuracy: 0.3735
2025-05-07 12:47:24,692 - INFO - Fruits
2025-05-07 12:47:25,121 - INFO - Similarity matrix shape: torch.Size([5423, 50])
2025-05-07 12:47:25,121 - INFO - ------------------Predictions---------------------
2025-05-07 12:47:25,121 - INFO - [16  6  6 ... 34  9 34]
2025-05-07 12:47:25,131 - INFO - ------------------Test Statistics---------------------
2025-05-07 12:47:25,131 - INFO - Accuracy: 0.4595
2025-05-07 12:47:25,131 - INFO - Vegetables
2025-05-07 12:47:25,561 - INFO - Similarity matrix shape: torch.Size([5436, 50])
2025-05-07 12:47:25,561 - INFO - ------------------Predictions---------------------
2025-05-07 12:47:25,561 - INFO - [ 5  5 47 ... 42 28 40]
2025-05-07 12:47:25,571 - INFO - ------------------Test Statistics---------------------
2025-05-07 12:47:25,571 - INFO - Accuracy: 0.2774
