2025-05-07 11:37:54,801 - INFO - Nuts
2025-05-07 11:37:56,050 - INFO - Similarity matrix shape: torch.Size([6353, 50])
2025-05-07 11:37:56,056 - INFO - ------------------Predictions---------------------
2025-05-07 11:37:56,057 - INFO - [ 7  7  7 ... 11 11 11]
2025-05-07 11:37:56,113 - INFO - ------------------Test Statistics---------------------
2025-05-07 11:37:56,113 - INFO - Accuracy: 0.8889
2025-05-07 11:37:56,113 - INFO - Spices
2025-05-07 11:37:56,959 - INFO - Similarity matrix shape: torch.Size([5878, 50])
2025-05-07 11:37:56,960 - INFO - ------------------Predictions---------------------
2025-05-07 11:37:56,960 - INFO - [22 22 22 ... 22 22 22]
2025-05-07 11:37:56,969 - INFO - ------------------Test Statistics---------------------
2025-05-07 11:37:56,969 - INFO - Accuracy: 0.4040
2025-05-07 11:37:56,969 - INFO - Herbs
2025-05-07 11:37:57,771 - INFO - Similarity matrix shape: torch.Size([5949, 50])
2025-05-07 11:37:57,772 - INFO - ------------------Predictions---------------------
2025-05-07 11:37:57,772 - INFO - [22 22 22 ... 22 22 22]
2025-05-07 11:37:57,781 - INFO - ------------------Test Statistics---------------------
2025-05-07 11:37:57,781 - INFO - Accuracy: 0.4764
2025-05-07 11:37:57,781 - INFO - Fruits
2025-05-07 11:37:58,717 - INFO - Similarity matrix shape: torch.Size([5923, 50])
2025-05-07 11:37:58,717 - INFO - ------------------Predictions---------------------
2025-05-07 11:37:58,718 - INFO - [22 22 22 ... 22 22 22]
2025-05-07 11:37:58,727 - INFO - ------------------Test Statistics---------------------
2025-05-07 11:37:58,727 - INFO - Accuracy: 0.4439
2025-05-07 11:37:58,727 - INFO - Vegetables
2025-05-07 11:37:59,557 - INFO - Similarity matrix shape: torch.Size([5904, 50])
2025-05-07 11:37:59,557 - INFO - ------------------Predictions---------------------
2025-05-07 11:37:59,558 - INFO - [10 10 10 ... 42 42 42]
2025-05-07 11:37:59,567 - INFO - ------------------Test Statistics---------------------
2025-05-07 11:37:59,567 - INFO - Accuracy: 0.8096
