2025-05-07 13:30:21,329 - INFO - Nuts
2025-05-07 13:30:22,359 - INFO - Similarity matrix shape: torch.Size([7086, 50])
2025-05-07 13:30:22,365 - INFO - ------------------Predictions---------------------
2025-05-07 13:30:22,365 - INFO - [47  0 47 ... 19  0 19]
2025-05-07 13:30:22,423 - INFO - ------------------Test Statistics---------------------
2025-05-07 13:30:22,423 - INFO - Accuracy: 0.2209
2025-05-07 13:30:22,423 - INFO - Spices
2025-05-07 13:30:22,928 - INFO - Similarity matrix shape: torch.Size([7086, 50])
2025-05-07 13:30:22,928 - INFO - ------------------Predictions---------------------
2025-05-07 13:30:22,928 - INFO - [47  0 47 ... 19  0 19]
2025-05-07 13:30:22,939 - INFO - ------------------Test Statistics---------------------
2025-05-07 13:30:22,939 - INFO - Accuracy: 0.2209
2025-05-07 13:30:22,939 - INFO - Herbs
2025-05-07 13:30:23,377 - INFO - Similarity matrix shape: torch.Size([7086, 50])
2025-05-07 13:30:23,377 - INFO - ------------------Predictions---------------------
2025-05-07 13:30:23,378 - INFO - [47  0 47 ... 19  0 19]
2025-05-07 13:30:23,388 - INFO - ------------------Test Statistics---------------------
2025-05-07 13:30:23,388 - INFO - Accuracy: 0.2209
2025-05-07 13:30:23,388 - INFO - Fruits
2025-05-07 13:30:23,823 - INFO - Similarity matrix shape: torch.Size([7086, 50])
2025-05-07 13:30:23,824 - INFO - ------------------Predictions---------------------
2025-05-07 13:30:23,824 - INFO - [47  0 47 ... 19  0 19]
2025-05-07 13:30:23,834 - INFO - ------------------Test Statistics---------------------
2025-05-07 13:30:23,835 - INFO - Accuracy: 0.2209
2025-05-07 13:30:23,835 - INFO - Vegetables
2025-05-07 13:30:24,270 - INFO - Similarity matrix shape: torch.Size([7086, 50])
2025-05-07 13:30:24,271 - INFO - ------------------Predictions---------------------
2025-05-07 13:30:24,271 - INFO - [47  0 47 ... 19  0 19]
2025-05-07 13:30:24,283 - INFO - ------------------Test Statistics---------------------
2025-05-07 13:30:24,283 - INFO - Accuracy: 0.2209
