2025-05-07 10:49:32,038 - INFO - Epoch 1/200, Loss: 0.0022
2025-05-07 10:49:32,042 - INFO - Epoch 2/200, Loss: 0.0020
2025-05-07 10:49:32,045 - INFO - Epoch 3/200, Loss: 0.0019
2025-05-07 10:49:32,048 - INFO - Epoch 4/200, Loss: 0.0019
2025-05-07 10:49:32,050 - INFO - Epoch 5/200, Loss: 0.0016
2025-05-07 10:49:32,053 - INFO - Epoch 6/200, Loss: 0.0018
2025-05-07 10:49:32,056 - INFO - Epoch 7/200, Loss: 0.0017
2025-05-07 10:49:32,059 - INFO - Epoch 8/200, Loss: 0.0019
2025-05-07 10:49:32,062 - INFO - Epoch 9/200, Loss: 0.0018
2025-05-07 10:49:32,064 - INFO - Epoch 10/200, Loss: 0.0017
2025-05-07 10:49:32,067 - INFO - Epoch 11/200, Loss: 0.0016
2025-05-07 10:49:32,070 - INFO - Epoch 12/200, Loss: 0.0015
2025-05-07 10:49:32,073 - INFO - Epoch 13/200, Loss: 0.0017
2025-05-07 10:49:32,076 - INFO - Epoch 14/200, Loss: 0.0016
2025-05-07 10:49:32,078 - INFO - Epoch 15/200, Loss: 0.0016
2025-05-07 10:49:32,081 - INFO - Epoch 16/200, Loss: 0.0016
2025-05-07 10:49:32,084 - INFO - Epoch 17/200, Loss: 0.0015
2025-05-07 10:49:32,087 - INFO - Epoch 18/200, Loss: 0.0016
2025-05-07 10:49:32,089 - INFO - Epoch 19/200, Loss: 0.0015
2025-05-07 10:49:32,092 - INFO - Epoch 20/200, Loss: 0.0016
2025-05-07 10:49:32,095 - INFO - Epoch 21/200, Loss: 0.0015
2025-05-07 10:49:32,098 - INFO - Epoch 22/200, Loss: 0.0015
2025-05-07 10:49:32,101 - INFO - Epoch 23/200, Loss: 0.0016
2025-05-07 10:49:32,103 - INFO - Epoch 24/200, Loss: 0.0015
2025-05-07 10:49:32,106 - INFO - Epoch 25/200, Loss: 0.0015
2025-05-07 10:49:32,109 - INFO - Epoch 26/200, Loss: 0.0015
2025-05-07 10:49:32,112 - INFO - Epoch 27/200, Loss: 0.0015
2025-05-07 10:49:32,114 - INFO - Epoch 28/200, Loss: 0.0015
2025-05-07 10:49:32,117 - INFO - Epoch 29/200, Loss: 0.0015
2025-05-07 10:49:32,120 - INFO - Epoch 30/200, Loss: 0.0015
2025-05-07 10:49:32,123 - INFO - Epoch 31/200, Loss: 0.0015
2025-05-07 10:49:32,125 - INFO - Epoch 32/200, Loss: 0.0015
2025-05-07 10:49:32,128 - INFO - Epoch 33/200, Loss: 0.0016
2025-05-07 10:49:32,131 - INFO - Epoch 34/200, Loss: 0.0015
2025-05-07 10:49:32,134 - INFO - Epoch 35/200, Loss: 0.0014
2025-05-07 10:49:32,137 - INFO - Epoch 36/200, Loss: 0.0014
2025-05-07 10:49:32,139 - INFO - Epoch 37/200, Loss: 0.0015
2025-05-07 10:49:32,142 - INFO - Epoch 38/200, Loss: 0.0015
2025-05-07 10:49:32,145 - INFO - Epoch 39/200, Loss: 0.0015
2025-05-07 10:49:32,148 - INFO - Epoch 40/200, Loss: 0.0014
2025-05-07 10:49:32,151 - INFO - Epoch 41/200, Loss: 0.0015
2025-05-07 10:49:32,153 - INFO - Epoch 42/200, Loss: 0.0014
2025-05-07 10:49:32,156 - INFO - Epoch 43/200, Loss: 0.0015
2025-05-07 10:49:32,159 - INFO - Epoch 44/200, Loss: 0.0014
2025-05-07 10:49:32,162 - INFO - Epoch 45/200, Loss: 0.0014
2025-05-07 10:49:32,164 - INFO - Epoch 46/200, Loss: 0.0015
2025-05-07 10:49:32,167 - INFO - Epoch 47/200, Loss: 0.0014
2025-05-07 10:49:32,170 - INFO - Epoch 48/200, Loss: 0.0014
2025-05-07 10:49:32,173 - INFO - Epoch 49/200, Loss: 0.0014
2025-05-07 10:49:32,175 - INFO - Epoch 50/200, Loss: 0.0015
2025-05-07 10:49:32,178 - INFO - Epoch 51/200, Loss: 0.0014
2025-05-07 10:49:32,181 - INFO - Epoch 52/200, Loss: 0.0014
2025-05-07 10:49:32,184 - INFO - Epoch 53/200, Loss: 0.0014
2025-05-07 10:49:32,187 - INFO - Epoch 54/200, Loss: 0.0014
2025-05-07 10:49:32,189 - INFO - Epoch 55/200, Loss: 0.0014
2025-05-07 10:49:32,192 - INFO - Epoch 56/200, Loss: 0.0015
2025-05-07 10:49:32,195 - INFO - Epoch 57/200, Loss: 0.0014
2025-05-07 10:49:32,198 - INFO - Epoch 58/200, Loss: 0.0014
2025-05-07 10:49:32,200 - INFO - Epoch 59/200, Loss: 0.0014
2025-05-07 10:49:32,203 - INFO - Epoch 60/200, Loss: 0.0014
2025-05-07 10:49:32,206 - INFO - Epoch 61/200, Loss: 0.0014
2025-05-07 10:49:32,209 - INFO - Epoch 62/200, Loss: 0.0014
2025-05-07 10:49:32,211 - INFO - Epoch 63/200, Loss: 0.0014
2025-05-07 10:49:32,214 - INFO - Epoch 64/200, Loss: 0.0015
2025-05-07 10:49:32,217 - INFO - Epoch 65/200, Loss: 0.0015
2025-05-07 10:49:32,220 - INFO - Epoch 66/200, Loss: 0.0014
2025-05-07 10:49:32,223 - INFO - Epoch 67/200, Loss: 0.0014
2025-05-07 10:49:32,225 - INFO - Epoch 68/200, Loss: 0.0014
2025-05-07 10:49:32,228 - INFO - Epoch 69/200, Loss: 0.0014
2025-05-07 10:49:32,231 - INFO - Epoch 70/200, Loss: 0.0014
2025-05-07 10:49:32,234 - INFO - Epoch 71/200, Loss: 0.0014
2025-05-07 10:49:32,236 - INFO - Epoch 72/200, Loss: 0.0015
2025-05-07 10:49:32,239 - INFO - Epoch 73/200, Loss: 0.0014
2025-05-07 10:49:32,242 - INFO - Epoch 74/200, Loss: 0.0014
2025-05-07 10:49:32,245 - INFO - Epoch 75/200, Loss: 0.0014
2025-05-07 10:49:32,248 - INFO - Epoch 76/200, Loss: 0.0014
2025-05-07 10:49:32,250 - INFO - Epoch 77/200, Loss: 0.0014
2025-05-07 10:49:32,253 - INFO - Epoch 78/200, Loss: 0.0014
2025-05-07 10:49:32,256 - INFO - Epoch 79/200, Loss: 0.0014
2025-05-07 10:49:32,259 - INFO - Epoch 80/200, Loss: 0.0014
2025-05-07 10:49:32,261 - INFO - Epoch 81/200, Loss: 0.0014
2025-05-07 10:49:32,264 - INFO - Epoch 82/200, Loss: 0.0014
2025-05-07 10:49:32,267 - INFO - Epoch 83/200, Loss: 0.0014
2025-05-07 10:49:32,270 - INFO - Epoch 84/200, Loss: 0.0013
2025-05-07 10:49:32,273 - INFO - Epoch 85/200, Loss: 0.0014
2025-05-07 10:49:32,275 - INFO - Epoch 86/200, Loss: 0.0014
2025-05-07 10:49:32,278 - INFO - Epoch 87/200, Loss: 0.0014
2025-05-07 10:49:32,281 - INFO - Epoch 88/200, Loss: 0.0014
2025-05-07 10:49:32,284 - INFO - Epoch 89/200, Loss: 0.0014
2025-05-07 10:49:32,286 - INFO - Epoch 90/200, Loss: 0.0014
2025-05-07 10:49:32,289 - INFO - Epoch 91/200, Loss: 0.0014
2025-05-07 10:49:32,292 - INFO - Epoch 92/200, Loss: 0.0014
2025-05-07 10:49:32,295 - INFO - Epoch 93/200, Loss: 0.0014
2025-05-07 10:49:32,298 - INFO - Epoch 94/200, Loss: 0.0014
2025-05-07 10:49:32,300 - INFO - Epoch 95/200, Loss: 0.0014
2025-05-07 10:49:32,303 - INFO - Epoch 96/200, Loss: 0.0014
2025-05-07 10:49:32,306 - INFO - Epoch 97/200, Loss: 0.0014
2025-05-07 10:49:32,309 - INFO - Epoch 98/200, Loss: 0.0014
2025-05-07 10:49:32,311 - INFO - Epoch 99/200, Loss: 0.0014
2025-05-07 10:49:32,314 - INFO - Epoch 100/200, Loss: 0.0014
2025-05-07 10:49:32,317 - INFO - Epoch 101/200, Loss: 0.0014
2025-05-07 10:49:32,320 - INFO - Epoch 102/200, Loss: 0.0014
2025-05-07 10:49:32,323 - INFO - Epoch 103/200, Loss: 0.0014
2025-05-07 10:49:32,325 - INFO - Epoch 104/200, Loss: 0.0013
2025-05-07 10:49:32,328 - INFO - Epoch 105/200, Loss: 0.0014
2025-05-07 10:49:32,331 - INFO - Epoch 106/200, Loss: 0.0014
2025-05-07 10:49:32,334 - INFO - Epoch 107/200, Loss: 0.0014
2025-05-07 10:49:32,336 - INFO - Epoch 108/200, Loss: 0.0014
2025-05-07 10:49:32,339 - INFO - Epoch 109/200, Loss: 0.0014
2025-05-07 10:49:32,342 - INFO - Epoch 110/200, Loss: 0.0014
2025-05-07 10:49:32,345 - INFO - Epoch 111/200, Loss: 0.0014
2025-05-07 10:49:32,348 - INFO - Epoch 112/200, Loss: 0.0014
2025-05-07 10:49:32,350 - INFO - Epoch 113/200, Loss: 0.0014
2025-05-07 10:49:32,353 - INFO - Epoch 114/200, Loss: 0.0014
2025-05-07 10:49:32,356 - INFO - Epoch 115/200, Loss: 0.0014
2025-05-07 10:49:32,359 - INFO - Epoch 116/200, Loss: 0.0014
2025-05-07 10:49:32,361 - INFO - Epoch 117/200, Loss: 0.0013
2025-05-07 10:49:32,364 - INFO - Epoch 118/200, Loss: 0.0014
2025-05-07 10:49:32,367 - INFO - Epoch 119/200, Loss: 0.0014
2025-05-07 10:49:32,370 - INFO - Epoch 120/200, Loss: 0.0014
2025-05-07 10:49:32,372 - INFO - Epoch 121/200, Loss: 0.0014
2025-05-07 10:49:32,375 - INFO - Epoch 122/200, Loss: 0.0014
2025-05-07 10:49:32,378 - INFO - Epoch 123/200, Loss: 0.0014
2025-05-07 10:49:32,381 - INFO - Epoch 124/200, Loss: 0.0014
2025-05-07 10:49:32,383 - INFO - Epoch 125/200, Loss: 0.0013
2025-05-07 10:49:32,386 - INFO - Epoch 126/200, Loss: 0.0014
2025-05-07 10:49:32,389 - INFO - Epoch 127/200, Loss: 0.0014
2025-05-07 10:49:32,392 - INFO - Epoch 128/200, Loss: 0.0014
2025-05-07 10:49:32,394 - INFO - Epoch 129/200, Loss: 0.0014
2025-05-07 10:49:32,397 - INFO - Epoch 130/200, Loss: 0.0014
2025-05-07 10:49:32,400 - INFO - Epoch 131/200, Loss: 0.0013
2025-05-07 10:49:32,403 - INFO - Epoch 132/200, Loss: 0.0013
2025-05-07 10:49:32,405 - INFO - Epoch 133/200, Loss: 0.0014
2025-05-07 10:49:32,408 - INFO - Epoch 134/200, Loss: 0.0014
2025-05-07 10:49:32,411 - INFO - Epoch 135/200, Loss: 0.0013
2025-05-07 10:49:32,414 - INFO - Epoch 136/200, Loss: 0.0013
2025-05-07 10:49:32,417 - INFO - Epoch 137/200, Loss: 0.0014
2025-05-07 10:49:32,419 - INFO - Epoch 138/200, Loss: 0.0014
2025-05-07 10:49:32,422 - INFO - Epoch 139/200, Loss: 0.0014
2025-05-07 10:49:32,425 - INFO - Epoch 140/200, Loss: 0.0014
2025-05-07 10:49:32,428 - INFO - Epoch 141/200, Loss: 0.0013
2025-05-07 10:49:32,430 - INFO - Epoch 142/200, Loss: 0.0014
2025-05-07 10:49:32,433 - INFO - Epoch 143/200, Loss: 0.0013
2025-05-07 10:49:32,436 - INFO - Epoch 144/200, Loss: 0.0014
2025-05-07 10:49:32,439 - INFO - Epoch 145/200, Loss: 0.0013
2025-05-07 10:49:32,441 - INFO - Epoch 146/200, Loss: 0.0014
2025-05-07 10:49:32,445 - INFO - Epoch 147/200, Loss: 0.0013
2025-05-07 10:49:32,448 - INFO - Epoch 148/200, Loss: 0.0013
2025-05-07 10:49:32,451 - INFO - Epoch 149/200, Loss: 0.0014
2025-05-07 10:49:32,454 - INFO - Epoch 150/200, Loss: 0.0014
2025-05-07 10:49:32,457 - INFO - Epoch 151/200, Loss: 0.0014
2025-05-07 10:49:32,459 - INFO - Epoch 152/200, Loss: 0.0014
2025-05-07 10:49:32,462 - INFO - Epoch 153/200, Loss: 0.0014
2025-05-07 10:49:32,465 - INFO - Epoch 154/200, Loss: 0.0014
2025-05-07 10:49:32,468 - INFO - Epoch 155/200, Loss: 0.0013
2025-05-07 10:49:32,470 - INFO - Epoch 156/200, Loss: 0.0014
2025-05-07 10:49:32,473 - INFO - Epoch 157/200, Loss: 0.0013
2025-05-07 10:49:32,476 - INFO - Epoch 158/200, Loss: 0.0014
2025-05-07 10:49:32,479 - INFO - Epoch 159/200, Loss: 0.0014
2025-05-07 10:49:32,482 - INFO - Epoch 160/200, Loss: 0.0014
2025-05-07 10:49:32,484 - INFO - Epoch 161/200, Loss: 0.0013
2025-05-07 10:49:32,487 - INFO - Epoch 162/200, Loss: 0.0014
2025-05-07 10:49:32,490 - INFO - Epoch 163/200, Loss: 0.0013
2025-05-07 10:49:32,493 - INFO - Epoch 164/200, Loss: 0.0013
2025-05-07 10:49:32,495 - INFO - Epoch 165/200, Loss: 0.0013
2025-05-07 10:49:32,498 - INFO - Epoch 166/200, Loss: 0.0013
2025-05-07 10:49:32,501 - INFO - Epoch 167/200, Loss: 0.0013
2025-05-07 10:49:32,504 - INFO - Epoch 168/200, Loss: 0.0013
2025-05-07 10:49:32,506 - INFO - Epoch 169/200, Loss: 0.0014
2025-05-07 10:49:32,509 - INFO - Epoch 170/200, Loss: 0.0013
2025-05-07 10:49:32,512 - INFO - Epoch 171/200, Loss: 0.0013
2025-05-07 10:49:32,515 - INFO - Epoch 172/200, Loss: 0.0014
2025-05-07 10:49:32,518 - INFO - Epoch 173/200, Loss: 0.0013
2025-05-07 10:49:32,520 - INFO - Epoch 174/200, Loss: 0.0014
2025-05-07 10:49:32,523 - INFO - Epoch 175/200, Loss: 0.0013
2025-05-07 10:49:32,526 - INFO - Epoch 176/200, Loss: 0.0013
2025-05-07 10:49:32,529 - INFO - Epoch 177/200, Loss: 0.0013
2025-05-07 10:49:32,531 - INFO - Epoch 178/200, Loss: 0.0014
2025-05-07 10:49:32,534 - INFO - Epoch 179/200, Loss: 0.0014
2025-05-07 10:49:32,537 - INFO - Epoch 180/200, Loss: 0.0013
2025-05-07 10:49:32,540 - INFO - Epoch 181/200, Loss: 0.0014
2025-05-07 10:49:32,543 - INFO - Epoch 182/200, Loss: 0.0013
2025-05-07 10:49:32,545 - INFO - Epoch 183/200, Loss: 0.0013
2025-05-07 10:49:32,548 - INFO - Epoch 184/200, Loss: 0.0013
2025-05-07 10:49:32,551 - INFO - Epoch 185/200, Loss: 0.0013
2025-05-07 10:49:32,554 - INFO - Epoch 186/200, Loss: 0.0013
2025-05-07 10:49:32,557 - INFO - Epoch 187/200, Loss: 0.0013
2025-05-07 10:49:32,559 - INFO - Epoch 188/200, Loss: 0.0014
2025-05-07 10:49:32,562 - INFO - Epoch 189/200, Loss: 0.0014
2025-05-07 10:49:32,565 - INFO - Epoch 190/200, Loss: 0.0014
2025-05-07 10:49:32,568 - INFO - Epoch 191/200, Loss: 0.0013
2025-05-07 10:49:32,570 - INFO - Epoch 192/200, Loss: 0.0013
2025-05-07 10:49:32,573 - INFO - Epoch 193/200, Loss: 0.0013
2025-05-07 10:49:32,576 - INFO - Epoch 194/200, Loss: 0.0013
2025-05-07 10:49:32,579 - INFO - Epoch 195/200, Loss: 0.0013
2025-05-07 10:49:32,581 - INFO - Epoch 196/200, Loss: 0.0014
2025-05-07 10:49:32,584 - INFO - Epoch 197/200, Loss: 0.0013
2025-05-07 10:49:32,587 - INFO - Epoch 198/200, Loss: 0.0013
2025-05-07 10:49:32,590 - INFO - Epoch 199/200, Loss: 0.0013
2025-05-07 10:49:32,592 - INFO - Epoch 200/200, Loss: 0.0013
2025-05-07 10:49:32,616 - INFO - Similarity matrix shape: torch.Size([26416, 50])
2025-05-07 10:49:32,622 - INFO - ------------------Predictions---------------------
2025-05-07 10:49:32,623 - INFO - [46 46 46 ...  7  7  7]
2025-05-07 10:49:32,659 - INFO - ------------------Test Statistics---------------------
2025-05-07 10:49:32,659 - INFO - Accuracy: 0.0981
