2025-05-08 08:48:49,653 - INFO - Nuts
2025-05-08 08:48:51,510 - INFO - ------------------Test Statistics---------------------
2025-05-08 08:48:51,510 - INFO - Top-1 Accuracy: 54.26%
2025-05-08 08:48:51,510 - INFO - Top-5 Accuracy: 74.67%
2025-05-08 08:48:51,510 - INFO - Spices
2025-05-08 08:48:52,823 - INFO - ------------------Test Statistics---------------------
2025-05-08 08:48:52,824 - INFO - Top-1 Accuracy: 54.26%
2025-05-08 08:48:52,824 - INFO - Top-5 Accuracy: 74.67%
2025-05-08 08:48:52,824 - INFO - Herbs
2025-05-08 08:48:53,864 - INFO - ------------------Test Statistics---------------------
2025-05-08 08:48:53,864 - INFO - Top-1 Accuracy: 54.26%
2025-05-08 08:48:53,864 - INFO - Top-5 Accuracy: 74.67%
2025-05-08 08:48:53,865 - INFO - Fruits
2025-05-08 08:48:55,017 - INFO - ------------------Test Statistics---------------------
2025-05-08 08:48:55,017 - INFO - Top-1 Accuracy: 54.26%
2025-05-08 08:48:55,017 - INFO - Top-5 Accuracy: 74.67%
2025-05-08 08:48:55,018 - INFO - Vegetables
2025-05-08 08:48:56,181 - INFO - ------------------Test Statistics---------------------
2025-05-08 08:48:56,182 - INFO - Top-1 Accuracy: 54.26%
2025-05-08 08:48:56,182 - INFO - Top-5 Accuracy: 74.67%
