2025-05-06 20:36:20,863 - INFO - Nuts
2025-05-06 20:36:34,988 - INFO - Similarity matrix shape: torch.Size([6275, 50])
2025-05-06 20:36:34,995 - INFO - ------------------Predictions---------------------
2025-05-06 20:36:34,997 - INFO - [0 9 9 ... 9 9 9]
2025-05-06 20:36:35,055 - INFO - ------------------Test Statistics---------------------
2025-05-06 20:36:35,055 - INFO - Accuracy: 0.0000
2025-05-06 20:36:35,055 - INFO - Spices
2025-05-06 20:36:49,760 - INFO - Similarity matrix shape: torch.Size([6275, 50])
2025-05-06 20:36:49,761 - INFO - ------------------Predictions---------------------
2025-05-06 20:36:49,762 - INFO - [0 9 9 ... 9 9 9]
2025-05-06 20:36:49,773 - INFO - ------------------Test Statistics---------------------
2025-05-06 20:36:49,773 - INFO - Accuracy: 0.0000
2025-05-06 20:36:49,773 - INFO - Herbs
2025-05-06 20:37:01,378 - INFO - Similarity matrix shape: torch.Size([6275, 50])
2025-05-06 20:37:01,379 - INFO - ------------------Predictions---------------------
2025-05-06 20:37:01,379 - INFO - [0 9 9 ... 9 9 9]
2025-05-06 20:37:01,389 - INFO - ------------------Test Statistics---------------------
2025-05-06 20:37:01,389 - INFO - Accuracy: 0.0000
2025-05-06 20:37:01,389 - INFO - Fruits
2025-05-06 20:37:15,082 - INFO - Similarity matrix shape: torch.Size([6275, 50])
2025-05-06 20:37:15,082 - INFO - ------------------Predictions---------------------
2025-05-06 20:37:15,082 - INFO - [0 9 9 ... 9 9 9]
2025-05-06 20:37:15,092 - INFO - ------------------Test Statistics---------------------
2025-05-06 20:37:15,092 - INFO - Accuracy: 0.0000
2025-05-06 20:37:15,092 - INFO - Vegetables
2025-05-06 20:37:26,610 - INFO - Similarity matrix shape: torch.Size([6275, 50])
2025-05-06 20:37:26,610 - INFO - ------------------Predictions---------------------
2025-05-06 20:37:26,610 - INFO - [0 9 9 ... 9 9 9]
2025-05-06 20:37:26,620 - INFO - ------------------Test Statistics---------------------
2025-05-06 20:37:26,620 - INFO - Accuracy: 0.0000
