2025-05-07 13:17:30,717 - INFO - Nuts
2025-05-07 13:17:31,523 - INFO - Similarity matrix shape: torch.Size([10, 50])
2025-05-07 13:17:31,529 - INFO - ------------------Predictions---------------------
2025-05-07 13:17:31,529 - INFO - [41 49 37  9 35 38 15 38 45 11]
2025-05-07 13:17:31,571 - INFO - ------------------Test Statistics---------------------
2025-05-07 13:17:31,571 - INFO - Accuracy: 0.0000
2025-05-07 13:17:31,571 - INFO - Spices
2025-05-07 13:17:31,876 - INFO - Similarity matrix shape: torch.Size([10, 50])
2025-05-07 13:17:31,876 - INFO - ------------------Predictions---------------------
2025-05-07 13:17:31,877 - INFO - [20 31 14 20 20 20 20 18 45 23]
2025-05-07 13:17:31,880 - INFO - ------------------Test Statistics---------------------
2025-05-07 13:17:31,880 - INFO - Accuracy: 0.0000
2025-05-07 13:17:31,881 - INFO - Herbs
2025-05-07 13:17:32,165 - INFO - Similarity matrix shape: torch.Size([10, 50])
2025-05-07 13:17:32,165 - INFO - ------------------Predictions---------------------
2025-05-07 13:17:32,166 - INFO - [20 35 20 20 21 48 45 18 41 20]
2025-05-07 13:17:32,170 - INFO - ------------------Test Statistics---------------------
2025-05-07 13:17:32,170 - INFO - Accuracy: 0.0000
2025-05-07 13:17:32,170 - INFO - Fruits
2025-05-07 13:17:32,464 - INFO - Similarity matrix shape: torch.Size([10, 50])
2025-05-07 13:17:32,464 - INFO - ------------------Predictions---------------------
2025-05-07 13:17:32,465 - INFO - [20 45 45 45 25 20 20 20 45 20]
2025-05-07 13:17:32,469 - INFO - ------------------Test Statistics---------------------
2025-05-07 13:17:32,469 - INFO - Accuracy: 0.0000
2025-05-07 13:17:32,469 - INFO - Vegetables
2025-05-07 13:17:32,715 - INFO - Similarity matrix shape: torch.Size([10, 50])
2025-05-07 13:17:32,715 - INFO - ------------------Predictions---------------------
2025-05-07 13:17:32,716 - INFO - [10 47  8 16  9  5 41 20 12 45]
2025-05-07 13:17:32,720 - INFO - ------------------Test Statistics---------------------
2025-05-07 13:17:32,720 - INFO - Accuracy: 0.0000
