2025-05-07 13:49:19,948 - INFO - ------------------Transformer Contrastive Evaluation---------------------
2025-05-07 13:49:19,948 - INFO - Accuracy: 0.0000
2025-05-07 13:49:19,948 - INFO - Precision (macro): 0.0000
2025-05-07 13:49:19,948 - INFO - Recall (macro): 0.0000
2025-05-07 13:49:19,948 - INFO - F1-Score (macro): 0.0000
2025-05-07 13:49:19,948 - INFO - Confusion Matrix:
2025-05-07 13:49:19,948 - INFO - 
[[ 0  0  0  0  0  0  0  0  0  0  0 33  0  0  0  0]
 [ 0  0  0  0  0  0  0  0  0  0  0 11  0  0  0  0]
 [ 0  0  0  0  0  0  0  0  1  0  9  0  0  0  1  0]
 [ 0  0  3  0  0  0  0  0  0  3  0 16  0  0  0  0]
 [ 0  0  0  0  0  0  0  0  0  0  0  8  1  2  0  0]
 [ 0  0  0  0  0  0  0  0  0  0  0 21  0  0  0  0]
 [ 0  0  0  0  0  0  0  0  1  0  0 11  0  0  6  4]
 [ 0  0  0  0  0  0  0  0  0  0  0 11  0  0  0  0]
 [ 0  0  0  0  0  0  0  0  0  0  0  0  0  0  0  0]
 [ 0  0  0  0  0  0  0  0  0  0  0  0  0  0  0  0]
 [ 0  0  0  0  0  0  0  0  0  0  0  0  0  0  0  0]
 [ 0  0  0  0  0  0  0  0  0  0  0  0  0  0  0  0]
 [ 0  0  0  0  0  0  0  0  0  0  0  0  0  0  0  0]
 [ 0  0  0  0  0  0  0  0  0  0  0  0  0  0  0  0]
 [ 0  0  0  0  0  0  0  0  0  0  0  0  0  0  0  0]
 [ 0  0  0  0  0  0  0  0  0  0  0  0  0  0  0  0]]
