2025-05-05 22:01:51,165 - INFO - Epoch 1/1, Loss: 1.4271
2025-05-05 22:01:51,250 - INFO - Similarity matrix shape: torch.Size([6353, 50])
2025-05-05 22:01:51,257 - INFO - ------------------Predictions---------------------
2025-05-05 22:01:51,257 - INFO - [ 7  7  7 ... 11 11 11]
2025-05-05 22:01:51,276 - INFO - ------------------Test Statistics---------------------
2025-05-05 22:01:51,276 - INFO - Accuracy: 0.2789
2025-05-05 22:01:51,276 - INFO - Precision (macro): 0.1753
2025-05-05 22:01:51,276 - INFO - Recall (macro): 0.1706
2025-05-05 22:01:51,276 - INFO - F1-Score (macro): 0.1728
2025-05-05 22:01:51,276 - INFO - Confusion Matrix:
2025-05-05 22:01:51,277 - INFO - 
[[629   0   0   0   0   0   0   0   0   0   0   0   0   0   0   0   0]
 [  0 604   0   0   0   0   0   0   0   0   0   0   0   0   0   0   0]
 [  0   0 539   0   0   0  60   0   0   0   0   0   0   0   0   0   0]
 [  0   0   0   0   0   0   0   0   0   0   0   0   0   0   0   0   0]
 [  0   0   0   0   0   0   0   0   0   0   0   0   0   0   0   0   0]
 [  0   0   0  14 600   0   0   0   0   0   0   0   0   0   0   0   0]
 [  0   0   0   0   0   0   0   0   0   0   0   0   0   0   0   0   0]
 [  0   0   0   0   0   0   0   0 587   0   0   0   0   0   0   0   0]
 [  0   0   0   0   0   0   0   0   0   0   0   0   0   0   0   0   0]
 [  0   0   0   0   0   0   0   0   0   0   0   0   0   0   0   0   0]
 [  0   0   0   0   0   0  77   0   0 520   0   0   0   0   0   0   0]
 [  0   0   0   0   0   0   0   0   0   0   0   0   0   0   0   0   0]
 [  0   0   0   0   0   0   0   0   0   0   0   0   0   0   0   0 602]
 [  0   0   0   1   0   0   0   0   0   0   0   4   0   0 598   0   0]
 [  0   0   0   0   0   0   0   0   0   0   0   0   0   0   0   0   0]
 [  0   0   0   0   0   0   0   0   0   0   0   0   0 651   0   0   0]
 [  0   0  11   0   0   0 856   0   0   0   0   0   0   0   0   0   0]]
