2025-05-08 09:01:25,808 - INFO - Nuts
2025-05-08 09:01:27,375 - INFO - ------------------Test Statistics---------------------
2025-05-08 09:01:27,375 - INFO - Top-1 Accuracy: 86.68%
2025-05-08 09:01:27,375 - INFO - Top-5 Accuracy: 100.00%
2025-05-08 09:01:27,375 - INFO - Spices
2025-05-08 09:01:28,310 - INFO - ------------------Test Statistics---------------------
2025-05-08 09:01:28,311 - INFO - Top-1 Accuracy: 41.58%
2025-05-08 09:01:28,311 - INFO - Top-5 Accuracy: 51.04%
2025-05-08 09:01:28,311 - INFO - Herbs
2025-05-08 09:01:29,201 - INFO - ------------------Test Statistics---------------------
2025-05-08 09:01:29,202 - INFO - Top-1 Accuracy: 37.65%
2025-05-08 09:01:29,202 - INFO - Top-5 Accuracy: 61.62%
2025-05-08 09:01:29,202 - INFO - Fruits
2025-05-08 09:01:30,100 - INFO - ------------------Test Statistics---------------------
2025-05-08 09:01:30,101 - INFO - Top-1 Accuracy: 56.51%
2025-05-08 09:01:30,101 - INFO - Top-5 Accuracy: 70.15%
2025-05-08 09:01:30,101 - INFO - Vegetables
2025-05-08 09:01:31,020 - INFO - ------------------Test Statistics---------------------
2025-05-08 09:01:31,020 - INFO - Top-1 Accuracy: 75.17%
2025-05-08 09:01:31,020 - INFO - Top-5 Accuracy: 82.18%
