2025-05-07 16:23:27,844 - INFO - Nuts
2025-05-07 16:23:28,867 - INFO - ------------------Transformer Contrastive Evaluation---------------------
2025-05-07 16:23:28,867 - INFO - Accuracy: 0.0000
2025-05-07 16:23:28,867 - INFO - Precision (macro): 0.0000
2025-05-07 16:23:28,867 - INFO - Recall (macro): 0.0000
2025-05-07 16:23:28,867 - INFO - F1-Score (macro): 0.0000
2025-05-07 16:23:28,867 - INFO - Confusion Matrix:
2025-05-07 16:23:28,868 - INFO - 
[[ 0 11  0  0  0  0  0  0  0  0  0  0  0  0  0  0  0  0  0  0]
 [ 0  0  0  0  0  0  0  4  0  0  0  0  0  0  7  0  0  0  0  0]
 [ 0  0  0  0  0  0  0  0  0  0 10  0  0  0  0  0  0  0  0  0]
 [ 0  0  0  0  0  0  0  0  0  0  0  0  0 11  0  0  0  0  0  0]
 [ 0  0  0  0  0  0  0  0  0  0  0  1  2  0  7  0  0  0  0  0]
 [ 0  0  0  0  0  0  0  0  0  0  0  0  0  0  0 10  0  0  0  0]
 [ 0  0  0  0  0  0  0  0  0  0  0  0  4  0  0  0  7  0  0  0]
 [ 0  0  0  0  0  0  0  0  0  0  0  0  0  0  0  0  0 11  0  0]
 [ 0  0  0  0  0  0  0  0  0  0  0  0  0  0  0  0  0  0 12  0]
 [ 0  0  0  0  0  0  0  0  0  0  0  0  0  0  0  0  0  0  0 16]
 [ 0  0  0  0  0  0  0  0  0  0  0  0  0  0  0  0  0  0  0  0]
 [ 0  0  0  0  0  0  0  0  0  0  0  0  0  0  0  0  0  0  0  0]
 [ 0  0  0  0  0  0  0  0  0  0  0  0  0  0  0  0  0  0  0  0]
 [ 0  0  0  0  0  0  0  0  0  0  0  0  0  0  0  0  0  0  0  0]
 [ 0  0  0  0  0  0  0  0  0  0  0  0  0  0  0  0  0  0  0  0]
 [ 0  0  0  0  0  0  0  0  0  0  0  0  0  0  0  0  0  0  0  0]
 [ 0  0  0  0  0  0  0  0  0  0  0  0  0  0  0  0  0  0  0  0]
 [ 0  0  0  0  0  0  0  0  0  0  0  0  0  0  0  0  0  0  0  0]
 [ 0  0  0  0  0  0  0  0  0  0  0  0  0  0  0  0  0  0  0  0]
 [ 0  0  0  0  0  0  0  0  0  0  0  0  0  0  0  0  0  0  0  0]]
2025-05-07 16:23:28,868 - INFO - Spices
2025-05-07 16:23:29,312 - INFO - ------------------Transformer Contrastive Evaluation---------------------
2025-05-07 16:23:29,312 - INFO - Accuracy: 0.0000
2025-05-07 16:23:29,312 - INFO - Precision (macro): 0.0000
2025-05-07 16:23:29,312 - INFO - Recall (macro): 0.0000
2025-05-07 16:23:29,312 - INFO - F1-Score (macro): 0.0000
2025-05-07 16:23:29,312 - INFO - Confusion Matrix:
2025-05-07 16:23:29,313 - INFO - 
[[ 0  0  0  0  0  0  0  0  0  0  0  0  0 10  0  0  0]
 [ 0  0  0  0  0  0  0  0  0  0 11  0  0  0  0  0  0]
 [ 0  0  0  0  0  0  0  0  0  0  0  0  0  1  9  0  0]
 [ 0  0  0  0  0  0  0  0  0  0  0  0 11  0  0  0  0]
 [ 0  0  0  0  0  0  0  0  0  0  0  2  0  9  0  0  0]
 [ 0  0  0  0  0  0  0  0  0  0  0  0  0 10  0  0  0]
 [ 0  0  0  0  0  0  0  0  0  0  0  0  0  0  0 11  0]
 [ 0  0  0  0  0  0  0  0  0  0  0  0  0 10  0  0  0]
 [ 0  0  0  0  0  0  0  0  0  0  0  0  0  9  0  0  0]
 [ 0  0  7  0  0  0  0  0  0  0  0  0  0  0  0  0  4]
 [ 0  0  0  0  0  0  0  0  0  0  0  0  0  0  0  0  0]
 [ 0  0  0  0  0  0  0  0  0  0  0  0  0  0  0  0  0]
 [ 0  0  0  0  0  0  0  0  0  0  0  0  0  0  0  0  0]
 [ 0  0  0  0  0  0  0  0  0  0  0  0  0  0  0  0  0]
 [ 0  0  0  0  0  0  0  0  0  0  0  0  0  0  0  0  0]
 [ 0  0  0  0  0  0  0  0  0  0  0  0  0  0  0  0  0]
 [ 0  0  0  0  0  0  0  0  0  0  0  0  0  0  0  0  0]]
2025-05-07 16:23:29,313 - INFO - Herbs
2025-05-07 16:23:29,730 - INFO - ------------------Transformer Contrastive Evaluation---------------------
2025-05-07 16:23:29,730 - INFO - Accuracy: 0.0000
2025-05-07 16:23:29,730 - INFO - Precision (macro): 0.0000
2025-05-07 16:23:29,730 - INFO - Recall (macro): 0.0000
2025-05-07 16:23:29,730 - INFO - F1-Score (macro): 0.0000
2025-05-07 16:23:29,730 - INFO - Confusion Matrix:
2025-05-07 16:23:29,731 - INFO - 
[[ 0  0 10  0  0  0  0  0  0  0  0  0  0  2  0  0  0  0  0]
 [ 0  0  0  0 11  0  0  0  0  0  0  0  0  0  0  0  0  0  0]
 [ 0  0  0  0  0  0  2  0  0  0  2  1  0  0  4  0  2  0  0]
 [ 0  0  0  0  0  0  0  0  0  0  0  0 11  0  0  0  0  0  0]
 [ 0  0  0  0  0  0  0  0  0  0  0  0  0 10  0  0  0  0  0]
 [ 0  0  0  0  0  0  0  0  0  0  0  0 11  0  0  0  0  0  0]
 [ 0  0  4  0  0  0  0  0  0  0  0  0  0  0  0  1  0  5  0]
 [ 0  0  0  0  0  0  0  0  0  0  0  0 10  0  0  0  0  0  0]
 [ 0  0  0  0  0  0  0  0  0  0  0  0 10  0  0  0  0  0  0]
 [ 0  0  0  0  0  0  0  0  0  0  0  0  0  0  0  0  0  0 11]
 [ 0  0  0  0  0  0  0  0  0  0  0  0  0  0  0  0  0  0  0]
 [ 0  0  0  0  0  0  0  0  0  0  0  0  0  0  0  0  0  0  0]
 [ 0  0  0  0  0  0  0  0  0  0  0  0  0  0  0  0  0  0  0]
 [ 0  0  0  0  0  0  0  0  0  0  0  0  0  0  0  0  0  0  0]
 [ 0  0  0  0  0  0  0  0  0  0  0  0  0  0  0  0  0  0  0]
 [ 0  0  0  0  0  0  0  0  0  0  0  0  0  0  0  0  0  0  0]
 [ 0  0  0  0  0  0  0  0  0  0  0  0  0  0  0  0  0  0  0]
 [ 0  0  0  0  0  0  0  0  0  0  0  0  0  0  0  0  0  0  0]
 [ 0  0  0  0  0  0  0  0  0  0  0  0  0  0  0  0  0  0  0]]
2025-05-07 16:23:29,731 - INFO - Fruits
2025-05-07 16:23:30,103 - INFO - ------------------Transformer Contrastive Evaluation---------------------
2025-05-07 16:23:30,103 - INFO - Accuracy: 0.0000
2025-05-07 16:23:30,103 - INFO - Precision (macro): 0.0000
2025-05-07 16:23:30,103 - INFO - Recall (macro): 0.0000
2025-05-07 16:23:30,103 - INFO - F1-Score (macro): 0.0000
2025-05-07 16:23:30,103 - INFO - Confusion Matrix:
2025-05-07 16:23:30,103 - INFO - 
[[ 0  0  0  6  0  0  0  0  0  0  0  0  2  0  3  0]
 [ 0  0  0  0  0  0  0  0  0  0 10  0  0  0  0  0]
 [ 0  0  0  0  0  0  0  0  0  0  0 10  0  0  0  0]
 [ 0  0  0  0  0  0  0  0  0  0 10  0  0  0  0  0]
 [ 0  0  0  0  0  0  0  0  0  0 11  0  0  0  0  0]
 [ 0  0  0  0  0  0  0  0  0  0  0  0 11  0  0  0]
 [ 0  0  0  0  0  0  0  0  0  0  9  0  0  0  0  0]
 [ 0  0  0  0  0  0  0  0  0  0  0  0  0 11  0  0]
 [ 0  0  0  0  0  0  0  0  0  0 10  0  0  0  0  0]
 [ 0  0  0  0  0  0  0  0  0  0  0  0  0  0  0 12]
 [ 0  0  0  0  0  0  0  0  0  0  0  0  0  0  0  0]
 [ 0  0  0  0  0  0  0  0  0  0  0  0  0  0  0  0]
 [ 0  0  0  0  0  0  0  0  0  0  0  0  0  0  0  0]
 [ 0  0  0  0  0  0  0  0  0  0  0  0  0  0  0  0]
 [ 0  0  0  0  0  0  0  0  0  0  0  0  0  0  0  0]
 [ 0  0  0  0  0  0  0  0  0  0  0  0  0  0  0  0]]
2025-05-07 16:23:30,104 - INFO - Vegetables
2025-05-07 16:23:30,477 - INFO - ------------------Transformer Contrastive Evaluation---------------------
2025-05-07 16:23:30,477 - INFO - Accuracy: 0.0000
2025-05-07 16:23:30,477 - INFO - Precision (macro): 0.0000
2025-05-07 16:23:30,477 - INFO - Recall (macro): 0.0000
2025-05-07 16:23:30,477 - INFO - F1-Score (macro): 0.0000
2025-05-07 16:23:30,477 - INFO - Confusion Matrix:
2025-05-07 16:23:30,478 - INFO - 
[[ 0  0  0  0  4  0  6  0  0  0  0  0  0  0  0  0  0  0]
 [ 0  0  0  0  0  5  0  0  0  0  0  0  0  0  0  0  0  5]
 [ 0  0  0  0  0  0  0  0  8  0  0  0  1  0  0  0  0  0]
 [ 0  0  0  0  3  0  0  0  0  7  0  0  0  0  0  0  0  0]
 [ 0  0  0  0  0  0  0  0  0  0 12  0  0  0  0  0  0  0]
 [ 0  0  0  0  0  0  0  0  0  0  0 10  0  0  0  0  0  0]
 [ 0  0  0  0  0  0  0  0  0  0  0  0  0  1  9  0  0  0]
 [ 0  0  0  0  0  0  0  0  0  0  0  0  0  0  0 11  0  0]
 [ 0  0  0  0  0  0  0  0  0  0  0  0 10  0  0  0  0  0]
 [ 0  0  0  0  0  0  0  0  0  0  0  0  0  0  0  0 10  0]
 [ 0  0  0  0  0  0  0  0  0  0  0  0  0  0  0  0  0  0]
 [ 0  0  0  0  0  0  0  0  0  0  0  0  0  0  0  0  0  0]
 [ 0  0  0  0  0  0  0  0  0  0  0  0  0  0  0  0  0  0]
 [ 0  0  0  0  0  0  0  0  0  0  0  0  0  0  0  0  0  0]
 [ 0  0  0  0  0  0  0  0  0  0  0  0  0  0  0  0  0  0]
 [ 0  0  0  0  0  0  0  0  0  0  0  0  0  0  0  0  0  0]
 [ 0  0  0  0  0  0  0  0  0  0  0  0  0  0  0  0  0  0]
 [ 0  0  0  0  0  0  0  0  0  0  0  0  0  0  0  0  0  0]]
