2025-05-06 20:18:31,981 - INFO - Nuts
2025-05-06 20:18:45,870 - INFO - Similarity matrix shape: torch.Size([6353, 50])
2025-05-06 20:18:45,877 - INFO - ------------------Predictions---------------------
2025-05-06 20:18:45,880 - INFO - [ 7  7  7 ... 11 11 11]
2025-05-06 20:18:45,937 - INFO - ------------------Test Statistics---------------------
2025-05-06 20:18:45,937 - INFO - Accuracy: 0.2822
2025-05-06 20:18:45,937 - INFO - Precision (macro): 0.1496
2025-05-06 20:18:45,937 - INFO - Recall (macro): 0.1467
2025-05-06 20:18:45,937 - INFO - F1-Score (macro): 0.1482
2025-05-06 20:18:45,937 - INFO - Confusion Matrix:
2025-05-06 20:18:45,938 - INFO - 
[[629   0   0   0   0   0   0   0   0   0   0   0   0   0   0   0   0   0
    0   0]
 [  0 604   0   0   0   0   0   0   0   0   0   0   0   0   0   0   0   0
    0   0]
 [  0   0   0   0   0   0   0   0   0   0   0   0   0   0   0   0   0   0
    0   0]
 [  0   0   1 560   0   0   0   0  38   0   0   0   0   0   0   0   0   0
    0   0]
 [  0   0   0   0   0   0   0   0   0   0   0   0   0   0   0   0   0   0
    0   0]
 [  0   0   0   0   0   0   0   0   0   0   0   0   0   0   0   0   0   0
    0   0]
 [  0   0   0   0   1 613   0   0   0   0   0   0   0   0   0   0   0   0
    0   0]
 [  0   0   0   0   0   0   0   0   0   0   0   0   0   0   0   0   0   0
    0   0]
 [  0   0   0   0   0   0   0   0   0   0   0   0   0   0   0   0   0   0
    0   0]
 [  0   0   0   0   0   0   0   0   0   0 587   0   0   0   0   0   0   0
    0   0]
 [  0   0   0   0   0   0   0   0   0   0   0   0   0   0   0   0   0   0
    0   0]
 [  0   0   0   0   0   0   0   0   0   0   0   0   0   0   0   0   0   0
    0   0]
 [  0   0   0   0   0   0   0   0   0   0   0   0   0   0   0   0   0   0
    0   0]
 [  0   0   0   0   0   0   0 268   0   0   0   0 329   0   0   0   0   0
    0   0]
 [  0   0   0   0   0   0   0   0   0   0   0   0   0   0   0   0   0   0
    0   0]
 [  0   0   0   0   0   0   0   0   0   0   0   0   0   0   0   0   0   0
    0 602]
 [  0   0   0   0   0   0   0   0   0   0   0   0   0   0  83   0   0 520
    0   0]
 [  0   0   0   0   0   0   0   0   0   0   0   0   0   0   0   0   0   0
    0   0]
 [  0   0   0   0   0   0   0   0   0   0   0   0   0   0   0   0 651   0
    0   0]
 [  0   0   3   4   0   0   0   0 859   0   0   1   0   0   0   0   0   0
    0   0]]
2025-05-06 20:18:45,938 - INFO - Spices
2025-05-06 20:19:00,672 - INFO - Similarity matrix shape: torch.Size([5878, 50])
2025-05-06 20:19:00,673 - INFO - ------------------Predictions---------------------
2025-05-06 20:19:00,674 - INFO - [32 32 32 ... 32 32 32]
2025-05-06 20:19:00,684 - INFO - ------------------Test Statistics---------------------
2025-05-06 20:19:00,684 - INFO - Accuracy: 0.1785
2025-05-06 20:19:00,684 - INFO - Precision (macro): 0.0731
2025-05-06 20:19:00,684 - INFO - Recall (macro): 0.1137
2025-05-06 20:19:00,684 - INFO - F1-Score (macro): 0.0741
2025-05-06 20:19:00,684 - INFO - Confusion Matrix:
2025-05-06 20:19:00,685 - INFO - 
[[  0   0   0   0   0   0   0   0   0   0   0   0 584   0   0   0]
 [  0   0   0   0   0   0   0   0   0   0   0   0   0   0   0   0]
 [  0   0   0   0   0   0   0   0   0   0   0   0   0   0   0   0]
 [  0   0 602   0   0   0   0   0   0   0   0   0   0   0   0   0]
 [  0   0   0   0   0   0   0   0   0   0   0   0   0   0   0   0]
 [  0   0   0   0 310   2   0   2   0   0   0   0 263   0   0   0]
 [  0   0   0   0   0 324   0   0   0   1   4   0 286   0   0   0]
 [  0   0   0   0   0  50   0   0   0   0   0   0 554   0   0   0]
 [  0   0   0   0   0   0   0   0   0   0   0   0 586   0   0   0]
 [  0   0   0   0   0   0   0   0   0   0   0   0   0   0   0   0]
 [  0   0   0   0   0   0   0   0   0   0   0   0   0   0   0   0]
 [  0   0   0   0   0   0   0   0   0   0   0   0   0   0   0 607]
 [  0   0   0   0   0   0   0   0   0   0   0   0 557   0   0   0]
 [  0   0   0   0   0   0   0   0   0   0   0   0 545   0   0   0]
 [  0 111   0   0   0   0   0   0   0   0   0   0   0   0 490   0]
 [  0   0   0   0   0   0   0   0   0   0   0   0   0   0   0   0]]
2025-05-06 20:19:00,685 - INFO - Herbs
2025-05-06 20:19:12,358 - INFO - Similarity matrix shape: torch.Size([5949, 50])
2025-05-06 20:19:12,358 - INFO - ------------------Predictions---------------------
2025-05-06 20:19:12,359 - INFO - [32 32 32 ... 32 32 32]
2025-05-06 20:19:12,368 - INFO - ------------------Test Statistics---------------------
2025-05-06 20:19:12,368 - INFO - Accuracy: 0.2049
2025-05-06 20:19:12,369 - INFO - Precision (macro): 0.1763
2025-05-06 20:19:12,369 - INFO - Recall (macro): 0.1180
2025-05-06 20:19:12,369 - INFO - F1-Score (macro): 0.1183
2025-05-06 20:19:12,369 - INFO - Confusion Matrix:
2025-05-06 20:19:12,369 - INFO - 
[[657   0   0   0   0   0   0   0   0   0   0   0   0   0   0   0   0]
 [  0   0   0   0   0   0   0   0   0   0   0   0   0   0   0   0   0]
 [  0 609   0   0   0   0   0   0   0   0   0   0   0   0   0   0   0]
 [  0   0   0   0   0   0   0   0   0   0   0   0   0   0   0   0   0]
 [  0 381   0 247   4   0   0   0   0   0   0   0   0   0   0   0   0]
 [  0   0   0   0   0   0   0   0   0   0   0   0   0   0   0   0   0]
 [  0   0   0   0   0   0   0   0   0   0   0   0 604   0   0   0   0]
 [  0   0   0   0   0   0   0 558   0   0   0   0   0   0   0   0   0]
 [  0   0   0   0   0   0   0   0   0   0   0   0 606   0   0   0   0]
 [  0   0   0   0   0   0   0   0   0   0   0   0   0   0   0   0   0]
 [  2   0   0   0   0  69   0   0   0   4   0   0   0   0 204 286   0]
 [  0   0   0   0   0   0   0   0   0   0   0   0 562   0   0   0   0]
 [  0   0   0   0   0   0   0   0   0   0   0   0   0   0   0   0   0]
 [  0   0   0   0   0   0   0   0   0   0   0   0 554   0   0   0   0]
 [  0   0   0   0   0   0   0   0   0   0   0   0   0   0   0   0   0]
 [  0   0   0   0   0   0   0   0   0   0   0   0   0   0   0   0   0]
 [  0   0   0   0   0   0   0   0   0   0   0   0   0   0   0 602   0]]
2025-05-06 20:19:12,369 - INFO - Fruits
2025-05-06 20:19:26,135 - INFO - Similarity matrix shape: torch.Size([5923, 50])
2025-05-06 20:19:26,136 - INFO - ------------------Predictions---------------------
2025-05-06 20:19:26,137 - INFO - [32 32 32 ... 32 32 32]
2025-05-06 20:19:26,147 - INFO - ------------------Test Statistics---------------------
2025-05-06 20:19:26,148 - INFO - Accuracy: 0.1882
2025-05-06 20:19:26,148 - INFO - Precision (macro): 0.1538
2025-05-06 20:19:26,148 - INFO - Recall (macro): 0.1325
2025-05-06 20:19:26,148 - INFO - F1-Score (macro): 0.1415
2025-05-06 20:19:26,148 - INFO - Confusion Matrix:
2025-05-06 20:19:26,148 - INFO - 
[[438   0   0   0   7   0   0   0   0 161   0   0   0]
 [  0   0   0   0   0   0   0 565   0   0   0   0   0]
 [  0   0   0 560   0   0   0   0   0   0   0   0   0]
 [  0   0   0   0   0   0   0 584   0   0   0   0   0]
 [  0   0   0   0   0   0   0 615   0   0   0   0   0]
 [  0   0   0   0   0   0 611   0   0   0   0   0   0]
 [  0   0   0   0   0   0   0   0   0   0   0   0   0]
 [  0   0   0   0   0   0   0   0   0   0   0   0   0]
 [  0   0   0   0   0   0   0 525   0   0   0   0   0]
 [  0   0   0   0   0   0   0   0   0   0   0   0   0]
 [  0   0   0   0   0   0   0   0   0 600   0   0   0]
 [  0   0   0   0   0   0   0 580   0   0   0   0   0]
 [  0   0   0   0   0   0   0   0   0   0   0   0 677]]
2025-05-06 20:19:26,148 - INFO - Vegetables
2025-05-06 20:19:37,809 - INFO - Similarity matrix shape: torch.Size([5904, 50])
2025-05-06 20:19:37,809 - INFO - ------------------Predictions---------------------
2025-05-06 20:19:37,809 - INFO - [10 10 10 ... 40 40 40]
2025-05-06 20:19:37,820 - INFO - ------------------Test Statistics---------------------
2025-05-06 20:19:37,820 - INFO - Accuracy: 0.4527
2025-05-06 20:19:37,820 - INFO - Precision (macro): 0.3741
2025-05-06 20:19:37,820 - INFO - Recall (macro): 0.2767
2025-05-06 20:19:37,820 - INFO - F1-Score (macro): 0.2914
2025-05-06 20:19:37,820 - INFO - Confusion Matrix:
2025-05-06 20:19:37,820 - INFO - 
[[581   0   0   0   0   0   0   0   0   0   0   0   0   0   0   0]
 [  0 202   0   0   0   0   0   0   0   0   0   0   0   0   0 391]
 [  0   0  47   0   0   7   0 472   0   2   0   0   0   0   0   0]
 [  0   0   0 590   0   0   0   0   0   0   0   0   0   0   0   0]
 [  0   0   0   0 662   2   0   0   0   0   0   0   0   0   0   0]
 [  0   0   0   0   0 591   0   0   0   0   0   0   0   0   0   0]
 [  0   0   0   0   0   0   0   0   0   0   0   0   0   0   0   0]
 [  0   0   0   0   0   0   0   0   0   0   0   0   0   0   0   0]
 [  0   0   0   0   0   0   0   0   0   0   0   0   0   0   0   0]
 [  0   0   0   0   0   0   0   0   0   0   0   0   0   0   0   0]
 [  0   0   0   0   0   0   0   0   0   0   0   0   0   0   0   0]
 [  0   0   0   0   0   0   0   0   0   0   0   0   0   0   0   0]
 [  0   0   0   0   0   0   0   0   4   0 546   0   0   0   0   0]
 [  0   0   0   0   0   0   0   0   0   0   0 643   0   0   0   0]
 [  0   0   0   0   0   0   0 575   0   0   0   0   0   0   0   0]
 [  0   0   0   0   0   0 589   0   0   0   0   0   0   0   0   0]]
