2025-05-07 13:16:53,559 - INFO - Nuts
2025-05-07 13:16:54,341 - INFO - Similarity matrix shape: torch.Size([10, 50])
2025-05-07 13:16:54,347 - INFO - ------------------Predictions---------------------
2025-05-07 13:16:54,347 - INFO - [41 49 37  9 35 38 15 38 45 11]
2025-05-07 13:16:54,389 - INFO - ------------------Test Statistics---------------------
2025-05-07 13:16:54,389 - INFO - Accuracy: 0.0000
2025-05-07 13:16:54,389 - INFO - Spices
2025-05-07 13:16:54,695 - INFO - Similarity matrix shape: torch.Size([10, 50])
2025-05-07 13:16:54,696 - INFO - ------------------Predictions---------------------
2025-05-07 13:16:54,697 - INFO - [20 31 14 20 20 20 20 18 45 23]
2025-05-07 13:16:54,700 - INFO - ------------------Test Statistics---------------------
2025-05-07 13:16:54,700 - INFO - Accuracy: 0.0000
2025-05-07 13:16:54,700 - INFO - Herbs
2025-05-07 13:16:54,994 - INFO - Similarity matrix shape: torch.Size([10, 50])
2025-05-07 13:16:54,994 - INFO - ------------------Predictions---------------------
2025-05-07 13:16:54,995 - INFO - [20 35 20 20 21 48 45 18 41 20]
2025-05-07 13:16:54,998 - INFO - ------------------Test Statistics---------------------
2025-05-07 13:16:54,999 - INFO - Accuracy: 0.0000
2025-05-07 13:16:54,999 - INFO - Fruits
2025-05-07 13:16:55,294 - INFO - Similarity matrix shape: torch.Size([10, 50])
2025-05-07 13:16:55,294 - INFO - ------------------Predictions---------------------
2025-05-07 13:16:55,295 - INFO - [20 45 45 45 25 20 20 20 45 20]
2025-05-07 13:16:55,299 - INFO - ------------------Test Statistics---------------------
2025-05-07 13:16:55,299 - INFO - Accuracy: 0.0000
2025-05-07 13:16:55,299 - INFO - Vegetables
2025-05-07 13:16:55,583 - INFO - Similarity matrix shape: torch.Size([10, 50])
2025-05-07 13:16:55,583 - INFO - ------------------Predictions---------------------
2025-05-07 13:16:55,584 - INFO - [10 47  8 16  9  5 41 20 12 45]
2025-05-07 13:16:55,588 - INFO - ------------------Test Statistics---------------------
2025-05-07 13:16:55,588 - INFO - Accuracy: 0.0000
