2025-05-07 13:30:35,978 - INFO - Nuts
2025-05-07 13:30:36,951 - INFO - Similarity matrix shape: torch.Size([5588, 50])
2025-05-07 13:30:36,957 - INFO - ------------------Predictions---------------------
2025-05-07 13:30:36,957 - INFO - [11 35 35 ... 11 11 11]
2025-05-07 13:30:37,014 - INFO - ------------------Test Statistics---------------------
2025-05-07 13:30:37,014 - INFO - Accuracy: 0.4284
2025-05-07 13:30:37,014 - INFO - Spices
2025-05-07 13:30:37,521 - INFO - Similarity matrix shape: torch.Size([5178, 50])
2025-05-07 13:30:37,521 - INFO - ------------------Predictions---------------------
2025-05-07 13:30:37,521 - INFO - [16 16 16 ... 23 19 23]
2025-05-07 13:30:37,531 - INFO - ------------------Test Statistics---------------------
2025-05-07 13:30:37,531 - INFO - Accuracy: 0.4365
2025-05-07 13:30:37,531 - INFO - Herbs
2025-05-07 13:30:37,968 - INFO - Similarity matrix shape: torch.Size([5249, 50])
2025-05-07 13:30:37,968 - INFO - ------------------Predictions---------------------
2025-05-07 13:30:37,968 - INFO - [20 20 20 ... 33 33 30]
2025-05-07 13:30:37,978 - INFO - ------------------Test Statistics---------------------
2025-05-07 13:30:37,978 - INFO - Accuracy: 0.4393
2025-05-07 13:30:37,978 - INFO - Fruits
2025-05-07 13:30:38,413 - INFO - Similarity matrix shape: torch.Size([5210, 50])
2025-05-07 13:30:38,413 - INFO - ------------------Predictions---------------------
2025-05-07 13:30:38,414 - INFO - [ 6  6  6 ... 34 34 34]
2025-05-07 13:30:38,423 - INFO - ------------------Test Statistics---------------------
2025-05-07 13:30:38,423 - INFO - Accuracy: 0.4935
2025-05-07 13:30:38,423 - INFO - Vegetables
2025-05-07 13:30:38,858 - INFO - Similarity matrix shape: torch.Size([5191, 50])
2025-05-07 13:30:38,858 - INFO - ------------------Predictions---------------------
2025-05-07 13:30:38,858 - INFO - [47 47 47 ... 40 42 28]
2025-05-07 13:30:38,868 - INFO - ------------------Test Statistics---------------------
2025-05-07 13:30:38,868 - INFO - Accuracy: 0.3261
