2025-05-07 13:49:51,661 - INFO - Nuts
2025-05-07 13:49:53,119 - INFO - ------------------Transformer Contrastive Evaluation---------------------
2025-05-07 13:49:53,119 - INFO - Accuracy: 0.5782
2025-05-07 13:49:53,119 - INFO - Precision (macro): 0.5845
2025-05-07 13:49:53,119 - INFO - Recall (macro): 0.5623
2025-05-07 13:49:53,119 - INFO - F1-Score (macro): 0.5418
2025-05-07 13:49:53,119 - INFO - Confusion Matrix:
2025-05-07 13:49:53,120 - INFO - 
[[ 0  0  0 ...  0  0  0]
 [ 0 11  0 ...  0  0  0]
 [ 0  0 10 ...  0  0  0]
 ...
 [ 0  0  0 ... 10  0  0]
 [ 0  0  0 ...  0 11  0]
 [ 0  0  0 ...  0  0 16]]
2025-05-07 13:49:53,120 - INFO - Spices
2025-05-07 13:49:53,969 - INFO - ------------------Transformer Contrastive Evaluation---------------------
2025-05-07 13:49:53,969 - INFO - Accuracy: 0.5782
2025-05-07 13:49:53,969 - INFO - Precision (macro): 0.5845
2025-05-07 13:49:53,969 - INFO - Recall (macro): 0.5623
2025-05-07 13:49:53,969 - INFO - F1-Score (macro): 0.5418
2025-05-07 13:49:53,969 - INFO - Confusion Matrix:
2025-05-07 13:49:53,969 - INFO - 
[[ 0  0  0 ...  0  0  0]
 [ 0 11  0 ...  0  0  0]
 [ 0  0 10 ...  0  0  0]
 ...
 [ 0  0  0 ... 10  0  0]
 [ 0  0  0 ...  0 11  0]
 [ 0  0  0 ...  0  0 16]]
2025-05-07 13:49:53,969 - INFO - Herbs
2025-05-07 13:49:54,847 - INFO - ------------------Transformer Contrastive Evaluation---------------------
2025-05-07 13:49:54,847 - INFO - Accuracy: 0.5782
2025-05-07 13:49:54,847 - INFO - Precision (macro): 0.5845
2025-05-07 13:49:54,847 - INFO - Recall (macro): 0.5623
2025-05-07 13:49:54,848 - INFO - F1-Score (macro): 0.5418
2025-05-07 13:49:54,848 - INFO - Confusion Matrix:
2025-05-07 13:49:54,848 - INFO - 
[[ 0  0  0 ...  0  0  0]
 [ 0 11  0 ...  0  0  0]
 [ 0  0 10 ...  0  0  0]
 ...
 [ 0  0  0 ... 10  0  0]
 [ 0  0  0 ...  0 11  0]
 [ 0  0  0 ...  0  0 16]]
2025-05-07 13:49:54,848 - INFO - Fruits
2025-05-07 13:49:55,730 - INFO - ------------------Transformer Contrastive Evaluation---------------------
2025-05-07 13:49:55,731 - INFO - Accuracy: 0.5782
2025-05-07 13:49:55,731 - INFO - Precision (macro): 0.5845
2025-05-07 13:49:55,731 - INFO - Recall (macro): 0.5623
2025-05-07 13:49:55,731 - INFO - F1-Score (macro): 0.5418
2025-05-07 13:49:55,731 - INFO - Confusion Matrix:
2025-05-07 13:49:55,731 - INFO - 
[[ 0  0  0 ...  0  0  0]
 [ 0 11  0 ...  0  0  0]
 [ 0  0 10 ...  0  0  0]
 ...
 [ 0  0  0 ... 10  0  0]
 [ 0  0  0 ...  0 11  0]
 [ 0  0  0 ...  0  0 16]]
2025-05-07 13:49:55,731 - INFO - Vegetables
2025-05-07 13:49:56,565 - INFO - ------------------Transformer Contrastive Evaluation---------------------
2025-05-07 13:49:56,566 - INFO - Accuracy: 0.5782
2025-05-07 13:49:56,566 - INFO - Precision (macro): 0.5845
2025-05-07 13:49:56,566 - INFO - Recall (macro): 0.5623
2025-05-07 13:49:56,566 - INFO - F1-Score (macro): 0.5418
2025-05-07 13:49:56,566 - INFO - Confusion Matrix:
2025-05-07 13:49:56,566 - INFO - 
[[ 0  0  0 ...  0  0  0]
 [ 0 11  0 ...  0  0  0]
 [ 0  0 10 ...  0  0  0]
 ...
 [ 0  0  0 ... 10  0  0]
 [ 0  0  0 ...  0 11  0]
 [ 0  0  0 ...  0  0 16]]
