2025-05-06 16:08:26,284 - INFO - Nuts
2025-05-06 16:08:40,367 - INFO - Similarity matrix shape: torch.Size([6353, 50])
2025-05-06 16:08:40,372 - INFO - ------------------Predictions---------------------
2025-05-06 16:08:40,373 - INFO - [ 7  7  7 ... 11 11 11]
2025-05-06 16:08:40,426 - INFO - ------------------Test Statistics---------------------
2025-05-06 16:08:40,426 - INFO - Accuracy: 0.2836
2025-05-06 16:08:40,426 - INFO - Precision (macro): 0.1642
2025-05-06 16:08:40,426 - INFO - Recall (macro): 0.1639
2025-05-06 16:08:40,426 - INFO - F1-Score (macro): 0.1640
2025-05-06 16:08:40,426 - INFO - Confusion Matrix:
2025-05-06 16:08:40,427 - INFO - 
[[629   0   0   0   0   0   0   0   0   0   0   0   0   0   0   0   0   0]
 [  0 604   0   0   0   0   0   0   0   0   0   0   0   0   0   0   0   0]
 [  0   0   0   0   0   0   0   0   0   0   0   0   0   0   0   0   0   0]
 [  0   0   0 569   0   0   0  30   0   0   0   0   0   0   0   0   0   0]
 [  0   0   0   0   0   0   0   0   0   0   0   0   0   0   0   0   0   0]
 [  0   0   0   0   0   0   0   0   0   0   0   0   0   0   0   0   0   0]
 [  0   0   0   0   6 604   0   0   0   0   0   0   4   0   0   0   0   0]
 [  0   0   0   0   0   0   0   0   0   0   0   0   0   0   0   0   0   0]
 [  0   0   0   0   0   0   0   0   0 587   0   0   0   0   0   0   0   0]
 [  0   0   0   0   0   0   0   0   0   0   0   0   0   0   0   0   0   0]
 [  0   0   0   0   0   0   0   0   0   0   0   0   0   0   0   0   0   0]
 [  0  12   0   0   0   0   0   0   0   0 585   0   0   0   0   0   0   0]
 [  0   0   0   0   0   0   0   0   0   0   0   0   0   0   0   0   0   0]
 [  0   0   0   0   0   0   0   0   0   0   0   0   0   0   0   0   0 602]
 [  0   0   0   0   6   0   0   0   0   0   0   0 313   0   0 284   0   0]
 [  0   0   0   0   0   0   0   0   0   0   0   0   0   0   0   0   0   0]
 [  0   0   0   0   0   0   0   0   0   0   0   0   0   0 651   0   0   0]
 [  0   0   1  15   0   0   0 851   0   0   0   0   0   0   0   0   0   0]]
2025-05-06 16:08:40,427 - INFO - Spices
2025-05-06 16:08:55,123 - INFO - Similarity matrix shape: torch.Size([5878, 50])
2025-05-06 16:08:55,124 - INFO - ------------------Predictions---------------------
2025-05-06 16:08:55,124 - INFO - [32 32 32 ... 32 32 32]
2025-05-06 16:08:55,133 - INFO - ------------------Test Statistics---------------------
2025-05-06 16:08:55,133 - INFO - Accuracy: 0.1859
2025-05-06 16:08:55,133 - INFO - Precision (macro): 0.0777
2025-05-06 16:08:55,133 - INFO - Recall (macro): 0.1261
2025-05-06 16:08:55,133 - INFO - F1-Score (macro): 0.0817
2025-05-06 16:08:55,133 - INFO - Confusion Matrix:
2025-05-06 16:08:55,133 - INFO - 
[[  0   0   0   0   0   0   0   0   0   0 584   0   0   0   0]
 [  0   0   0   0   0   0   0   0   0   0   0   0   0   0   0]
 [  0   0   0   0   0   0   0   0   0   0   0   0   0   0   0]
 [  0   0 602   0   0   0   0   0   0   0   0   0   0   0   0]
 [  0   0   0   0   0   0   0   0   0   0   0   0   0   0   0]
 [  0   0   0   0 312   0   0   0   0   0 263   2   0   0   0]
 [  0   0   0   0   0 323   0   0   0   0 290   2   0   0   0]
 [  0   1   0   0   0  49   0   0   0   0 554   0   0   0   0]
 [  0   0   0   0   0   0   0   0   0   0 586   0   0   0   0]
 [  0   0   0   0   0   0   0   0   0   0   0   0   0   0 607]
 [  0   0   0   0   0   0   0   0   0   0 557   0   0   0   0]
 [  0   0   0   0   0   0   0   0   0   0   0   0   0   0   0]
 [  0   0   0   0   0   0   0   0   0   0 545   0   0   0   0]
 [  0  65   0   0   0   0   0   0   0   0   0   0   0 536   0]
 [  0   0   0   0   0   0   0   0   0   0   0   0   0   0   0]]
2025-05-06 16:08:55,133 - INFO - Herbs
2025-05-06 16:09:06,742 - INFO - Similarity matrix shape: torch.Size([5949, 50])
2025-05-06 16:09:06,742 - INFO - ------------------Predictions---------------------
2025-05-06 16:09:06,742 - INFO - [32 32 32 ... 32 32 32]
2025-05-06 16:09:06,752 - INFO - ------------------Test Statistics---------------------
2025-05-06 16:09:06,752 - INFO - Accuracy: 0.2140
2025-05-06 16:09:06,752 - INFO - Precision (macro): 0.1751
2025-05-06 16:09:06,752 - INFO - Recall (macro): 0.1230
2025-05-06 16:09:06,752 - INFO - F1-Score (macro): 0.1268
2025-05-06 16:09:06,752 - INFO - Confusion Matrix:
2025-05-06 16:09:06,752 - INFO - 
[[657   0   0   0   0   0   0   0   0   0   0   0   0   0   0   0   0]
 [  0   0   0   0   0   0   0   0   0   0   0   0   0   0   0   0   0]
 [  0   0   0   0   0   0   0   0   0   0   0   0   0   0   0   0   0]
 [  0   0 609   0   0   0   0   0   0   0   0   0   0   0   0   0   0]
 [  0   0   0   0   0   0   0   0   0   0   0   0   0   0   0   0   0]
 [  0   4 308   0 262  58   0   0   0   0   0   0   0   0   0   0   0]
 [  0   0   0   0   0   0   0   0   0   0   0   0   0   0   0   0   0]
 [  0   0   0   0   0   0   0   0   0   0   0   0 604   0   0   0   0]
 [  0   0   0   0   0   0   0   0 558   0   0   0   0   0   0   0   0]
 [  0   0   0   0   0   0   0   0   0   0   0   0 606   0   0   0   0]
 [ 16   0   0   2   0   0   9   0   0   0   0   0   0   0 213 325   0]
 [  0   0   0   0   0   0   0   0   0   0   0   0 562   0   0   0   0]
 [  0   0   0   0   0   0   0   0   0   0   0   0   0   0   0   0   0]
 [  0   0   0   0   0   0   0   0   0   0   0   0 554   0   0   0   0]
 [  0   0   0   0   0   0   0   0   0   0   0   0   0   0   0   0   0]
 [  0   0   0   0   0   0   0   0   0   0   0   0   0   0   0   0   0]
 [  0   0   0   0   0   0   0   0   0   0   0   0   0   0   0 602   0]]
2025-05-06 16:09:06,752 - INFO - Fruits
2025-05-06 16:09:20,375 - INFO - Similarity matrix shape: torch.Size([5923, 50])
2025-05-06 16:09:20,375 - INFO - ------------------Predictions---------------------
2025-05-06 16:09:20,375 - INFO - [32 32 32 ... 32 32 32]
2025-05-06 16:09:20,385 - INFO - ------------------Test Statistics---------------------
2025-05-06 16:09:20,385 - INFO - Accuracy: 0.1457
2025-05-06 16:09:20,385 - INFO - Precision (macro): 0.1538
2025-05-06 16:09:20,385 - INFO - Recall (macro): 0.1005
2025-05-06 16:09:20,385 - INFO - F1-Score (macro): 0.1131
2025-05-06 16:09:20,385 - INFO - Confusion Matrix:
2025-05-06 16:09:20,385 - INFO - 
[[186   0   0   0 284   0 136   0   0   0   0   0   0]
 [  0   0   0   0   0   0   0 565   0   0   0   0   0]
 [  0   0   0 560   0   0   0   0   0   0   0   0   0]
 [  0   0   0   0   0   0   0 584   0   0   0   0   0]
 [  0   0   0   0   0   0   0 615   0   0   0   0   0]
 [  0   0   0   0   0   0 611   0   0   0   0   0   0]
 [  0   0   0   0   0   0   0   0   0   0   0   0   0]
 [  0   0   0   0   0   0   0   0   0   0   0   0   0]
 [  0   0   0   0   0   0   0 525   0   0   0   0   0]
 [  0   0   0   0   0   0   0   0   0   0   0   0   0]
 [  0   0   0   0   0   0   0   0   0 600   0   0   0]
 [  0   0   0   0   0   0   0 580   0   0   0   0   0]
 [  0   0   0   0   0   0   0   0   0   0   0   0 677]]
2025-05-06 16:09:20,385 - INFO - Vegetables
2025-05-06 16:09:31,980 - INFO - Similarity matrix shape: torch.Size([5904, 50])
2025-05-06 16:09:31,980 - INFO - ------------------Predictions---------------------
2025-05-06 16:09:31,980 - INFO - [10 10 10 ... 40 40 40]
2025-05-06 16:09:31,990 - INFO - ------------------Test Statistics---------------------
2025-05-06 16:09:31,990 - INFO - Accuracy: 0.4712
2025-05-06 16:09:31,990 - INFO - Precision (macro): 0.3771
2025-05-06 16:09:31,990 - INFO - Recall (macro): 0.3100
2025-05-06 16:09:31,990 - INFO - F1-Score (macro): 0.3160
2025-05-06 16:09:31,990 - INFO - Confusion Matrix:
2025-05-06 16:09:31,990 - INFO - 
[[581   0   0   0   0   0   0   0   0   0   0   0   0   0   0]
 [  0 535   3   0   0   0   0   0   0   0   0   0   0   0  55]
 [  0   0  46   0   0   8   0 474   0   0   0   0   0   0   0]
 [  0   0   0 590   0   0   0   0   0   0   0   0   0   0   0]
 [  0   0   0   0 439 225   0   0   0   0   0   0   0   0   0]
 [  0   0   0   0   0 591   0   0   0   0   0   0   0   0   0]
 [  0   0   0   0   0   0   0   0   0   0   0   0   0   0   0]
 [  0   0   0   0   0   0   0   0   0   0   0   0   0   0   0]
 [  0   0   0   0   0   0   0   0   0   0   0   0   0   0   0]
 [  0   0   0   0   0   0   0   0   0   0   0   0   0   0   0]
 [  0   0   0   0   0   0   0   0   0   0   0   0   0   0   0]
 [  0   0   0   0   0   0   0   0  51 499   0   0   0   0   0]
 [  0   0   0   0   0   0   0   0   0   0 643   0   0   0   0]
 [  0   0   0   0   0   0   0 575   0   0   0   0   0   0   0]
 [  0   0   0   0   0   0 589   0   0   0   0   0   0   0   0]]
