2025-05-05 22:03:46,140 - INFO - Epoch 1/10, Loss: 1.4272
2025-05-05 22:04:04,482 - INFO - Epoch 2/10, Loss: 1.1573
2025-05-05 22:04:22,773 - INFO - Epoch 3/10, Loss: 1.1240
2025-05-05 22:04:41,406 - INFO - Epoch 4/10, Loss: 1.1086
2025-05-05 22:04:59,985 - INFO - Epoch 5/10, Loss: 1.1043
2025-05-05 22:05:18,776 - INFO - Epoch 6/10, Loss: 1.0957
2025-05-05 22:05:37,558 - INFO - Epoch 7/10, Loss: 1.0910
2025-05-05 22:05:56,246 - INFO - Epoch 8/10, Loss: 1.0871
2025-05-05 22:06:14,902 - INFO - Epoch 9/10, Loss: 1.0866
2025-05-05 22:06:33,178 - INFO - Epoch 10/10, Loss: 1.0815
2025-05-05 22:06:33,505 - INFO - Similarity matrix shape: torch.Size([30007, 50])
2025-05-05 22:06:33,511 - INFO - ------------------Predictions---------------------
2025-05-05 22:06:33,512 - INFO - [27 27 27 ... 27 27 27]
2025-05-05 22:06:33,549 - INFO - ------------------Test Statistics---------------------
2025-05-05 22:06:33,549 - INFO - Accuracy: 0.2678
2025-05-05 22:06:33,549 - INFO - Precision (macro): 0.2690
2025-05-05 22:06:33,549 - INFO - Recall (macro): 0.2627
2025-05-05 22:06:33,549 - INFO - F1-Score (macro): 0.2460
2025-05-05 22:06:33,549 - INFO - Confusion Matrix:
2025-05-05 22:06:33,549 - INFO - 
[[  0   0   0 ...   0   0   0]
 [  0 629   0 ...   0   0   0]
 [  0   0 657 ...   0   0   0]
 ...
 [  0   0   0 ...   0   0   0]
 [  0   0   0 ... 602   0   0]
 [  0   0   0 ...   0   0   0]]
