2025-05-06 20:30:50,857 - INFO - Nuts
2025-05-06 20:31:05,042 - INFO - Similarity matrix shape: torch.Size([6353, 50])
2025-05-06 20:31:05,048 - INFO - ------------------Predictions---------------------
2025-05-06 20:31:05,048 - INFO - [ 7  7  7 ... 11 11 11]
2025-05-06 20:31:05,102 - INFO - ------------------Test Statistics---------------------
2025-05-06 20:31:05,102 - INFO - Accuracy: 0.2822
2025-05-06 20:31:05,102 - INFO - Precision (macro): 0.1496
2025-05-06 20:31:05,102 - INFO - Recall (macro): 0.1467
2025-05-06 20:31:05,102 - INFO - F1-Score (macro): 0.1482
2025-05-06 20:31:05,102 - INFO - Confusion Matrix:
2025-05-06 20:31:05,103 - INFO - 
[[629   0   0   0   0   0   0   0   0   0   0   0   0   0   0   0   0   0
    0   0]
 [  0 604   0   0   0   0   0   0   0   0   0   0   0   0   0   0   0   0
    0   0]
 [  0   0   0   0   0   0   0   0   0   0   0   0   0   0   0   0   0   0
    0   0]
 [  0   0   1 560   0   0   0   0  38   0   0   0   0   0   0   0   0   0
    0   0]
 [  0   0   0   0   0   0   0   0   0   0   0   0   0   0   0   0   0   0
    0   0]
 [  0   0   0   0   0   0   0   0   0   0   0   0   0   0   0   0   0   0
    0   0]
 [  0   0   0   0   1 613   0   0   0   0   0   0   0   0   0   0   0   0
    0   0]
 [  0   0   0   0   0   0   0   0   0   0   0   0   0   0   0   0   0   0
    0   0]
 [  0   0   0   0   0   0   0   0   0   0   0   0   0   0   0   0   0   0
    0   0]
 [  0   0   0   0   0   0   0   0   0   0 587   0   0   0   0   0   0   0
    0   0]
 [  0   0   0   0   0   0   0   0   0   0   0   0   0   0   0   0   0   0
    0   0]
 [  0   0   0   0   0   0   0   0   0   0   0   0   0   0   0   0   0   0
    0   0]
 [  0   0   0   0   0   0   0   0   0   0   0   0   0   0   0   0   0   0
    0   0]
 [  0   0   0   0   0   0   0 268   0   0   0   0 329   0   0   0   0   0
    0   0]
 [  0   0   0   0   0   0   0   0   0   0   0   0   0   0   0   0   0   0
    0   0]
 [  0   0   0   0   0   0   0   0   0   0   0   0   0   0   0   0   0   0
    0 602]
 [  0   0   0   0   0   0   0   0   0   0   0   0   0   0  83   0   0 520
    0   0]
 [  0   0   0   0   0   0   0   0   0   0   0   0   0   0   0   0   0   0
    0   0]
 [  0   0   0   0   0   0   0   0   0   0   0   0   0   0   0   0 651   0
    0   0]
 [  0   0   3   4   0   0   0   0 859   0   0   1   0   0   0   0   0   0
    0   0]]
