2025-05-07 13:36:28,860 - INFO - ------------------Transformer Contrastive Evaluation---------------------
2025-05-07 13:36:28,860 - INFO - Accuracy: 0.0000
2025-05-07 13:36:28,860 - INFO - Precision (macro): 0.0000
2025-05-07 13:36:28,860 - INFO - Recall (macro): 0.0000
2025-05-07 13:36:28,860 - INFO - F1-Score (macro): 0.0000
2025-05-07 13:36:28,860 - INFO - Confusion Matrix:
2025-05-07 13:36:28,861 - INFO - 
[[ 0  0  0  0  0  0  0  0  0  0  0  0 27  0  0  0  0]
 [ 0  0  0  0  0  0  0  0  0  0  0  0  9  0  0  0  0]
 [ 0  0  0  0  0  0  0  0  1  0  1  0  0  0  7  0  0]
 [ 0  0  0  0  0  0  0  0  0  0  0  2 14  1  0  0  1]
 [ 0  0  0  0  0  0  0  0  0  0  0  0  8  0  0  0  1]
 [ 0  0  0  0  0  0  0  0  0  0  0  0 18  0  0  0  0]
 [ 0  0  0  0  0  0  0  0  0  3  0  0  9  0  0  6  0]
 [ 0  0  0  0  0  0  0  0  0  0  0  0  9  0  0  0  0]
 [ 0  0  0  0  0  0  0  0  0  0  0  0  0  0  0  0  0]
 [ 0  0  0  0  0  0  0  0  0  0  0  0  0  0  0  0  0]
 [ 0  0  0  0  0  0  0  0  0  0  0  0  0  0  0  0  0]
 [ 0  0  0  0  0  0  0  0  0  0  0  0  0  0  0  0  0]
 [ 0  0  0  0  0  0  0  0  0  0  0  0  0  0  0  0  0]
 [ 0  0  0  0  0  0  0  0  0  0  0  0  0  0  0  0  0]
 [ 0  0  0  0  0  0  0  0  0  0  0  0  0  0  0  0  0]
 [ 0  0  0  0  0  0  0  0  0  0  0  0  0  0  0  0  0]
 [ 0  0  0  0  0  0  0  0  0  0  0  0  0  0  0  0  0]]
