2025-05-08 09:11:06,788 - INFO - Nuts
2025-05-08 09:11:07,857 - INFO - ------------------Test Statistics---------------------
2025-05-08 09:11:07,857 - INFO - Top-1 Accuracy: 33.76%
2025-05-08 09:11:07,857 - INFO - Top-5 Accuracy: 79.90%
2025-05-08 09:11:07,857 - INFO - Spices
2025-05-08 09:11:08,389 - INFO - ------------------Test Statistics---------------------
2025-05-08 09:11:08,389 - INFO - Top-1 Accuracy: 44.23%
2025-05-08 09:11:08,389 - INFO - Top-5 Accuracy: 86.33%
2025-05-08 09:11:08,389 - INFO - Herbs
2025-05-08 09:11:08,835 - INFO - ------------------Test Statistics---------------------
2025-05-08 09:11:08,835 - INFO - Top-1 Accuracy: 35.28%
2025-05-08 09:11:08,835 - INFO - Top-5 Accuracy: 81.00%
2025-05-08 09:11:08,835 - INFO - Fruits
2025-05-08 09:11:09,282 - INFO - ------------------Test Statistics---------------------
2025-05-08 09:11:09,282 - INFO - Top-1 Accuracy: 43.17%
2025-05-08 09:11:09,282 - INFO - Top-5 Accuracy: 85.76%
2025-05-08 09:11:09,282 - INFO - Vegetables
2025-05-08 09:11:09,724 - INFO - ------------------Test Statistics---------------------
2025-05-08 09:11:09,724 - INFO - Top-1 Accuracy: 28.66%
2025-05-08 09:11:09,724 - INFO - Top-5 Accuracy: 79.99%
