2025-05-07 10:50:19,389 - INFO - Epoch 1/200, Loss: 0.0022
2025-05-07 10:50:19,394 - INFO - Epoch 2/200, Loss: 0.0019
2025-05-07 10:50:19,399 - INFO - Epoch 3/200, Loss: 0.0020
2025-05-07 10:50:19,403 - INFO - Epoch 4/200, Loss: 0.0019
2025-05-07 10:50:19,408 - INFO - Epoch 5/200, Loss: 0.0018
2025-05-07 10:50:19,412 - INFO - Epoch 6/200, Loss: 0.0016
2025-05-07 10:50:19,417 - INFO - Epoch 7/200, Loss: 0.0019
2025-05-07 10:50:19,421 - INFO - Epoch 8/200, Loss: 0.0015
2025-05-07 10:50:19,426 - INFO - Epoch 9/200, Loss: 0.0017
2025-05-07 10:50:19,430 - INFO - Epoch 10/200, Loss: 0.0016
2025-05-07 10:50:19,435 - INFO - Epoch 11/200, Loss: 0.0016
2025-05-07 10:50:19,439 - INFO - Epoch 12/200, Loss: 0.0016
2025-05-07 10:50:19,443 - INFO - Epoch 13/200, Loss: 0.0015
2025-05-07 10:50:19,448 - INFO - Epoch 14/200, Loss: 0.0014
2025-05-07 10:50:19,452 - INFO - Epoch 15/200, Loss: 0.0015
2025-05-07 10:50:19,457 - INFO - Epoch 16/200, Loss: 0.0015
2025-05-07 10:50:19,461 - INFO - Epoch 17/200, Loss: 0.0015
2025-05-07 10:50:19,466 - INFO - Epoch 18/200, Loss: 0.0015
2025-05-07 10:50:19,470 - INFO - Epoch 19/200, Loss: 0.0015
2025-05-07 10:50:19,475 - INFO - Epoch 20/200, Loss: 0.0015
2025-05-07 10:50:19,479 - INFO - Epoch 21/200, Loss: 0.0015
2025-05-07 10:50:19,484 - INFO - Epoch 22/200, Loss: 0.0015
2025-05-07 10:50:19,488 - INFO - Epoch 23/200, Loss: 0.0015
2025-05-07 10:50:19,493 - INFO - Epoch 24/200, Loss: 0.0014
2025-05-07 10:50:19,497 - INFO - Epoch 25/200, Loss: 0.0014
2025-05-07 10:50:19,501 - INFO - Epoch 26/200, Loss: 0.0015
2025-05-07 10:50:19,506 - INFO - Epoch 27/200, Loss: 0.0015
2025-05-07 10:50:19,510 - INFO - Epoch 28/200, Loss: 0.0014
2025-05-07 10:50:19,515 - INFO - Epoch 29/200, Loss: 0.0015
2025-05-07 10:50:19,519 - INFO - Epoch 30/200, Loss: 0.0014
2025-05-07 10:50:19,524 - INFO - Epoch 31/200, Loss: 0.0014
2025-05-07 10:50:19,528 - INFO - Epoch 32/200, Loss: 0.0015
2025-05-07 10:50:19,533 - INFO - Epoch 33/200, Loss: 0.0014
2025-05-07 10:50:19,537 - INFO - Epoch 34/200, Loss: 0.0014
2025-05-07 10:50:19,542 - INFO - Epoch 35/200, Loss: 0.0014
2025-05-07 10:50:19,546 - INFO - Epoch 36/200, Loss: 0.0015
2025-05-07 10:50:19,550 - INFO - Epoch 37/200, Loss: 0.0014
2025-05-07 10:50:19,555 - INFO - Epoch 38/200, Loss: 0.0015
2025-05-07 10:50:19,559 - INFO - Epoch 39/200, Loss: 0.0015
2025-05-07 10:50:19,564 - INFO - Epoch 40/200, Loss: 0.0014
2025-05-07 10:50:19,568 - INFO - Epoch 41/200, Loss: 0.0014
2025-05-07 10:50:19,573 - INFO - Epoch 42/200, Loss: 0.0014
2025-05-07 10:50:19,577 - INFO - Epoch 43/200, Loss: 0.0014
2025-05-07 10:50:19,582 - INFO - Epoch 44/200, Loss: 0.0014
2025-05-07 10:50:19,586 - INFO - Epoch 45/200, Loss: 0.0014
2025-05-07 10:50:19,590 - INFO - Epoch 46/200, Loss: 0.0014
2025-05-07 10:50:19,595 - INFO - Epoch 47/200, Loss: 0.0014
2025-05-07 10:50:19,599 - INFO - Epoch 48/200, Loss: 0.0014
2025-05-07 10:50:19,604 - INFO - Epoch 49/200, Loss: 0.0014
2025-05-07 10:50:19,608 - INFO - Epoch 50/200, Loss: 0.0014
2025-05-07 10:50:19,613 - INFO - Epoch 51/200, Loss: 0.0014
2025-05-07 10:50:19,617 - INFO - Epoch 52/200, Loss: 0.0014
2025-05-07 10:50:19,622 - INFO - Epoch 53/200, Loss: 0.0014
2025-05-07 10:50:19,626 - INFO - Epoch 54/200, Loss: 0.0014
2025-05-07 10:50:19,631 - INFO - Epoch 55/200, Loss: 0.0014
2025-05-07 10:50:19,635 - INFO - Epoch 56/200, Loss: 0.0014
2025-05-07 10:50:19,639 - INFO - Epoch 57/200, Loss: 0.0014
2025-05-07 10:50:19,644 - INFO - Epoch 58/200, Loss: 0.0015
2025-05-07 10:50:19,648 - INFO - Epoch 59/200, Loss: 0.0014
2025-05-07 10:50:19,653 - INFO - Epoch 60/200, Loss: 0.0014
2025-05-07 10:50:19,657 - INFO - Epoch 61/200, Loss: 0.0014
2025-05-07 10:50:19,662 - INFO - Epoch 62/200, Loss: 0.0014
2025-05-07 10:50:19,666 - INFO - Epoch 63/200, Loss: 0.0014
2025-05-07 10:50:19,671 - INFO - Epoch 64/200, Loss: 0.0014
2025-05-07 10:50:19,675 - INFO - Epoch 65/200, Loss: 0.0014
2025-05-07 10:50:19,679 - INFO - Epoch 66/200, Loss: 0.0014
2025-05-07 10:50:19,684 - INFO - Epoch 67/200, Loss: 0.0014
2025-05-07 10:50:19,688 - INFO - Epoch 68/200, Loss: 0.0014
2025-05-07 10:50:19,693 - INFO - Epoch 69/200, Loss: 0.0014
2025-05-07 10:50:19,697 - INFO - Epoch 70/200, Loss: 0.0014
2025-05-07 10:50:19,702 - INFO - Epoch 71/200, Loss: 0.0014
2025-05-07 10:50:19,706 - INFO - Epoch 72/200, Loss: 0.0014
2025-05-07 10:50:19,711 - INFO - Epoch 73/200, Loss: 0.0014
2025-05-07 10:50:19,715 - INFO - Epoch 74/200, Loss: 0.0014
2025-05-07 10:50:19,719 - INFO - Epoch 75/200, Loss: 0.0014
2025-05-07 10:50:19,724 - INFO - Epoch 76/200, Loss: 0.0014
2025-05-07 10:50:19,728 - INFO - Epoch 77/200, Loss: 0.0014
2025-05-07 10:50:19,733 - INFO - Epoch 78/200, Loss: 0.0014
2025-05-07 10:50:19,737 - INFO - Epoch 79/200, Loss: 0.0014
2025-05-07 10:50:19,742 - INFO - Epoch 80/200, Loss: 0.0014
2025-05-07 10:50:19,746 - INFO - Epoch 81/200, Loss: 0.0014
2025-05-07 10:50:19,750 - INFO - Epoch 82/200, Loss: 0.0013
2025-05-07 10:50:19,755 - INFO - Epoch 83/200, Loss: 0.0014
2025-05-07 10:50:19,759 - INFO - Epoch 84/200, Loss: 0.0013
2025-05-07 10:50:19,764 - INFO - Epoch 85/200, Loss: 0.0014
2025-05-07 10:50:19,768 - INFO - Epoch 86/200, Loss: 0.0014
2025-05-07 10:50:19,773 - INFO - Epoch 87/200, Loss: 0.0014
2025-05-07 10:50:19,777 - INFO - Epoch 88/200, Loss: 0.0014
2025-05-07 10:50:19,782 - INFO - Epoch 89/200, Loss: 0.0014
2025-05-07 10:50:19,786 - INFO - Epoch 90/200, Loss: 0.0014
2025-05-07 10:50:19,790 - INFO - Epoch 91/200, Loss: 0.0014
2025-05-07 10:50:19,795 - INFO - Epoch 92/200, Loss: 0.0014
2025-05-07 10:50:19,799 - INFO - Epoch 93/200, Loss: 0.0014
2025-05-07 10:50:19,804 - INFO - Epoch 94/200, Loss: 0.0014
2025-05-07 10:50:19,808 - INFO - Epoch 95/200, Loss: 0.0014
2025-05-07 10:50:19,813 - INFO - Epoch 96/200, Loss: 0.0013
2025-05-07 10:50:19,817 - INFO - Epoch 97/200, Loss: 0.0013
2025-05-07 10:50:19,822 - INFO - Epoch 98/200, Loss: 0.0014
2025-05-07 10:50:19,826 - INFO - Epoch 99/200, Loss: 0.0013
2025-05-07 10:50:19,830 - INFO - Epoch 100/200, Loss: 0.0013
2025-05-07 10:50:19,835 - INFO - Epoch 101/200, Loss: 0.0013
2025-05-07 10:50:19,839 - INFO - Epoch 102/200, Loss: 0.0014
2025-05-07 10:50:19,844 - INFO - Epoch 103/200, Loss: 0.0014
2025-05-07 10:50:19,848 - INFO - Epoch 104/200, Loss: 0.0013
2025-05-07 10:50:19,853 - INFO - Epoch 105/200, Loss: 0.0014
2025-05-07 10:50:19,857 - INFO - Epoch 106/200, Loss: 0.0013
2025-05-07 10:50:19,862 - INFO - Epoch 107/200, Loss: 0.0014
2025-05-07 10:50:19,866 - INFO - Epoch 108/200, Loss: 0.0014
2025-05-07 10:50:19,870 - INFO - Epoch 109/200, Loss: 0.0013
2025-05-07 10:50:19,875 - INFO - Epoch 110/200, Loss: 0.0014
2025-05-07 10:50:19,879 - INFO - Epoch 111/200, Loss: 0.0014
2025-05-07 10:50:19,884 - INFO - Epoch 112/200, Loss: 0.0014
2025-05-07 10:50:19,888 - INFO - Epoch 113/200, Loss: 0.0013
2025-05-07 10:50:19,893 - INFO - Epoch 114/200, Loss: 0.0014
2025-05-07 10:50:19,897 - INFO - Epoch 115/200, Loss: 0.0014
2025-05-07 10:50:19,902 - INFO - Epoch 116/200, Loss: 0.0013
2025-05-07 10:50:19,906 - INFO - Epoch 117/200, Loss: 0.0013
2025-05-07 10:50:19,910 - INFO - Epoch 118/200, Loss: 0.0014
2025-05-07 10:50:19,915 - INFO - Epoch 119/200, Loss: 0.0013
2025-05-07 10:50:19,919 - INFO - Epoch 120/200, Loss: 0.0014
2025-05-07 10:50:19,924 - INFO - Epoch 121/200, Loss: 0.0014
2025-05-07 10:50:19,928 - INFO - Epoch 122/200, Loss: 0.0013
2025-05-07 10:50:19,933 - INFO - Epoch 123/200, Loss: 0.0012
2025-05-07 10:50:19,937 - INFO - Epoch 124/200, Loss: 0.0014
2025-05-07 10:50:19,942 - INFO - Epoch 125/200, Loss: 0.0013
2025-05-07 10:50:19,946 - INFO - Epoch 126/200, Loss: 0.0013
2025-05-07 10:50:19,950 - INFO - Epoch 127/200, Loss: 0.0014
2025-05-07 10:50:19,955 - INFO - Epoch 128/200, Loss: 0.0014
2025-05-07 10:50:19,959 - INFO - Epoch 129/200, Loss: 0.0013
2025-05-07 10:50:19,964 - INFO - Epoch 130/200, Loss: 0.0014
2025-05-07 10:50:19,968 - INFO - Epoch 131/200, Loss: 0.0013
2025-05-07 10:50:19,973 - INFO - Epoch 132/200, Loss: 0.0013
2025-05-07 10:50:19,977 - INFO - Epoch 133/200, Loss: 0.0013
2025-05-07 10:50:19,982 - INFO - Epoch 134/200, Loss: 0.0013
2025-05-07 10:50:19,986 - INFO - Epoch 135/200, Loss: 0.0013
2025-05-07 10:50:19,990 - INFO - Epoch 136/200, Loss: 0.0013
2025-05-07 10:50:19,995 - INFO - Epoch 137/200, Loss: 0.0013
2025-05-07 10:50:19,999 - INFO - Epoch 138/200, Loss: 0.0014
2025-05-07 10:50:20,004 - INFO - Epoch 139/200, Loss: 0.0013
2025-05-07 10:50:20,008 - INFO - Epoch 140/200, Loss: 0.0013
2025-05-07 10:50:20,013 - INFO - Epoch 141/200, Loss: 0.0013
2025-05-07 10:50:20,017 - INFO - Epoch 142/200, Loss: 0.0013
2025-05-07 10:50:20,022 - INFO - Epoch 143/200, Loss: 0.0013
2025-05-07 10:50:20,026 - INFO - Epoch 144/200, Loss: 0.0013
2025-05-07 10:50:20,031 - INFO - Epoch 145/200, Loss: 0.0013
2025-05-07 10:50:20,035 - INFO - Epoch 146/200, Loss: 0.0013
2025-05-07 10:50:20,039 - INFO - Epoch 147/200, Loss: 0.0013
2025-05-07 10:50:20,044 - INFO - Epoch 148/200, Loss: 0.0014
2025-05-07 10:50:20,048 - INFO - Epoch 149/200, Loss: 0.0013
2025-05-07 10:50:20,053 - INFO - Epoch 150/200, Loss: 0.0013
2025-05-07 10:50:20,057 - INFO - Epoch 151/200, Loss: 0.0013
2025-05-07 10:50:20,062 - INFO - Epoch 152/200, Loss: 0.0013
2025-05-07 10:50:20,066 - INFO - Epoch 153/200, Loss: 0.0013
2025-05-07 10:50:20,071 - INFO - Epoch 154/200, Loss: 0.0013
2025-05-07 10:50:20,075 - INFO - Epoch 155/200, Loss: 0.0013
2025-05-07 10:50:20,079 - INFO - Epoch 156/200, Loss: 0.0013
2025-05-07 10:50:20,084 - INFO - Epoch 157/200, Loss: 0.0013
2025-05-07 10:50:20,088 - INFO - Epoch 158/200, Loss: 0.0014
2025-05-07 10:50:20,093 - INFO - Epoch 159/200, Loss: 0.0014
2025-05-07 10:50:20,097 - INFO - Epoch 160/200, Loss: 0.0014
2025-05-07 10:50:20,102 - INFO - Epoch 161/200, Loss: 0.0014
2025-05-07 10:50:20,106 - INFO - Epoch 162/200, Loss: 0.0013
2025-05-07 10:50:20,111 - INFO - Epoch 163/200, Loss: 0.0013
2025-05-07 10:50:20,115 - INFO - Epoch 164/200, Loss: 0.0012
2025-05-07 10:50:20,120 - INFO - Epoch 165/200, Loss: 0.0012
2025-05-07 10:50:20,124 - INFO - Epoch 166/200, Loss: 0.0013
2025-05-07 10:50:20,128 - INFO - Epoch 167/200, Loss: 0.0012
2025-05-07 10:50:20,133 - INFO - Epoch 168/200, Loss: 0.0013
2025-05-07 10:50:20,137 - INFO - Epoch 169/200, Loss: 0.0013
2025-05-07 10:50:20,142 - INFO - Epoch 170/200, Loss: 0.0014
2025-05-07 10:50:20,146 - INFO - Epoch 171/200, Loss: 0.0012
2025-05-07 10:50:20,151 - INFO - Epoch 172/200, Loss: 0.0013
2025-05-07 10:50:20,155 - INFO - Epoch 173/200, Loss: 0.0013
2025-05-07 10:50:20,159 - INFO - Epoch 174/200, Loss: 0.0013
2025-05-07 10:50:20,164 - INFO - Epoch 175/200, Loss: 0.0013
2025-05-07 10:50:20,168 - INFO - Epoch 176/200, Loss: 0.0014
2025-05-07 10:50:20,173 - INFO - Epoch 177/200, Loss: 0.0013
2025-05-07 10:50:20,177 - INFO - Epoch 178/200, Loss: 0.0013
2025-05-07 10:50:20,182 - INFO - Epoch 179/200, Loss: 0.0012
2025-05-07 10:50:20,186 - INFO - Epoch 180/200, Loss: 0.0013
2025-05-07 10:50:20,191 - INFO - Epoch 181/200, Loss: 0.0012
2025-05-07 10:50:20,195 - INFO - Epoch 182/200, Loss: 0.0013
2025-05-07 10:50:20,199 - INFO - Epoch 183/200, Loss: 0.0013
2025-05-07 10:50:20,204 - INFO - Epoch 184/200, Loss: 0.0013
2025-05-07 10:50:20,208 - INFO - Epoch 185/200, Loss: 0.0012
2025-05-07 10:50:20,213 - INFO - Epoch 186/200, Loss: 0.0013
2025-05-07 10:50:20,217 - INFO - Epoch 187/200, Loss: 0.0012
2025-05-07 10:50:20,222 - INFO - Epoch 188/200, Loss: 0.0013
2025-05-07 10:50:20,226 - INFO - Epoch 189/200, Loss: 0.0013
2025-05-07 10:50:20,231 - INFO - Epoch 190/200, Loss: 0.0012
2025-05-07 10:50:20,235 - INFO - Epoch 191/200, Loss: 0.0013
2025-05-07 10:50:20,239 - INFO - Epoch 192/200, Loss: 0.0012
2025-05-07 10:50:20,244 - INFO - Epoch 193/200, Loss: 0.0012
2025-05-07 10:50:20,248 - INFO - Epoch 194/200, Loss: 0.0013
2025-05-07 10:50:20,253 - INFO - Epoch 195/200, Loss: 0.0013
2025-05-07 10:50:20,257 - INFO - Epoch 196/200, Loss: 0.0013
2025-05-07 10:50:20,262 - INFO - Epoch 197/200, Loss: 0.0013
2025-05-07 10:50:20,266 - INFO - Epoch 198/200, Loss: 0.0012
2025-05-07 10:50:20,271 - INFO - Epoch 199/200, Loss: 0.0012
2025-05-07 10:50:20,275 - INFO - Epoch 200/200, Loss: 0.0012
2025-05-07 10:50:20,300 - INFO - Similarity matrix shape: torch.Size([27606, 50])
2025-05-07 10:50:20,306 - INFO - ------------------Predictions---------------------
2025-05-07 10:50:20,307 - INFO - [ 4  4  4 ... 34  4 46]
2025-05-07 10:50:20,348 - INFO - ------------------Test Statistics---------------------
2025-05-07 10:50:20,348 - INFO - Accuracy: 0.1110
