2025-05-07 15:53:52,821 - INFO - Nuts
2025-05-07 15:53:53,764 - INFO - ------------------Transformer Contrastive Evaluation---------------------
2025-05-07 15:53:53,764 - INFO - Accuracy: 0.0000
2025-05-07 15:53:53,764 - INFO - Precision (macro): 0.0000
2025-05-07 15:53:53,764 - INFO - Recall (macro): 0.0000
2025-05-07 15:53:53,764 - INFO - F1-Score (macro): 0.0000
2025-05-07 15:53:53,764 - INFO - Confusion Matrix:
2025-05-07 15:53:53,765 - INFO - 
[[ 0 11  0  0  0  0  0  0  0  0  0  0  0  0  0  0  0  0  0  0]
 [ 0  0  0  0  0  0  0  4  0  0  0  0  0  0  7  0  0  0  0  0]
 [ 0  0  0  0  0  0  0  0  0  0 10  0  0  0  0  0  0  0  0  0]
 [ 0  0  0  0  0  0  0  0  0  0  0  0  0 11  0  0  0  0  0  0]
 [ 0  0  0  0  0  0  0  0  0  0  0  1  2  0  7  0  0  0  0  0]
 [ 0  0  0  0  0  0  0  0  0  0  0  0  0  0  0 10  0  0  0  0]
 [ 0  0  0  0  0  0  0  0  0  0  0  0  4  0  0  0  7  0  0  0]
 [ 0  0  0  0  0  0  0  0  0  0  0  0  0  0  0  0  0 11  0  0]
 [ 0  0  0  0  0  0  0  0  0  0  0  0  0  0  0  0  0  0 12  0]
 [ 0  0  0  0  0  0  0  0  0  0  0  0  0  0  0  0  0  0  0 16]
 [ 0  0  0  0  0  0  0  0  0  0  0  0  0  0  0  0  0  0  0  0]
 [ 0  0  0  0  0  0  0  0  0  0  0  0  0  0  0  0  0  0  0  0]
 [ 0  0  0  0  0  0  0  0  0  0  0  0  0  0  0  0  0  0  0  0]
 [ 0  0  0  0  0  0  0  0  0  0  0  0  0  0  0  0  0  0  0  0]
 [ 0  0  0  0  0  0  0  0  0  0  0  0  0  0  0  0  0  0  0  0]
 [ 0  0  0  0  0  0  0  0  0  0  0  0  0  0  0  0  0  0  0  0]
 [ 0  0  0  0  0  0  0  0  0  0  0  0  0  0  0  0  0  0  0  0]
 [ 0  0  0  0  0  0  0  0  0  0  0  0  0  0  0  0  0  0  0  0]
 [ 0  0  0  0  0  0  0  0  0  0  0  0  0  0  0  0  0  0  0  0]
 [ 0  0  0  0  0  0  0  0  0  0  0  0  0  0  0  0  0  0  0  0]]
2025-05-07 15:53:53,765 - INFO - Spices
2025-05-07 15:53:54,157 - INFO - ------------------Transformer Contrastive Evaluation---------------------
2025-05-07 15:53:54,157 - INFO - Accuracy: 0.0000
2025-05-07 15:53:54,157 - INFO - Precision (macro): 0.0000
2025-05-07 15:53:54,157 - INFO - Recall (macro): 0.0000
2025-05-07 15:53:54,157 - INFO - F1-Score (macro): 0.0000
2025-05-07 15:53:54,157 - INFO - Confusion Matrix:
2025-05-07 15:53:54,158 - INFO - 
[[ 0  0  0  0  0  0  0  0  0  0  0  0  0 10  0  0  0]
 [ 0  0  0  0  0  0  0  0  0  0 11  0  0  0  0  0  0]
 [ 0  0  0  0  0  0  0  0  0  0  0  0  0  1  9  0  0]
 [ 0  0  0  0  0  0  0  0  0  0  0  0 11  0  0  0  0]
 [ 0  0  0  0  0  0  0  0  0  0  0  2  0  9  0  0  0]
 [ 0  0  0  0  0  0  0  0  0  0  0  0  0 10  0  0  0]
 [ 0  0  0  0  0  0  0  0  0  0  0  0  0  0  0 11  0]
 [ 0  0  0  0  0  0  0  0  0  0  0  0  0 10  0  0  0]
 [ 0  0  0  0  0  0  0  0  0  0  0  0  0  9  0  0  0]
 [ 0  0  7  0  0  0  0  0  0  0  0  0  0  0  0  0  4]
 [ 0  0  0  0  0  0  0  0  0  0  0  0  0  0  0  0  0]
 [ 0  0  0  0  0  0  0  0  0  0  0  0  0  0  0  0  0]
 [ 0  0  0  0  0  0  0  0  0  0  0  0  0  0  0  0  0]
 [ 0  0  0  0  0  0  0  0  0  0  0  0  0  0  0  0  0]
 [ 0  0  0  0  0  0  0  0  0  0  0  0  0  0  0  0  0]
 [ 0  0  0  0  0  0  0  0  0  0  0  0  0  0  0  0  0]
 [ 0  0  0  0  0  0  0  0  0  0  0  0  0  0  0  0  0]]
2025-05-07 15:53:54,158 - INFO - Herbs
2025-05-07 15:53:54,551 - INFO - ------------------Transformer Contrastive Evaluation---------------------
2025-05-07 15:53:54,551 - INFO - Accuracy: 0.0000
2025-05-07 15:53:54,551 - INFO - Precision (macro): 0.0000
2025-05-07 15:53:54,551 - INFO - Recall (macro): 0.0000
2025-05-07 15:53:54,551 - INFO - F1-Score (macro): 0.0000
2025-05-07 15:53:54,551 - INFO - Confusion Matrix:
2025-05-07 15:53:54,551 - INFO - 
[[ 0  0 10  0  0  0  0  0  0  0  0  0  0  2  0  0  0  0  0]
 [ 0  0  0  0 11  0  0  0  0  0  0  0  0  0  0  0  0  0  0]
 [ 0  0  0  0  0  0  2  0  0  0  2  1  0  0  4  0  2  0  0]
 [ 0  0  0  0  0  0  0  0  0  0  0  0 11  0  0  0  0  0  0]
 [ 0  0  0  0  0  0  0  0  0  0  0  0  0 10  0  0  0  0  0]
 [ 0  0  0  0  0  0  0  0  0  0  0  0 11  0  0  0  0  0  0]
 [ 0  0  4  0  0  0  0  0  0  0  0  0  0  0  0  1  0  5  0]
 [ 0  0  0  0  0  0  0  0  0  0  0  0 10  0  0  0  0  0  0]
 [ 0  0  0  0  0  0  0  0  0  0  0  0 10  0  0  0  0  0  0]
 [ 0  0  0  0  0  0  0  0  0  0  0  0  0  0  0  0  0  0 11]
 [ 0  0  0  0  0  0  0  0  0  0  0  0  0  0  0  0  0  0  0]
 [ 0  0  0  0  0  0  0  0  0  0  0  0  0  0  0  0  0  0  0]
 [ 0  0  0  0  0  0  0  0  0  0  0  0  0  0  0  0  0  0  0]
 [ 0  0  0  0  0  0  0  0  0  0  0  0  0  0  0  0  0  0  0]
 [ 0  0  0  0  0  0  0  0  0  0  0  0  0  0  0  0  0  0  0]
 [ 0  0  0  0  0  0  0  0  0  0  0  0  0  0  0  0  0  0  0]
 [ 0  0  0  0  0  0  0  0  0  0  0  0  0  0  0  0  0  0  0]
 [ 0  0  0  0  0  0  0  0  0  0  0  0  0  0  0  0  0  0  0]
 [ 0  0  0  0  0  0  0  0  0  0  0  0  0  0  0  0  0  0  0]]
2025-05-07 15:53:54,552 - INFO - Fruits
2025-05-07 15:53:54,920 - INFO - ------------------Transformer Contrastive Evaluation---------------------
2025-05-07 15:53:54,920 - INFO - Accuracy: 0.0000
2025-05-07 15:53:54,920 - INFO - Precision (macro): 0.0000
2025-05-07 15:53:54,920 - INFO - Recall (macro): 0.0000
2025-05-07 15:53:54,920 - INFO - F1-Score (macro): 0.0000
2025-05-07 15:53:54,920 - INFO - Confusion Matrix:
2025-05-07 15:53:54,921 - INFO - 
[[ 0  0  0  6  0  0  0  0  0  0  0  0  2  0  3  0]
 [ 0  0  0  0  0  0  0  0  0  0 10  0  0  0  0  0]
 [ 0  0  0  0  0  0  0  0  0  0  0 10  0  0  0  0]
 [ 0  0  0  0  0  0  0  0  0  0 10  0  0  0  0  0]
 [ 0  0  0  0  0  0  0  0  0  0 11  0  0  0  0  0]
 [ 0  0  0  0  0  0  0  0  0  0  0  0 11  0  0  0]
 [ 0  0  0  0  0  0  0  0  0  0  9  0  0  0  0  0]
 [ 0  0  0  0  0  0  0  0  0  0  0  0  0 11  0  0]
 [ 0  0  0  0  0  0  0  0  0  0 10  0  0  0  0  0]
 [ 0  0  0  0  0  0  0  0  0  0  0  0  0  0  0 12]
 [ 0  0  0  0  0  0  0  0  0  0  0  0  0  0  0  0]
 [ 0  0  0  0  0  0  0  0  0  0  0  0  0  0  0  0]
 [ 0  0  0  0  0  0  0  0  0  0  0  0  0  0  0  0]
 [ 0  0  0  0  0  0  0  0  0  0  0  0  0  0  0  0]
 [ 0  0  0  0  0  0  0  0  0  0  0  0  0  0  0  0]
 [ 0  0  0  0  0  0  0  0  0  0  0  0  0  0  0  0]]
2025-05-07 15:53:54,921 - INFO - Vegetables
2025-05-07 15:53:55,289 - INFO - ------------------Transformer Contrastive Evaluation---------------------
2025-05-07 15:53:55,289 - INFO - Accuracy: 0.0000
2025-05-07 15:53:55,289 - INFO - Precision (macro): 0.0000
2025-05-07 15:53:55,289 - INFO - Recall (macro): 0.0000
2025-05-07 15:53:55,289 - INFO - F1-Score (macro): 0.0000
2025-05-07 15:53:55,289 - INFO - Confusion Matrix:
2025-05-07 15:53:55,289 - INFO - 
[[ 0  0  0  0  4  0  6  0  0  0  0  0  0  0  0  0  0  0]
 [ 0  0  0  0  0  5  0  0  0  0  0  0  0  0  0  0  0  5]
 [ 0  0  0  0  0  0  0  0  8  0  0  0  1  0  0  0  0  0]
 [ 0  0  0  0  3  0  0  0  0  7  0  0  0  0  0  0  0  0]
 [ 0  0  0  0  0  0  0  0  0  0 12  0  0  0  0  0  0  0]
 [ 0  0  0  0  0  0  0  0  0  0  0 10  0  0  0  0  0  0]
 [ 0  0  0  0  0  0  0  0  0  0  0  0  0  1  9  0  0  0]
 [ 0  0  0  0  0  0  0  0  0  0  0  0  0  0  0 11  0  0]
 [ 0  0  0  0  0  0  0  0  0  0  0  0 10  0  0  0  0  0]
 [ 0  0  0  0  0  0  0  0  0  0  0  0  0  0  0  0 10  0]
 [ 0  0  0  0  0  0  0  0  0  0  0  0  0  0  0  0  0  0]
 [ 0  0  0  0  0  0  0  0  0  0  0  0  0  0  0  0  0  0]
 [ 0  0  0  0  0  0  0  0  0  0  0  0  0  0  0  0  0  0]
 [ 0  0  0  0  0  0  0  0  0  0  0  0  0  0  0  0  0  0]
 [ 0  0  0  0  0  0  0  0  0  0  0  0  0  0  0  0  0  0]
 [ 0  0  0  0  0  0  0  0  0  0  0  0  0  0  0  0  0  0]
 [ 0  0  0  0  0  0  0  0  0  0  0  0  0  0  0  0  0  0]
 [ 0  0  0  0  0  0  0  0  0  0  0  0  0  0  0  0  0  0]]
