2025-05-07 13:38:07,118 - INFO - ------------------Transformer Contrastive Evaluation---------------------
2025-05-07 13:38:07,118 - INFO - Accuracy: 0.0778
2025-05-07 13:38:07,118 - INFO - Precision (macro): 0.0137
2025-05-07 13:38:07,118 - INFO - Recall (macro): 0.0458
2025-05-07 13:38:07,118 - INFO - F1-Score (macro): 0.0211
2025-05-07 13:38:07,118 - INFO - Confusion Matrix:
2025-05-07 13:38:07,118 - INFO - 
[[0 0 0 0 0 0 0 5 0 0 0 0 0 0 4 0 0]
 [0 0 0 0 0 0 0 8 0 0 0 0 0 0 1 0 0]
 [0 0 0 0 0 0 0 5 0 0 0 0 0 2 2 0 0]
 [0 0 0 0 0 0 0 0 0 0 2 1 1 2 0 2 1]
 [0 0 0 0 0 0 0 0 0 0 0 0 0 9 0 0 0]
 [0 0 0 0 0 0 0 0 0 0 0 0 0 7 2 0 0]
 [0 0 0 0 0 0 0 4 0 0 0 0 0 3 2 0 0]
 [0 0 0 0 0 0 0 7 0 0 0 0 0 0 2 0 0]
 [0 0 0 0 0 0 0 1 0 2 0 0 2 2 1 0 1]
 [0 0 0 0 0 0 0 0 0 0 0 0 0 7 2 0 0]
 [0 0 0 0 0 0 0 0 0 0 0 0 0 0 0 0 0]
 [0 0 0 0 0 0 0 0 0 0 0 0 0 0 0 0 0]
 [0 0 0 0 0 0 0 0 0 0 0 0 0 0 0 0 0]
 [0 0 0 0 0 0 0 0 0 0 0 0 0 0 0 0 0]
 [0 0 0 0 0 0 0 0 0 0 0 0 0 0 0 0 0]
 [0 0 0 0 0 0 0 0 0 0 0 0 0 0 0 0 0]
 [0 0 0 0 0 0 0 0 0 0 0 0 0 0 0 0 0]]
