2025-05-07 13:54:18,693 - INFO - Nuts
2025-05-07 13:54:19,770 - INFO - ------------------Transformer Contrastive Evaluation---------------------
2025-05-07 13:54:19,770 - INFO - Accuracy: 0.0000
2025-05-07 13:54:19,770 - INFO - Precision (macro): 0.0000
2025-05-07 13:54:19,770 - INFO - Recall (macro): 0.0000
2025-05-07 13:54:19,770 - INFO - F1-Score (macro): 0.0000
2025-05-07 13:54:19,770 - INFO - Confusion Matrix:
2025-05-07 13:54:19,771 - INFO - 
[[ 0  0  0  0  0  0  0  0  0  0  0 33  0  0  0  0]
 [ 0  0  0  0  0  0  0  0  0  0  0 11  0  0  0  0]
 [ 0  0  0  0  0  0  0  0  1  0  9  0  0  0  1  0]
 [ 0  0  3  0  0  0  0  0  0  3  0 16  0  0  0  0]
 [ 0  0  0  0  0  0  0  0  0  0  0  8  1  2  0  0]
 [ 0  0  0  0  0  0  0  0  0  0  0 21  0  0  0  0]
 [ 0  0  0  0  0  0  0  0  1  0  0 11  0  0  6  4]
 [ 0  0  0  0  0  0  0  0  0  0  0 11  0  0  0  0]
 [ 0  0  0  0  0  0  0  0  0  0  0  0  0  0  0  0]
 [ 0  0  0  0  0  0  0  0  0  0  0  0  0  0  0  0]
 [ 0  0  0  0  0  0  0  0  0  0  0  0  0  0  0  0]
 [ 0  0  0  0  0  0  0  0  0  0  0  0  0  0  0  0]
 [ 0  0  0  0  0  0  0  0  0  0  0  0  0  0  0  0]
 [ 0  0  0  0  0  0  0  0  0  0  0  0  0  0  0  0]
 [ 0  0  0  0  0  0  0  0  0  0  0  0  0  0  0  0]
 [ 0  0  0  0  0  0  0  0  0  0  0  0  0  0  0  0]]
2025-05-07 13:54:19,771 - INFO - Spices
2025-05-07 13:54:20,234 - INFO - ------------------Transformer Contrastive Evaluation---------------------
2025-05-07 13:54:20,234 - INFO - Accuracy: 0.0000
2025-05-07 13:54:20,234 - INFO - Precision (macro): 0.0000
2025-05-07 13:54:20,234 - INFO - Recall (macro): 0.0000
2025-05-07 13:54:20,234 - INFO - F1-Score (macro): 0.0000
2025-05-07 13:54:20,234 - INFO - Confusion Matrix:
2025-05-07 13:54:20,234 - INFO - 
[[ 0  0  0  0  0  0  0  0  0  0  0 33  0  0  0  0]
 [ 0  0  0  0  0  0  0  0  0  0  0 11  0  0  0  0]
 [ 0  0  0  0  0  0  0  0  1  0  9  0  0  0  1  0]
 [ 0  0  3  0  0  0  0  0  0  3  0 16  0  0  0  0]
 [ 0  0  0  0  0  0  0  0  0  0  0  8  1  2  0  0]
 [ 0  0  0  0  0  0  0  0  0  0  0 21  0  0  0  0]
 [ 0  0  0  0  0  0  0  0  1  0  0 11  0  0  6  4]
 [ 0  0  0  0  0  0  0  0  0  0  0 11  0  0  0  0]
 [ 0  0  0  0  0  0  0  0  0  0  0  0  0  0  0  0]
 [ 0  0  0  0  0  0  0  0  0  0  0  0  0  0  0  0]
 [ 0  0  0  0  0  0  0  0  0  0  0  0  0  0  0  0]
 [ 0  0  0  0  0  0  0  0  0  0  0  0  0  0  0  0]
 [ 0  0  0  0  0  0  0  0  0  0  0  0  0  0  0  0]
 [ 0  0  0  0  0  0  0  0  0  0  0  0  0  0  0  0]
 [ 0  0  0  0  0  0  0  0  0  0  0  0  0  0  0  0]
 [ 0  0  0  0  0  0  0  0  0  0  0  0  0  0  0  0]]
2025-05-07 13:54:20,234 - INFO - Herbs
2025-05-07 13:54:20,669 - INFO - ------------------Transformer Contrastive Evaluation---------------------
2025-05-07 13:54:20,669 - INFO - Accuracy: 0.0000
2025-05-07 13:54:20,669 - INFO - Precision (macro): 0.0000
2025-05-07 13:54:20,669 - INFO - Recall (macro): 0.0000
2025-05-07 13:54:20,669 - INFO - F1-Score (macro): 0.0000
2025-05-07 13:54:20,669 - INFO - Confusion Matrix:
2025-05-07 13:54:20,670 - INFO - 
[[ 0  0  0  0  0  0  0  0  0  0  0 33  0  0  0  0]
 [ 0  0  0  0  0  0  0  0  0  0  0 11  0  0  0  0]
 [ 0  0  0  0  0  0  0  0  1  0  9  0  0  0  1  0]
 [ 0  0  3  0  0  0  0  0  0  3  0 16  0  0  0  0]
 [ 0  0  0  0  0  0  0  0  0  0  0  8  1  2  0  0]
 [ 0  0  0  0  0  0  0  0  0  0  0 21  0  0  0  0]
 [ 0  0  0  0  0  0  0  0  1  0  0 11  0  0  6  4]
 [ 0  0  0  0  0  0  0  0  0  0  0 11  0  0  0  0]
 [ 0  0  0  0  0  0  0  0  0  0  0  0  0  0  0  0]
 [ 0  0  0  0  0  0  0  0  0  0  0  0  0  0  0  0]
 [ 0  0  0  0  0  0  0  0  0  0  0  0  0  0  0  0]
 [ 0  0  0  0  0  0  0  0  0  0  0  0  0  0  0  0]
 [ 0  0  0  0  0  0  0  0  0  0  0  0  0  0  0  0]
 [ 0  0  0  0  0  0  0  0  0  0  0  0  0  0  0  0]
 [ 0  0  0  0  0  0  0  0  0  0  0  0  0  0  0  0]
 [ 0  0  0  0  0  0  0  0  0  0  0  0  0  0  0  0]]
2025-05-07 13:54:20,670 - INFO - Fruits
2025-05-07 13:54:21,104 - INFO - ------------------Transformer Contrastive Evaluation---------------------
2025-05-07 13:54:21,104 - INFO - Accuracy: 0.0000
2025-05-07 13:54:21,104 - INFO - Precision (macro): 0.0000
2025-05-07 13:54:21,104 - INFO - Recall (macro): 0.0000
2025-05-07 13:54:21,104 - INFO - F1-Score (macro): 0.0000
2025-05-07 13:54:21,104 - INFO - Confusion Matrix:
2025-05-07 13:54:21,105 - INFO - 
[[ 0  0  0  0  0  0  0  0  0  0  0 33  0  0  0  0]
 [ 0  0  0  0  0  0  0  0  0  0  0 11  0  0  0  0]
 [ 0  0  0  0  0  0  0  0  1  0  9  0  0  0  1  0]
 [ 0  0  3  0  0  0  0  0  0  3  0 16  0  0  0  0]
 [ 0  0  0  0  0  0  0  0  0  0  0  8  1  2  0  0]
 [ 0  0  0  0  0  0  0  0  0  0  0 21  0  0  0  0]
 [ 0  0  0  0  0  0  0  0  1  0  0 11  0  0  6  4]
 [ 0  0  0  0  0  0  0  0  0  0  0 11  0  0  0  0]
 [ 0  0  0  0  0  0  0  0  0  0  0  0  0  0  0  0]
 [ 0  0  0  0  0  0  0  0  0  0  0  0  0  0  0  0]
 [ 0  0  0  0  0  0  0  0  0  0  0  0  0  0  0  0]
 [ 0  0  0  0  0  0  0  0  0  0  0  0  0  0  0  0]
 [ 0  0  0  0  0  0  0  0  0  0  0  0  0  0  0  0]
 [ 0  0  0  0  0  0  0  0  0  0  0  0  0  0  0  0]
 [ 0  0  0  0  0  0  0  0  0  0  0  0  0  0  0  0]
 [ 0  0  0  0  0  0  0  0  0  0  0  0  0  0  0  0]]
2025-05-07 13:54:21,105 - INFO - Vegetables
2025-05-07 13:54:21,586 - INFO - ------------------Transformer Contrastive Evaluation---------------------
2025-05-07 13:54:21,586 - INFO - Accuracy: 0.0000
2025-05-07 13:54:21,586 - INFO - Precision (macro): 0.0000
2025-05-07 13:54:21,586 - INFO - Recall (macro): 0.0000
2025-05-07 13:54:21,586 - INFO - F1-Score (macro): 0.0000
2025-05-07 13:54:21,586 - INFO - Confusion Matrix:
2025-05-07 13:54:21,587 - INFO - 
[[ 0  0  0  0  0  0  0  0  0  0  0 33  0  0  0  0]
 [ 0  0  0  0  0  0  0  0  0  0  0 11  0  0  0  0]
 [ 0  0  0  0  0  0  0  0  1  0  9  0  0  0  1  0]
 [ 0  0  3  0  0  0  0  0  0  3  0 16  0  0  0  0]
 [ 0  0  0  0  0  0  0  0  0  0  0  8  1  2  0  0]
 [ 0  0  0  0  0  0  0  0  0  0  0 21  0  0  0  0]
 [ 0  0  0  0  0  0  0  0  1  0  0 11  0  0  6  4]
 [ 0  0  0  0  0  0  0  0  0  0  0 11  0  0  0  0]
 [ 0  0  0  0  0  0  0  0  0  0  0  0  0  0  0  0]
 [ 0  0  0  0  0  0  0  0  0  0  0  0  0  0  0  0]
 [ 0  0  0  0  0  0  0  0  0  0  0  0  0  0  0  0]
 [ 0  0  0  0  0  0  0  0  0  0  0  0  0  0  0  0]
 [ 0  0  0  0  0  0  0  0  0  0  0  0  0  0  0  0]
 [ 0  0  0  0  0  0  0  0  0  0  0  0  0  0  0  0]
 [ 0  0  0  0  0  0  0  0  0  0  0  0  0  0  0  0]
 [ 0  0  0  0  0  0  0  0  0  0  0  0  0  0  0  0]]
