2025-05-07 15:06:11,821 - INFO - ------------------Transformer Contrastive Evaluation---------------------
2025-05-07 15:06:11,821 - INFO - Accuracy: 0.0536
2025-05-07 15:06:11,822 - INFO - Precision (macro): 0.0125
2025-05-07 15:06:11,822 - INFO - Recall (macro): 0.0333
2025-05-07 15:06:11,822 - INFO - F1-Score (macro): 0.0182
2025-05-07 15:06:11,822 - INFO - Confusion Matrix:
2025-05-07 15:06:11,822 - INFO - 
[[0 0 0 0 0 0 0 0 0 1 6 0 0 4 0]
 [1 0 0 0 0 0 0 0 0 0 3 0 0 7 0]
 [0 0 0 0 0 0 0 0 0 4 2 2 0 4 0]
 [1 0 0 0 0 0 0 0 0 0 0 0 8 0 2]
 [0 0 0 0 0 0 0 0 0 5 0 2 0 0 4]
 [1 0 0 0 0 0 0 0 0 4 0 6 0 0 0]
 [0 3 0 0 0 0 0 0 0 3 5 0 0 0 0]
 [1 0 0 0 0 0 0 0 0 0 7 0 0 3 0]
 [0 0 0 0 0 0 0 0 0 9 2 0 0 0 0]
 [1 0 0 0 0 0 0 0 0 6 4 1 0 0 0]
 [0 0 0 0 0 0 0 0 0 0 0 0 0 0 0]
 [0 0 0 0 0 0 0 0 0 0 0 0 0 0 0]
 [0 0 0 0 0 0 0 0 0 0 0 0 0 0 0]
 [0 0 0 0 0 0 0 0 0 0 0 0 0 0 0]
 [0 0 0 0 0 0 0 0 0 0 0 0 0 0 0]]
