2025-05-08 09:12:43,681 - INFO - Nuts
2025-05-08 09:12:44,752 - INFO - ------------------Test Statistics---------------------
2025-05-08 09:12:44,752 - INFO - Top-1 Accuracy: 36.56%
2025-05-08 09:12:44,752 - INFO - Top-5 Accuracy: 85.92%
2025-05-08 09:12:44,752 - INFO - Spices
2025-05-08 09:12:45,262 - INFO - ------------------Test Statistics---------------------
2025-05-08 09:12:45,262 - INFO - Top-1 Accuracy: 43.11%
2025-05-08 09:12:45,262 - INFO - Top-5 Accuracy: 86.94%
2025-05-08 09:12:45,262 - INFO - Herbs
2025-05-08 09:12:45,703 - INFO - ------------------Test Statistics---------------------
2025-05-08 09:12:45,703 - INFO - Top-1 Accuracy: 45.46%
2025-05-08 09:12:45,703 - INFO - Top-5 Accuracy: 87.46%
2025-05-08 09:12:45,703 - INFO - Fruits
2025-05-08 09:12:46,134 - INFO - ------------------Test Statistics---------------------
2025-05-08 09:12:46,134 - INFO - Top-1 Accuracy: 46.49%
2025-05-08 09:12:46,134 - INFO - Top-5 Accuracy: 89.21%
2025-05-08 09:12:46,134 - INFO - Vegetables
2025-05-08 09:12:46,571 - INFO - ------------------Test Statistics---------------------
2025-05-08 09:12:46,572 - INFO - Top-1 Accuracy: 33.98%
2025-05-08 09:12:46,572 - INFO - Top-5 Accuracy: 86.11%
