2025-05-07 12:31:49,499 - INFO - Nuts
2025-05-07 12:31:50,428 - INFO - Similarity matrix shape: torch.Size([5820, 50])
2025-05-07 12:31:50,434 - INFO - ------------------Predictions---------------------
2025-05-07 12:31:50,434 - INFO - [12 25 35 ... 11 38 11]
2025-05-07 12:31:50,494 - INFO - ------------------Test Statistics---------------------
2025-05-07 12:31:50,495 - INFO - Accuracy: 0.3335
2025-05-07 12:31:50,495 - INFO - Spices
2025-05-07 12:31:51,016 - INFO - Similarity matrix shape: torch.Size([5428, 50])
2025-05-07 12:31:51,016 - INFO - ------------------Predictions---------------------
2025-05-07 12:31:51,016 - INFO - [27 27  6 ... 29 22 19]
2025-05-07 12:31:51,026 - INFO - ------------------Test Statistics---------------------
2025-05-07 12:31:51,026 - INFO - Accuracy: 0.3861
2025-05-07 12:31:51,026 - INFO - Herbs
2025-05-07 12:31:51,465 - INFO - Similarity matrix shape: torch.Size([5499, 50])
2025-05-07 12:31:51,465 - INFO - ------------------Predictions---------------------
2025-05-07 12:31:51,466 - INFO - [20 20 20 ... 18 33 30]
2025-05-07 12:31:51,476 - INFO - ------------------Test Statistics---------------------
2025-05-07 12:31:51,476 - INFO - Accuracy: 0.3653
2025-05-07 12:31:51,476 - INFO - Fruits
2025-05-07 12:31:51,915 - INFO - Similarity matrix shape: torch.Size([5423, 50])
2025-05-07 12:31:51,916 - INFO - ------------------Predictions---------------------
2025-05-07 12:31:51,916 - INFO - [ 6  6  6 ... 34 34 34]
2025-05-07 12:31:51,925 - INFO - ------------------Test Statistics---------------------
2025-05-07 12:31:51,925 - INFO - Accuracy: 0.4474
2025-05-07 12:31:51,926 - INFO - Vegetables
2025-05-07 12:31:52,363 - INFO - Similarity matrix shape: torch.Size([5436, 50])
2025-05-07 12:31:52,364 - INFO - ------------------Predictions---------------------
2025-05-07 12:31:52,364 - INFO - [ 5  5 47 ... 42 40 40]
2025-05-07 12:31:52,374 - INFO - ------------------Test Statistics---------------------
2025-05-07 12:31:52,374 - INFO - Accuracy: 0.2713
