2025-05-06 20:31:52,916 - INFO - Nuts
2025-05-06 20:32:07,156 - INFO - Similarity matrix shape: torch.Size([6353, 50])
2025-05-06 20:32:07,162 - INFO - ------------------Predictions---------------------
2025-05-06 20:32:07,163 - INFO - [ 7  7  7 ... 11 11 11]
2025-05-06 20:32:07,224 - INFO - ------------------Test Statistics---------------------
2025-05-06 20:32:07,224 - INFO - Accuracy: 0.2822
2025-05-06 20:32:07,224 - INFO - Spices
2025-05-06 20:32:21,848 - INFO - Similarity matrix shape: torch.Size([5878, 50])
2025-05-06 20:32:21,849 - INFO - ------------------Predictions---------------------
2025-05-06 20:32:21,850 - INFO - [32 32 32 ... 32 32 32]
2025-05-06 20:32:21,860 - INFO - ------------------Test Statistics---------------------
2025-05-06 20:32:21,860 - INFO - Accuracy: 0.1785
2025-05-06 20:32:21,860 - INFO - Herbs
2025-05-06 20:32:33,433 - INFO - Similarity matrix shape: torch.Size([5949, 50])
2025-05-06 20:32:33,434 - INFO - ------------------Predictions---------------------
2025-05-06 20:32:33,434 - INFO - [32 32 32 ... 32 32 32]
2025-05-06 20:32:33,443 - INFO - ------------------Test Statistics---------------------
2025-05-06 20:32:33,443 - INFO - Accuracy: 0.2049
2025-05-06 20:32:33,443 - INFO - Fruits
2025-05-06 20:32:47,263 - INFO - Similarity matrix shape: torch.Size([5923, 50])
2025-05-06 20:32:47,263 - INFO - ------------------Predictions---------------------
2025-05-06 20:32:47,263 - INFO - [32 32 32 ... 32 32 32]
2025-05-06 20:32:47,272 - INFO - ------------------Test Statistics---------------------
2025-05-06 20:32:47,273 - INFO - Accuracy: 0.1882
2025-05-06 20:32:47,273 - INFO - Vegetables
2025-05-06 20:32:58,867 - INFO - Similarity matrix shape: torch.Size([5904, 50])
2025-05-06 20:32:58,867 - INFO - ------------------Predictions---------------------
2025-05-06 20:32:58,868 - INFO - [10 10 10 ... 40 40 40]
2025-05-06 20:32:58,876 - INFO - ------------------Test Statistics---------------------
2025-05-06 20:32:58,876 - INFO - Accuracy: 0.4527
