2025-05-07 16:54:04,228 - INFO - Nuts
2025-05-07 16:54:05,188 - INFO - ------------------Transformer Contrastive Evaluation---------------------
2025-05-07 16:54:05,189 - INFO - Accuracy: 0.0000
2025-05-07 16:54:05,189 - INFO - Precision (macro): 0.0000
2025-05-07 16:54:05,189 - INFO - Recall (macro): 0.0000
2025-05-07 16:54:05,189 - INFO - F1-Score (macro): 0.0000
2025-05-07 16:54:05,189 - INFO - Confusion Matrix:
2025-05-07 16:54:05,189 - INFO - 
[[ 0 11  0  0  0  0  0  0  0  0  0  0  0  0  0  0  0  0  0  0]
 [ 0  0  0  0  0  0  0  4  0  0  0  0  0  0  7  0  0  0  0  0]
 [ 0  0  0  0  0  0  0  0  0  0 10  0  0  0  0  0  0  0  0  0]
 [ 0  0  0  0  0  0  0  0  0  0  0  0  0 11  0  0  0  0  0  0]
 [ 0  0  0  0  0  0  0  0  0  0  0  1  2  0  7  0  0  0  0  0]
 [ 0  0  0  0  0  0  0  0  0  0  0  0  0  0  0 10  0  0  0  0]
 [ 0  0  0  0  0  0  0  0  0  0  0  0  4  0  0  0  7  0  0  0]
 [ 0  0  0  0  0  0  0  0  0  0  0  0  0  0  0  0  0 11  0  0]
 [ 0  0  0  0  0  0  0  0  0  0  0  0  0  0  0  0  0  0 12  0]
 [ 0  0  0  0  0  0  0  0  0  0  0  0  0  0  0  0  0  0  0 16]
 [ 0  0  0  0  0  0  0  0  0  0  0  0  0  0  0  0  0  0  0  0]
 [ 0  0  0  0  0  0  0  0  0  0  0  0  0  0  0  0  0  0  0  0]
 [ 0  0  0  0  0  0  0  0  0  0  0  0  0  0  0  0  0  0  0  0]
 [ 0  0  0  0  0  0  0  0  0  0  0  0  0  0  0  0  0  0  0  0]
 [ 0  0  0  0  0  0  0  0  0  0  0  0  0  0  0  0  0  0  0  0]
 [ 0  0  0  0  0  0  0  0  0  0  0  0  0  0  0  0  0  0  0  0]
 [ 0  0  0  0  0  0  0  0  0  0  0  0  0  0  0  0  0  0  0  0]
 [ 0  0  0  0  0  0  0  0  0  0  0  0  0  0  0  0  0  0  0  0]
 [ 0  0  0  0  0  0  0  0  0  0  0  0  0  0  0  0  0  0  0  0]
 [ 0  0  0  0  0  0  0  0  0  0  0  0  0  0  0  0  0  0  0  0]]
2025-05-07 16:54:05,189 - INFO - Spices
2025-05-07 16:54:05,585 - INFO - ------------------Transformer Contrastive Evaluation---------------------
2025-05-07 16:54:05,585 - INFO - Accuracy: 0.0000
2025-05-07 16:54:05,585 - INFO - Precision (macro): 0.0000
2025-05-07 16:54:05,585 - INFO - Recall (macro): 0.0000
2025-05-07 16:54:05,585 - INFO - F1-Score (macro): 0.0000
2025-05-07 16:54:05,585 - INFO - Confusion Matrix:
2025-05-07 16:54:05,586 - INFO - 
[[ 0  0  0  0  0  0  0  0  0  0  0  0  0 10  0  0  0]
 [ 0  0  0  0  0  0  0  0  0  0 11  0  0  0  0  0  0]
 [ 0  0  0  0  0  0  0  0  0  0  0  0  0  1  9  0  0]
 [ 0  0  0  0  0  0  0  0  0  0  0  0 11  0  0  0  0]
 [ 0  0  0  0  0  0  0  0  0  0  0  2  0  9  0  0  0]
 [ 0  0  0  0  0  0  0  0  0  0  0  0  0 10  0  0  0]
 [ 0  0  0  0  0  0  0  0  0  0  0  0  0  0  0 11  0]
 [ 0  0  0  0  0  0  0  0  0  0  0  0  0 10  0  0  0]
 [ 0  0  0  0  0  0  0  0  0  0  0  0  0  9  0  0  0]
 [ 0  0  7  0  0  0  0  0  0  0  0  0  0  0  0  0  4]
 [ 0  0  0  0  0  0  0  0  0  0  0  0  0  0  0  0  0]
 [ 0  0  0  0  0  0  0  0  0  0  0  0  0  0  0  0  0]
 [ 0  0  0  0  0  0  0  0  0  0  0  0  0  0  0  0  0]
 [ 0  0  0  0  0  0  0  0  0  0  0  0  0  0  0  0  0]
 [ 0  0  0  0  0  0  0  0  0  0  0  0  0  0  0  0  0]
 [ 0  0  0  0  0  0  0  0  0  0  0  0  0  0  0  0  0]
 [ 0  0  0  0  0  0  0  0  0  0  0  0  0  0  0  0  0]]
2025-05-07 16:54:05,586 - INFO - Herbs
2025-05-07 16:54:05,961 - INFO - ------------------Transformer Contrastive Evaluation---------------------
2025-05-07 16:54:05,961 - INFO - Accuracy: 0.0000
2025-05-07 16:54:05,961 - INFO - Precision (macro): 0.0000
2025-05-07 16:54:05,961 - INFO - Recall (macro): 0.0000
2025-05-07 16:54:05,962 - INFO - F1-Score (macro): 0.0000
2025-05-07 16:54:05,962 - INFO - Confusion Matrix:
2025-05-07 16:54:05,962 - INFO - 
[[ 0  0 10  0  0  0  0  0  0  0  0  0  0  2  0  0  0  0  0]
 [ 0  0  0  0 11  0  0  0  0  0  0  0  0  0  0  0  0  0  0]
 [ 0  0  0  0  0  0  2  0  0  0  2  1  0  0  4  0  2  0  0]
 [ 0  0  0  0  0  0  0  0  0  0  0  0 11  0  0  0  0  0  0]
 [ 0  0  0  0  0  0  0  0  0  0  0  0  0 10  0  0  0  0  0]
 [ 0  0  0  0  0  0  0  0  0  0  0  0 11  0  0  0  0  0  0]
 [ 0  0  4  0  0  0  0  0  0  0  0  0  0  0  0  1  0  5  0]
 [ 0  0  0  0  0  0  0  0  0  0  0  0 10  0  0  0  0  0  0]
 [ 0  0  0  0  0  0  0  0  0  0  0  0 10  0  0  0  0  0  0]
 [ 0  0  0  0  0  0  0  0  0  0  0  0  0  0  0  0  0  0 11]
 [ 0  0  0  0  0  0  0  0  0  0  0  0  0  0  0  0  0  0  0]
 [ 0  0  0  0  0  0  0  0  0  0  0  0  0  0  0  0  0  0  0]
 [ 0  0  0  0  0  0  0  0  0  0  0  0  0  0  0  0  0  0  0]
 [ 0  0  0  0  0  0  0  0  0  0  0  0  0  0  0  0  0  0  0]
 [ 0  0  0  0  0  0  0  0  0  0  0  0  0  0  0  0  0  0  0]
 [ 0  0  0  0  0  0  0  0  0  0  0  0  0  0  0  0  0  0  0]
 [ 0  0  0  0  0  0  0  0  0  0  0  0  0  0  0  0  0  0  0]
 [ 0  0  0  0  0  0  0  0  0  0  0  0  0  0  0  0  0  0  0]
 [ 0  0  0  0  0  0  0  0  0  0  0  0  0  0  0  0  0  0  0]]
2025-05-07 16:54:05,962 - INFO - Fruits
2025-05-07 16:54:06,345 - INFO - ------------------Transformer Contrastive Evaluation---------------------
2025-05-07 16:54:06,346 - INFO - Accuracy: 0.0000
2025-05-07 16:54:06,346 - INFO - Precision (macro): 0.0000
2025-05-07 16:54:06,346 - INFO - Recall (macro): 0.0000
2025-05-07 16:54:06,346 - INFO - F1-Score (macro): 0.0000
2025-05-07 16:54:06,346 - INFO - Confusion Matrix:
2025-05-07 16:54:06,346 - INFO - 
[[ 0  0  0  6  0  0  0  0  0  0  0  0  2  0  3  0]
 [ 0  0  0  0  0  0  0  0  0  0 10  0  0  0  0  0]
 [ 0  0  0  0  0  0  0  0  0  0  0 10  0  0  0  0]
 [ 0  0  0  0  0  0  0  0  0  0 10  0  0  0  0  0]
 [ 0  0  0  0  0  0  0  0  0  0 11  0  0  0  0  0]
 [ 0  0  0  0  0  0  0  0  0  0  0  0 11  0  0  0]
 [ 0  0  0  0  0  0  0  0  0  0  9  0  0  0  0  0]
 [ 0  0  0  0  0  0  0  0  0  0  0  0  0 11  0  0]
 [ 0  0  0  0  0  0  0  0  0  0 10  0  0  0  0  0]
 [ 0  0  0  0  0  0  0  0  0  0  0  0  0  0  0 12]
 [ 0  0  0  0  0  0  0  0  0  0  0  0  0  0  0  0]
 [ 0  0  0  0  0  0  0  0  0  0  0  0  0  0  0  0]
 [ 0  0  0  0  0  0  0  0  0  0  0  0  0  0  0  0]
 [ 0  0  0  0  0  0  0  0  0  0  0  0  0  0  0  0]
 [ 0  0  0  0  0  0  0  0  0  0  0  0  0  0  0  0]
 [ 0  0  0  0  0  0  0  0  0  0  0  0  0  0  0  0]]
2025-05-07 16:54:06,346 - INFO - Vegetables
2025-05-07 16:54:06,716 - INFO - ------------------Transformer Contrastive Evaluation---------------------
2025-05-07 16:54:06,716 - INFO - Accuracy: 0.0000
2025-05-07 16:54:06,716 - INFO - Precision (macro): 0.0000
2025-05-07 16:54:06,716 - INFO - Recall (macro): 0.0000
2025-05-07 16:54:06,717 - INFO - F1-Score (macro): 0.0000
2025-05-07 16:54:06,717 - INFO - Confusion Matrix:
2025-05-07 16:54:06,717 - INFO - 
[[ 0  0  0  0  4  0  6  0  0  0  0  0  0  0  0  0  0  0]
 [ 0  0  0  0  0  5  0  0  0  0  0  0  0  0  0  0  0  5]
 [ 0  0  0  0  0  0  0  0  8  0  0  0  1  0  0  0  0  0]
 [ 0  0  0  0  3  0  0  0  0  7  0  0  0  0  0  0  0  0]
 [ 0  0  0  0  0  0  0  0  0  0 12  0  0  0  0  0  0  0]
 [ 0  0  0  0  0  0  0  0  0  0  0 10  0  0  0  0  0  0]
 [ 0  0  0  0  0  0  0  0  0  0  0  0  0  1  9  0  0  0]
 [ 0  0  0  0  0  0  0  0  0  0  0  0  0  0  0 11  0  0]
 [ 0  0  0  0  0  0  0  0  0  0  0  0 10  0  0  0  0  0]
 [ 0  0  0  0  0  0  0  0  0  0  0  0  0  0  0  0 10  0]
 [ 0  0  0  0  0  0  0  0  0  0  0  0  0  0  0  0  0  0]
 [ 0  0  0  0  0  0  0  0  0  0  0  0  0  0  0  0  0  0]
 [ 0  0  0  0  0  0  0  0  0  0  0  0  0  0  0  0  0  0]
 [ 0  0  0  0  0  0  0  0  0  0  0  0  0  0  0  0  0  0]
 [ 0  0  0  0  0  0  0  0  0  0  0  0  0  0  0  0  0  0]
 [ 0  0  0  0  0  0  0  0  0  0  0  0  0  0  0  0  0  0]
 [ 0  0  0  0  0  0  0  0  0  0  0  0  0  0  0  0  0  0]
 [ 0  0  0  0  0  0  0  0  0  0  0  0  0  0  0  0  0  0]]
