2025-05-06 20:37:31,869 - INFO - Nuts
2025-05-06 20:37:46,121 - INFO - Similarity matrix shape: torch.Size([7996, 50])
2025-05-06 20:37:46,127 - INFO - ------------------Predictions---------------------
2025-05-06 20:37:46,127 - INFO - [17 17 17 ... 32 32 32]
2025-05-06 20:37:46,182 - INFO - ------------------Test Statistics---------------------
2025-05-06 20:37:46,183 - INFO - Accuracy: 0.1552
2025-05-06 20:37:46,183 - INFO - Spices
2025-05-06 20:38:00,850 - INFO - Similarity matrix shape: torch.Size([7996, 50])
2025-05-06 20:38:00,850 - INFO - ------------------Predictions---------------------
2025-05-06 20:38:00,851 - INFO - [17 17 17 ... 32 32 32]
2025-05-06 20:38:00,861 - INFO - ------------------Test Statistics---------------------
2025-05-06 20:38:00,861 - INFO - Accuracy: 0.1552
2025-05-06 20:38:00,861 - INFO - Herbs
2025-05-06 20:38:12,643 - INFO - Similarity matrix shape: torch.Size([7996, 50])
2025-05-06 20:38:12,643 - INFO - ------------------Predictions---------------------
2025-05-06 20:38:12,645 - INFO - [17 17 17 ... 32 32 32]
2025-05-06 20:38:12,656 - INFO - ------------------Test Statistics---------------------
2025-05-06 20:38:12,656 - INFO - Accuracy: 0.1552
2025-05-06 20:38:12,656 - INFO - Fruits
2025-05-06 20:38:26,584 - INFO - Similarity matrix shape: torch.Size([7996, 50])
2025-05-06 20:38:26,584 - INFO - ------------------Predictions---------------------
2025-05-06 20:38:26,586 - INFO - [17 17 17 ... 32 32 32]
2025-05-06 20:38:26,598 - INFO - ------------------Test Statistics---------------------
2025-05-06 20:38:26,598 - INFO - Accuracy: 0.1552
2025-05-06 20:38:26,598 - INFO - Vegetables
2025-05-06 20:38:38,259 - INFO - Similarity matrix shape: torch.Size([7996, 50])
2025-05-06 20:38:38,259 - INFO - ------------------Predictions---------------------
2025-05-06 20:38:38,259 - INFO - [17 17 17 ... 32 32 32]
2025-05-06 20:38:38,269 - INFO - ------------------Test Statistics---------------------
2025-05-06 20:38:38,269 - INFO - Accuracy: 0.1552
