2025-05-07 16:53:35,758 - INFO - Nuts
2025-05-07 16:53:36,732 - INFO - ------------------Transformer Contrastive Evaluation---------------------
2025-05-07 16:53:36,733 - INFO - Accuracy: 0.0000
2025-05-07 16:53:36,733 - INFO - Precision (macro): 0.0000
2025-05-07 16:53:36,733 - INFO - Recall (macro): 0.0000
2025-05-07 16:53:36,733 - INFO - F1-Score (macro): 0.0000
2025-05-07 16:53:36,733 - INFO - Confusion Matrix:
2025-05-07 16:53:36,733 - INFO - 
[[ 0 11  0  0  0  0  0  0  0  0  0  0  0  0  0  0  0  0  0  0]
 [ 0  0  0  0  0  0  0  4  0  0  0  0  0  0  7  0  0  0  0  0]
 [ 0  0  0  0  0  0  0  0  0  0 10  0  0  0  0  0  0  0  0  0]
 [ 0  0  0  0  0  0  0  0  0  0  0  0  0 11  0  0  0  0  0  0]
 [ 0  0  0  0  0  0  0  0  0  0  0  1  2  0  7  0  0  0  0  0]
 [ 0  0  0  0  0  0  0  0  0  0  0  0  0  0  0 10  0  0  0  0]
 [ 0  0  0  0  0  0  0  0  0  0  0  0  4  0  0  0  7  0  0  0]
 [ 0  0  0  0  0  0  0  0  0  0  0  0  0  0  0  0  0 11  0  0]
 [ 0  0  0  0  0  0  0  0  0  0  0  0  0  0  0  0  0  0 12  0]
 [ 0  0  0  0  0  0  0  0  0  0  0  0  0  0  0  0  0  0  0 16]
 [ 0  0  0  0  0  0  0  0  0  0  0  0  0  0  0  0  0  0  0  0]
 [ 0  0  0  0  0  0  0  0  0  0  0  0  0  0  0  0  0  0  0  0]
 [ 0  0  0  0  0  0  0  0  0  0  0  0  0  0  0  0  0  0  0  0]
 [ 0  0  0  0  0  0  0  0  0  0  0  0  0  0  0  0  0  0  0  0]
 [ 0  0  0  0  0  0  0  0  0  0  0  0  0  0  0  0  0  0  0  0]
 [ 0  0  0  0  0  0  0  0  0  0  0  0  0  0  0  0  0  0  0  0]
 [ 0  0  0  0  0  0  0  0  0  0  0  0  0  0  0  0  0  0  0  0]
 [ 0  0  0  0  0  0  0  0  0  0  0  0  0  0  0  0  0  0  0  0]
 [ 0  0  0  0  0  0  0  0  0  0  0  0  0  0  0  0  0  0  0  0]
 [ 0  0  0  0  0  0  0  0  0  0  0  0  0  0  0  0  0  0  0  0]]
2025-05-07 16:53:36,733 - INFO - Spices
2025-05-07 16:53:37,132 - INFO - ------------------Transformer Contrastive Evaluation---------------------
2025-05-07 16:53:37,132 - INFO - Accuracy: 0.0000
2025-05-07 16:53:37,132 - INFO - Precision (macro): 0.0000
2025-05-07 16:53:37,132 - INFO - Recall (macro): 0.0000
2025-05-07 16:53:37,132 - INFO - F1-Score (macro): 0.0000
2025-05-07 16:53:37,132 - INFO - Confusion Matrix:
2025-05-07 16:53:37,132 - INFO - 
[[ 0  0  0  0  0  0  0  0  0  0  0  0  0 10  0  0  0]
 [ 0  0  0  0  0  0  0  0  0  0 11  0  0  0  0  0  0]
 [ 0  0  0  0  0  0  0  0  0  0  0  0  0  1  9  0  0]
 [ 0  0  0  0  0  0  0  0  0  0  0  0 11  0  0  0  0]
 [ 0  0  0  0  0  0  0  0  0  0  0  2  0  9  0  0  0]
 [ 0  0  0  0  0  0  0  0  0  0  0  0  0 10  0  0  0]
 [ 0  0  0  0  0  0  0  0  0  0  0  0  0  0  0 11  0]
 [ 0  0  0  0  0  0  0  0  0  0  0  0  0 10  0  0  0]
 [ 0  0  0  0  0  0  0  0  0  0  0  0  0  9  0  0  0]
 [ 0  0  7  0  0  0  0  0  0  0  0  0  0  0  0  0  4]
 [ 0  0  0  0  0  0  0  0  0  0  0  0  0  0  0  0  0]
 [ 0  0  0  0  0  0  0  0  0  0  0  0  0  0  0  0  0]
 [ 0  0  0  0  0  0  0  0  0  0  0  0  0  0  0  0  0]
 [ 0  0  0  0  0  0  0  0  0  0  0  0  0  0  0  0  0]
 [ 0  0  0  0  0  0  0  0  0  0  0  0  0  0  0  0  0]
 [ 0  0  0  0  0  0  0  0  0  0  0  0  0  0  0  0  0]
 [ 0  0  0  0  0  0  0  0  0  0  0  0  0  0  0  0  0]]
2025-05-07 16:53:37,132 - INFO - Herbs
2025-05-07 16:53:37,550 - INFO - ------------------Transformer Contrastive Evaluation---------------------
2025-05-07 16:53:37,550 - INFO - Accuracy: 0.0000
2025-05-07 16:53:37,550 - INFO - Precision (macro): 0.0000
2025-05-07 16:53:37,550 - INFO - Recall (macro): 0.0000
2025-05-07 16:53:37,550 - INFO - F1-Score (macro): 0.0000
2025-05-07 16:53:37,550 - INFO - Confusion Matrix:
2025-05-07 16:53:37,551 - INFO - 
[[ 0  0 10  0  0  0  0  0  0  0  0  0  0  2  0  0  0  0  0]
 [ 0  0  0  0 11  0  0  0  0  0  0  0  0  0  0  0  0  0  0]
 [ 0  0  0  0  0  0  2  0  0  0  2  1  0  0  4  0  2  0  0]
 [ 0  0  0  0  0  0  0  0  0  0  0  0 11  0  0  0  0  0  0]
 [ 0  0  0  0  0  0  0  0  0  0  0  0  0 10  0  0  0  0  0]
 [ 0  0  0  0  0  0  0  0  0  0  0  0 11  0  0  0  0  0  0]
 [ 0  0  4  0  0  0  0  0  0  0  0  0  0  0  0  1  0  5  0]
 [ 0  0  0  0  0  0  0  0  0  0  0  0 10  0  0  0  0  0  0]
 [ 0  0  0  0  0  0  0  0  0  0  0  0 10  0  0  0  0  0  0]
 [ 0  0  0  0  0  0  0  0  0  0  0  0  0  0  0  0  0  0 11]
 [ 0  0  0  0  0  0  0  0  0  0  0  0  0  0  0  0  0  0  0]
 [ 0  0  0  0  0  0  0  0  0  0  0  0  0  0  0  0  0  0  0]
 [ 0  0  0  0  0  0  0  0  0  0  0  0  0  0  0  0  0  0  0]
 [ 0  0  0  0  0  0  0  0  0  0  0  0  0  0  0  0  0  0  0]
 [ 0  0  0  0  0  0  0  0  0  0  0  0  0  0  0  0  0  0  0]
 [ 0  0  0  0  0  0  0  0  0  0  0  0  0  0  0  0  0  0  0]
 [ 0  0  0  0  0  0  0  0  0  0  0  0  0  0  0  0  0  0  0]
 [ 0  0  0  0  0  0  0  0  0  0  0  0  0  0  0  0  0  0  0]
 [ 0  0  0  0  0  0  0  0  0  0  0  0  0  0  0  0  0  0  0]]
2025-05-07 16:53:37,551 - INFO - Fruits
2025-05-07 16:53:37,924 - INFO - ------------------Transformer Contrastive Evaluation---------------------
2025-05-07 16:53:37,924 - INFO - Accuracy: 0.0000
2025-05-07 16:53:37,924 - INFO - Precision (macro): 0.0000
2025-05-07 16:53:37,924 - INFO - Recall (macro): 0.0000
2025-05-07 16:53:37,924 - INFO - F1-Score (macro): 0.0000
2025-05-07 16:53:37,924 - INFO - Confusion Matrix:
2025-05-07 16:53:37,925 - INFO - 
[[ 0  0  0  6  0  0  0  0  0  0  0  0  2  0  3  0]
 [ 0  0  0  0  0  0  0  0  0  0 10  0  0  0  0  0]
 [ 0  0  0  0  0  0  0  0  0  0  0 10  0  0  0  0]
 [ 0  0  0  0  0  0  0  0  0  0 10  0  0  0  0  0]
 [ 0  0  0  0  0  0  0  0  0  0 11  0  0  0  0  0]
 [ 0  0  0  0  0  0  0  0  0  0  0  0 11  0  0  0]
 [ 0  0  0  0  0  0  0  0  0  0  9  0  0  0  0  0]
 [ 0  0  0  0  0  0  0  0  0  0  0  0  0 11  0  0]
 [ 0  0  0  0  0  0  0  0  0  0 10  0  0  0  0  0]
 [ 0  0  0  0  0  0  0  0  0  0  0  0  0  0  0 12]
 [ 0  0  0  0  0  0  0  0  0  0  0  0  0  0  0  0]
 [ 0  0  0  0  0  0  0  0  0  0  0  0  0  0  0  0]
 [ 0  0  0  0  0  0  0  0  0  0  0  0  0  0  0  0]
 [ 0  0  0  0  0  0  0  0  0  0  0  0  0  0  0  0]
 [ 0  0  0  0  0  0  0  0  0  0  0  0  0  0  0  0]
 [ 0  0  0  0  0  0  0  0  0  0  0  0  0  0  0  0]]
2025-05-07 16:53:37,925 - INFO - Vegetables
2025-05-07 16:53:38,298 - INFO - ------------------Transformer Contrastive Evaluation---------------------
2025-05-07 16:53:38,298 - INFO - Accuracy: 0.0000
2025-05-07 16:53:38,298 - INFO - Precision (macro): 0.0000
2025-05-07 16:53:38,298 - INFO - Recall (macro): 0.0000
2025-05-07 16:53:38,298 - INFO - F1-Score (macro): 0.0000
2025-05-07 16:53:38,298 - INFO - Confusion Matrix:
2025-05-07 16:53:38,299 - INFO - 
[[ 0  0  0  0  4  0  6  0  0  0  0  0  0  0  0  0  0  0]
 [ 0  0  0  0  0  5  0  0  0  0  0  0  0  0  0  0  0  5]
 [ 0  0  0  0  0  0  0  0  8  0  0  0  1  0  0  0  0  0]
 [ 0  0  0  0  3  0  0  0  0  7  0  0  0  0  0  0  0  0]
 [ 0  0  0  0  0  0  0  0  0  0 12  0  0  0  0  0  0  0]
 [ 0  0  0  0  0  0  0  0  0  0  0 10  0  0  0  0  0  0]
 [ 0  0  0  0  0  0  0  0  0  0  0  0  0  1  9  0  0  0]
 [ 0  0  0  0  0  0  0  0  0  0  0  0  0  0  0 11  0  0]
 [ 0  0  0  0  0  0  0  0  0  0  0  0 10  0  0  0  0  0]
 [ 0  0  0  0  0  0  0  0  0  0  0  0  0  0  0  0 10  0]
 [ 0  0  0  0  0  0  0  0  0  0  0  0  0  0  0  0  0  0]
 [ 0  0  0  0  0  0  0  0  0  0  0  0  0  0  0  0  0  0]
 [ 0  0  0  0  0  0  0  0  0  0  0  0  0  0  0  0  0  0]
 [ 0  0  0  0  0  0  0  0  0  0  0  0  0  0  0  0  0  0]
 [ 0  0  0  0  0  0  0  0  0  0  0  0  0  0  0  0  0  0]
 [ 0  0  0  0  0  0  0  0  0  0  0  0  0  0  0  0  0  0]
 [ 0  0  0  0  0  0  0  0  0  0  0  0  0  0  0  0  0  0]
 [ 0  0  0  0  0  0  0  0  0  0  0  0  0  0  0  0  0  0]]
