2025-05-08 22:40:42,080 - INFO - Nuts
2025-05-08 22:40:43,124 - INFO - ------------------Test Statistics---------------------
2025-05-08 22:40:43,125 - INFO - Top-1 Accuracy: 61.17%
2025-05-08 22:40:43,125 - INFO - Top-5 Accuracy: 89.32%
2025-05-08 22:40:43,125 - INFO - Spices
2025-05-08 22:40:43,527 - INFO - ------------------Test Statistics---------------------
2025-05-08 22:40:43,527 - INFO - Top-1 Accuracy: 66.32%
2025-05-08 22:40:43,527 - INFO - Top-5 Accuracy: 93.68%
2025-05-08 22:40:43,527 - INFO - Herbs
2025-05-08 22:40:43,959 - INFO - ------------------Test Statistics---------------------
2025-05-08 22:40:43,959 - INFO - Top-1 Accuracy: 59.79%
2025-05-08 22:40:43,959 - INFO - Top-5 Accuracy: 89.69%
2025-05-08 22:40:43,959 - INFO - Fruits
2025-05-08 22:40:44,393 - INFO - ------------------Test Statistics---------------------
2025-05-08 22:40:44,393 - INFO - Top-1 Accuracy: 71.28%
2025-05-08 22:40:44,393 - INFO - Top-5 Accuracy: 90.43%
2025-05-08 22:40:44,393 - INFO - Vegetables
2025-05-08 22:40:44,824 - INFO - ------------------Test Statistics---------------------
2025-05-08 22:40:44,824 - INFO - Top-1 Accuracy: 63.04%
2025-05-08 22:40:44,824 - INFO - Top-5 Accuracy: 90.22%
