2025-05-08 08:55:00,859 - INFO - Nuts
2025-05-08 08:55:02,408 - INFO - ------------------Test Statistics---------------------
2025-05-08 08:55:02,408 - INFO - Top-1 Accuracy: 87.44%
2025-05-08 08:55:02,408 - INFO - Top-5 Accuracy: 100.00%
2025-05-08 08:55:02,408 - INFO - Spices
2025-05-08 08:55:03,343 - INFO - ------------------Test Statistics---------------------
2025-05-08 08:55:03,344 - INFO - Top-1 Accuracy: 37.90%
2025-05-08 08:55:03,344 - INFO - Top-5 Accuracy: 51.46%
2025-05-08 08:55:03,344 - INFO - Herbs
2025-05-08 08:55:04,239 - INFO - ------------------Test Statistics---------------------
2025-05-08 08:55:04,240 - INFO - Top-1 Accuracy: 40.31%
2025-05-08 08:55:04,240 - INFO - Top-5 Accuracy: 76.90%
2025-05-08 08:55:04,240 - INFO - Fruits
2025-05-08 08:55:05,153 - INFO - ------------------Test Statistics---------------------
2025-05-08 08:55:05,153 - INFO - Top-1 Accuracy: 60.90%
2025-05-08 08:55:05,153 - INFO - Top-5 Accuracy: 71.80%
2025-05-08 08:55:05,153 - INFO - Vegetables
2025-05-08 08:55:06,081 - INFO - ------------------Test Statistics---------------------
2025-05-08 08:55:06,081 - INFO - Top-1 Accuracy: 77.46%
2025-05-08 08:55:06,081 - INFO - Top-5 Accuracy: 81.69%
