2025-05-06 14:32:39,219 - INFO - Epoch 1/20, Loss: 1.5630
2025-05-06 14:32:55,106 - INFO - Epoch 2/20, Loss: 1.2084
2025-05-06 14:33:11,002 - INFO - Epoch 3/20, Loss: 1.1611
2025-05-06 14:33:26,931 - INFO - Epoch 4/20, Loss: 1.1418
2025-05-06 14:33:42,836 - INFO - Epoch 5/20, Loss: 1.1338
2025-05-06 14:33:58,805 - INFO - Epoch 6/20, Loss: 1.1244
2025-05-06 14:34:14,727 - INFO - Epoch 7/20, Loss: 1.1227
2025-05-06 14:34:30,563 - INFO - Epoch 8/20, Loss: 1.1130
2025-05-06 14:34:46,539 - INFO - Epoch 9/20, Loss: 1.1098
2025-05-06 14:35:02,500 - INFO - Epoch 10/20, Loss: 1.1102
2025-05-06 14:35:18,382 - INFO - Epoch 11/20, Loss: 1.1065
2025-05-06 14:35:34,238 - INFO - Epoch 12/20, Loss: 1.1046
2025-05-06 14:35:50,153 - INFO - Epoch 13/20, Loss: 1.1001
2025-05-06 14:36:06,081 - INFO - Epoch 14/20, Loss: 1.1036
2025-05-06 14:36:21,999 - INFO - Epoch 15/20, Loss: 1.0982
2025-05-06 14:36:37,869 - INFO - Epoch 16/20, Loss: 1.0965
2025-05-06 14:36:53,792 - INFO - Epoch 17/20, Loss: 1.0977
2025-05-06 14:37:09,700 - INFO - Epoch 18/20, Loss: 1.0958
2025-05-06 14:37:25,624 - INFO - Epoch 19/20, Loss: 1.0929
2025-05-06 14:37:41,577 - INFO - Epoch 20/20, Loss: 1.0931
2025-05-06 14:37:41,916 - INFO - Similarity matrix shape: torch.Size([30007, 50])
2025-05-06 14:37:41,923 - INFO - ------------------Predictions---------------------
2025-05-06 14:37:41,923 - INFO - [32 32 32 ... 32 32 32]
2025-05-06 14:37:41,964 - INFO - ------------------Test Statistics---------------------
2025-05-06 14:37:41,964 - INFO - Accuracy: 0.2604
2025-05-06 14:37:41,964 - INFO - Precision (macro): 0.2619
2025-05-06 14:37:41,964 - INFO - Recall (macro): 0.2578
2025-05-06 14:37:41,964 - INFO - F1-Score (macro): 0.2366
2025-05-06 14:37:41,964 - INFO - Confusion Matrix:
2025-05-06 14:37:41,964 - INFO - 
[[  0   0   0 ...   0   0   0]
 [  0 629   0 ...   0   0   0]
 [  0   0 657 ...   0   0   0]
 ...
 [  0   0   0 ...   0   0   0]
 [  0   0   0 ... 602   0   0]
 [  0   0   0 ...   0   0   0]]
