2025-05-08 08:53:18,436 - INFO - Nuts
2025-05-08 08:53:20,011 - INFO - ------------------Test Statistics---------------------
2025-05-08 08:53:20,011 - INFO - Top-1 Accuracy: 70.72%
2025-05-08 08:53:20,012 - INFO - Top-5 Accuracy: 100.00%
2025-05-08 08:53:20,012 - INFO - Spices
2025-05-08 08:53:20,941 - INFO - ------------------Test Statistics---------------------
2025-05-08 08:53:20,941 - INFO - Top-1 Accuracy: 37.72%
2025-05-08 08:53:20,941 - INFO - Top-5 Accuracy: 61.11%
2025-05-08 08:53:20,941 - INFO - Herbs
2025-05-08 08:53:21,825 - INFO - ------------------Test Statistics---------------------
2025-05-08 08:53:21,825 - INFO - Top-1 Accuracy: 55.67%
2025-05-08 08:53:21,825 - INFO - Top-5 Accuracy: 57.37%
2025-05-08 08:53:21,825 - INFO - Fruits
2025-05-08 08:53:22,727 - INFO - ------------------Test Statistics---------------------
2025-05-08 08:53:22,727 - INFO - Top-1 Accuracy: 39.15%
2025-05-08 08:53:22,727 - INFO - Top-5 Accuracy: 70.81%
2025-05-08 08:53:22,727 - INFO - Vegetables
2025-05-08 08:53:23,628 - INFO - ------------------Test Statistics---------------------
2025-05-08 08:53:23,628 - INFO - Top-1 Accuracy: 66.77%
2025-05-08 08:53:23,628 - INFO - Top-5 Accuracy: 82.22%
