2025-05-08 08:48:22,572 - INFO - Nuts
2025-05-08 08:48:24,381 - INFO - ------------------Test Statistics---------------------
2025-05-08 08:48:24,382 - INFO - Top-1 Accuracy: 54.26%
2025-05-08 08:48:24,382 - INFO - Top-5 Accuracy: 74.67%
2025-05-08 08:48:24,382 - INFO - Spices
2025-05-08 08:48:25,534 - INFO - ------------------Test Statistics---------------------
2025-05-08 08:48:25,534 - INFO - Top-1 Accuracy: 54.26%
2025-05-08 08:48:25,534 - INFO - Top-5 Accuracy: 74.67%
2025-05-08 08:48:25,534 - INFO - Herbs
2025-05-08 08:48:26,821 - INFO - ------------------Test Statistics---------------------
2025-05-08 08:48:26,821 - INFO - Top-1 Accuracy: 54.26%
2025-05-08 08:48:26,821 - INFO - Top-5 Accuracy: 74.67%
2025-05-08 08:48:26,821 - INFO - Fruits
2025-05-08 08:48:27,847 - INFO - ------------------Test Statistics---------------------
2025-05-08 08:48:27,847 - INFO - Top-1 Accuracy: 54.26%
2025-05-08 08:48:27,847 - INFO - Top-5 Accuracy: 74.67%
2025-05-08 08:48:27,847 - INFO - Vegetables
2025-05-08 08:48:28,995 - INFO - ------------------Test Statistics---------------------
2025-05-08 08:48:28,995 - INFO - Top-1 Accuracy: 54.26%
2025-05-08 08:48:28,995 - INFO - Top-5 Accuracy: 74.67%
