2025-05-08 08:49:49,333 - INFO - Nuts
2025-05-08 08:49:51,158 - INFO - ------------------Test Statistics---------------------
2025-05-08 08:49:51,159 - INFO - Top-1 Accuracy: 54.26%
2025-05-08 08:49:51,159 - INFO - Top-5 Accuracy: 74.67%
2025-05-08 08:49:51,159 - INFO - Spices
2025-05-08 08:49:52,316 - INFO - ------------------Test Statistics---------------------
2025-05-08 08:49:52,316 - INFO - Top-1 Accuracy: 54.26%
2025-05-08 08:49:52,316 - INFO - Top-5 Accuracy: 74.67%
2025-05-08 08:49:52,316 - INFO - Herbs
2025-05-08 08:49:53,572 - INFO - ------------------Test Statistics---------------------
2025-05-08 08:49:53,572 - INFO - Top-1 Accuracy: 54.26%
2025-05-08 08:49:53,572 - INFO - Top-5 Accuracy: 74.67%
2025-05-08 08:49:53,572 - INFO - Fruits
2025-05-08 08:49:54,580 - INFO - ------------------Test Statistics---------------------
2025-05-08 08:49:54,580 - INFO - Top-1 Accuracy: 54.26%
2025-05-08 08:49:54,580 - INFO - Top-5 Accuracy: 74.67%
2025-05-08 08:49:54,580 - INFO - Vegetables
2025-05-08 08:49:55,710 - INFO - ------------------Test Statistics---------------------
2025-05-08 08:49:55,710 - INFO - Top-1 Accuracy: 54.26%
2025-05-08 08:49:55,710 - INFO - Top-5 Accuracy: 74.67%
