2025-05-07 15:53:14,182 - INFO - Nuts
2025-05-07 15:53:15,588 - INFO - ------------------Transformer Contrastive Evaluation---------------------
2025-05-07 15:53:15,588 - INFO - Accuracy: 0.5782
2025-05-07 15:53:15,588 - INFO - Precision (macro): 0.5845
2025-05-07 15:53:15,588 - INFO - Recall (macro): 0.5623
2025-05-07 15:53:15,589 - INFO - F1-Score (macro): 0.5418
2025-05-07 15:53:15,589 - INFO - Confusion Matrix:
2025-05-07 15:53:15,589 - INFO - 
[[ 0  0  0 ...  0  0  0]
 [ 0 11  0 ...  0  0  0]
 [ 0  0 10 ...  0  0  0]
 ...
 [ 0  0  0 ... 10  0  0]
 [ 0  0  0 ...  0 11  0]
 [ 0  0  0 ...  0  0 16]]
2025-05-07 15:53:15,589 - INFO - Spices
2025-05-07 15:53:16,439 - INFO - ------------------Transformer Contrastive Evaluation---------------------
2025-05-07 15:53:16,440 - INFO - Accuracy: 0.5782
2025-05-07 15:53:16,440 - INFO - Precision (macro): 0.5845
2025-05-07 15:53:16,440 - INFO - Recall (macro): 0.5623
2025-05-07 15:53:16,440 - INFO - F1-Score (macro): 0.5418
2025-05-07 15:53:16,440 - INFO - Confusion Matrix:
2025-05-07 15:53:16,440 - INFO - 
[[ 0  0  0 ...  0  0  0]
 [ 0 11  0 ...  0  0  0]
 [ 0  0 10 ...  0  0  0]
 ...
 [ 0  0  0 ... 10  0  0]
 [ 0  0  0 ...  0 11  0]
 [ 0  0  0 ...  0  0 16]]
2025-05-07 15:53:16,440 - INFO - Herbs
2025-05-07 15:53:17,267 - INFO - ------------------Transformer Contrastive Evaluation---------------------
2025-05-07 15:53:17,267 - INFO - Accuracy: 0.5782
2025-05-07 15:53:17,267 - INFO - Precision (macro): 0.5845
2025-05-07 15:53:17,267 - INFO - Recall (macro): 0.5623
2025-05-07 15:53:17,267 - INFO - F1-Score (macro): 0.5418
2025-05-07 15:53:17,267 - INFO - Confusion Matrix:
2025-05-07 15:53:17,267 - INFO - 
[[ 0  0  0 ...  0  0  0]
 [ 0 11  0 ...  0  0  0]
 [ 0  0 10 ...  0  0  0]
 ...
 [ 0  0  0 ... 10  0  0]
 [ 0  0  0 ...  0 11  0]
 [ 0  0  0 ...  0  0 16]]
2025-05-07 15:53:17,267 - INFO - Fruits
2025-05-07 15:53:18,102 - INFO - ------------------Transformer Contrastive Evaluation---------------------
2025-05-07 15:53:18,102 - INFO - Accuracy: 0.5782
2025-05-07 15:53:18,102 - INFO - Precision (macro): 0.5845
2025-05-07 15:53:18,102 - INFO - Recall (macro): 0.5623
2025-05-07 15:53:18,102 - INFO - F1-Score (macro): 0.5418
2025-05-07 15:53:18,102 - INFO - Confusion Matrix:
2025-05-07 15:53:18,102 - INFO - 
[[ 0  0  0 ...  0  0  0]
 [ 0 11  0 ...  0  0  0]
 [ 0  0 10 ...  0  0  0]
 ...
 [ 0  0  0 ... 10  0  0]
 [ 0  0  0 ...  0 11  0]
 [ 0  0  0 ...  0  0 16]]
2025-05-07 15:53:18,102 - INFO - Vegetables
2025-05-07 15:53:18,983 - INFO - ------------------Transformer Contrastive Evaluation---------------------
2025-05-07 15:53:18,983 - INFO - Accuracy: 0.5782
2025-05-07 15:53:18,983 - INFO - Precision (macro): 0.5845
2025-05-07 15:53:18,983 - INFO - Recall (macro): 0.5623
2025-05-07 15:53:18,983 - INFO - F1-Score (macro): 0.5418
2025-05-07 15:53:18,983 - INFO - Confusion Matrix:
2025-05-07 15:53:18,983 - INFO - 
[[ 0  0  0 ...  0  0  0]
 [ 0 11  0 ...  0  0  0]
 [ 0  0 10 ...  0  0  0]
 ...
 [ 0  0  0 ... 10  0  0]
 [ 0  0  0 ...  0 11  0]
 [ 0  0  0 ...  0  0 16]]
