2025-05-07 15:52:22,931 - INFO - Nuts
2025-05-07 15:52:24,312 - INFO - ------------------Transformer Contrastive Evaluation---------------------
2025-05-07 15:52:24,312 - INFO - Accuracy: 0.5782
2025-05-07 15:52:24,312 - INFO - Precision (macro): 0.5845
2025-05-07 15:52:24,312 - INFO - Recall (macro): 0.5623
2025-05-07 15:52:24,312 - INFO - F1-Score (macro): 0.5418
2025-05-07 15:52:24,312 - INFO - Confusion Matrix:
2025-05-07 15:52:24,312 - INFO - 
[[ 0  0  0 ...  0  0  0]
 [ 0 11  0 ...  0  0  0]
 [ 0  0 10 ...  0  0  0]
 ...
 [ 0  0  0 ... 10  0  0]
 [ 0  0  0 ...  0 11  0]
 [ 0  0  0 ...  0  0 16]]
2025-05-07 15:52:24,312 - INFO - Spices
2025-05-07 15:52:25,161 - INFO - ------------------Transformer Contrastive Evaluation---------------------
2025-05-07 15:52:25,161 - INFO - Accuracy: 0.5782
2025-05-07 15:52:25,161 - INFO - Precision (macro): 0.5845
2025-05-07 15:52:25,161 - INFO - Recall (macro): 0.5623
2025-05-07 15:52:25,161 - INFO - F1-Score (macro): 0.5418
2025-05-07 15:52:25,161 - INFO - Confusion Matrix:
2025-05-07 15:52:25,162 - INFO - 
[[ 0  0  0 ...  0  0  0]
 [ 0 11  0 ...  0  0  0]
 [ 0  0 10 ...  0  0  0]
 ...
 [ 0  0  0 ... 10  0  0]
 [ 0  0  0 ...  0 11  0]
 [ 0  0  0 ...  0  0 16]]
2025-05-07 15:52:25,162 - INFO - Herbs
2025-05-07 15:52:25,985 - INFO - ------------------Transformer Contrastive Evaluation---------------------
2025-05-07 15:52:25,985 - INFO - Accuracy: 0.5782
2025-05-07 15:52:25,985 - INFO - Precision (macro): 0.5845
2025-05-07 15:52:25,985 - INFO - Recall (macro): 0.5623
2025-05-07 15:52:25,985 - INFO - F1-Score (macro): 0.5418
2025-05-07 15:52:25,985 - INFO - Confusion Matrix:
2025-05-07 15:52:25,985 - INFO - 
[[ 0  0  0 ...  0  0  0]
 [ 0 11  0 ...  0  0  0]
 [ 0  0 10 ...  0  0  0]
 ...
 [ 0  0  0 ... 10  0  0]
 [ 0  0  0 ...  0 11  0]
 [ 0  0  0 ...  0  0 16]]
2025-05-07 15:52:25,985 - INFO - Fruits
2025-05-07 15:52:26,817 - INFO - ------------------Transformer Contrastive Evaluation---------------------
2025-05-07 15:52:26,817 - INFO - Accuracy: 0.5782
2025-05-07 15:52:26,817 - INFO - Precision (macro): 0.5845
2025-05-07 15:52:26,817 - INFO - Recall (macro): 0.5623
2025-05-07 15:52:26,817 - INFO - F1-Score (macro): 0.5418
2025-05-07 15:52:26,817 - INFO - Confusion Matrix:
2025-05-07 15:52:26,817 - INFO - 
[[ 0  0  0 ...  0  0  0]
 [ 0 11  0 ...  0  0  0]
 [ 0  0 10 ...  0  0  0]
 ...
 [ 0  0  0 ... 10  0  0]
 [ 0  0  0 ...  0 11  0]
 [ 0  0  0 ...  0  0 16]]
2025-05-07 15:52:26,817 - INFO - Vegetables
2025-05-07 15:52:27,648 - INFO - ------------------Transformer Contrastive Evaluation---------------------
2025-05-07 15:52:27,648 - INFO - Accuracy: 0.5782
2025-05-07 15:52:27,648 - INFO - Precision (macro): 0.5845
2025-05-07 15:52:27,648 - INFO - Recall (macro): 0.5623
2025-05-07 15:52:27,648 - INFO - F1-Score (macro): 0.5418
2025-05-07 15:52:27,648 - INFO - Confusion Matrix:
2025-05-07 15:52:27,648 - INFO - 
[[ 0  0  0 ...  0  0  0]
 [ 0 11  0 ...  0  0  0]
 [ 0  0 10 ...  0  0  0]
 ...
 [ 0  0  0 ... 10  0  0]
 [ 0  0  0 ...  0 11  0]
 [ 0  0  0 ...  0  0 16]]
