2025-05-07 13:54:47,476 - INFO - Nuts
2025-05-07 13:54:48,541 - INFO - ------------------Transformer Contrastive Evaluation---------------------
2025-05-07 13:54:48,541 - INFO - Accuracy: 0.0000
2025-05-07 13:54:48,541 - INFO - Precision (macro): 0.0000
2025-05-07 13:54:48,541 - INFO - Recall (macro): 0.0000
2025-05-07 13:54:48,541 - INFO - F1-Score (macro): 0.0000
2025-05-07 13:54:48,541 - INFO - Confusion Matrix:
2025-05-07 13:54:48,542 - INFO - 
[[ 0  0  0  0  0  0  0  0  0  0  0 33  0  0  0  0]
 [ 0  0  0  0  0  0  0  0  0  0  0 11  0  0  0  0]
 [ 0  0  0  0  0  0  0  0  1  0  9  0  0  0  1  0]
 [ 0  0  3  0  0  0  0  0  0  3  0 16  0  0  0  0]
 [ 0  0  0  0  0  0  0  0  0  0  0  8  1  2  0  0]
 [ 0  0  0  0  0  0  0  0  0  0  0 21  0  0  0  0]
 [ 0  0  0  0  0  0  0  0  1  0  0 11  0  0  6  4]
 [ 0  0  0  0  0  0  0  0  0  0  0 11  0  0  0  0]
 [ 0  0  0  0  0  0  0  0  0  0  0  0  0  0  0  0]
 [ 0  0  0  0  0  0  0  0  0  0  0  0  0  0  0  0]
 [ 0  0  0  0  0  0  0  0  0  0  0  0  0  0  0  0]
 [ 0  0  0  0  0  0  0  0  0  0  0  0  0  0  0  0]
 [ 0  0  0  0  0  0  0  0  0  0  0  0  0  0  0  0]
 [ 0  0  0  0  0  0  0  0  0  0  0  0  0  0  0  0]
 [ 0  0  0  0  0  0  0  0  0  0  0  0  0  0  0  0]
 [ 0  0  0  0  0  0  0  0  0  0  0  0  0  0  0  0]]
2025-05-07 13:54:48,542 - INFO - Spices
2025-05-07 13:54:49,011 - INFO - ------------------Transformer Contrastive Evaluation---------------------
2025-05-07 13:54:49,011 - INFO - Accuracy: 0.0000
2025-05-07 13:54:49,011 - INFO - Precision (macro): 0.0000
2025-05-07 13:54:49,011 - INFO - Recall (macro): 0.0000
2025-05-07 13:54:49,011 - INFO - F1-Score (macro): 0.0000
2025-05-07 13:54:49,011 - INFO - Confusion Matrix:
2025-05-07 13:54:49,011 - INFO - 
[[ 0  0  0  0  0  0  0  0  0  0  0 33  0  0  0  0]
 [ 0  0  0  0  0  0  0  0  0  0  0 11  0  0  0  0]
 [ 0  0  0  0  0  0  0  0  1  0  9  0  0  0  1  0]
 [ 0  0  3  0  0  0  0  0  0  3  0 16  0  0  0  0]
 [ 0  0  0  0  0  0  0  0  0  0  0  8  1  2  0  0]
 [ 0  0  0  0  0  0  0  0  0  0  0 21  0  0  0  0]
 [ 0  0  0  0  0  0  0  0  1  0  0 11  0  0  6  4]
 [ 0  0  0  0  0  0  0  0  0  0  0 11  0  0  0  0]
 [ 0  0  0  0  0  0  0  0  0  0  0  0  0  0  0  0]
 [ 0  0  0  0  0  0  0  0  0  0  0  0  0  0  0  0]
 [ 0  0  0  0  0  0  0  0  0  0  0  0  0  0  0  0]
 [ 0  0  0  0  0  0  0  0  0  0  0  0  0  0  0  0]
 [ 0  0  0  0  0  0  0  0  0  0  0  0  0  0  0  0]
 [ 0  0  0  0  0  0  0  0  0  0  0  0  0  0  0  0]
 [ 0  0  0  0  0  0  0  0  0  0  0  0  0  0  0  0]
 [ 0  0  0  0  0  0  0  0  0  0  0  0  0  0  0  0]]
2025-05-07 13:54:49,011 - INFO - Herbs
2025-05-07 13:54:49,460 - INFO - ------------------Transformer Contrastive Evaluation---------------------
2025-05-07 13:54:49,460 - INFO - Accuracy: 0.0000
2025-05-07 13:54:49,460 - INFO - Precision (macro): 0.0000
2025-05-07 13:54:49,460 - INFO - Recall (macro): 0.0000
2025-05-07 13:54:49,460 - INFO - F1-Score (macro): 0.0000
2025-05-07 13:54:49,460 - INFO - Confusion Matrix:
2025-05-07 13:54:49,460 - INFO - 
[[ 0  0  0  0  0  0  0  0  0  0  0 33  0  0  0  0]
 [ 0  0  0  0  0  0  0  0  0  0  0 11  0  0  0  0]
 [ 0  0  0  0  0  0  0  0  1  0  9  0  0  0  1  0]
 [ 0  0  3  0  0  0  0  0  0  3  0 16  0  0  0  0]
 [ 0  0  0  0  0  0  0  0  0  0  0  8  1  2  0  0]
 [ 0  0  0  0  0  0  0  0  0  0  0 21  0  0  0  0]
 [ 0  0  0  0  0  0  0  0  1  0  0 11  0  0  6  4]
 [ 0  0  0  0  0  0  0  0  0  0  0 11  0  0  0  0]
 [ 0  0  0  0  0  0  0  0  0  0  0  0  0  0  0  0]
 [ 0  0  0  0  0  0  0  0  0  0  0  0  0  0  0  0]
 [ 0  0  0  0  0  0  0  0  0  0  0  0  0  0  0  0]
 [ 0  0  0  0  0  0  0  0  0  0  0  0  0  0  0  0]
 [ 0  0  0  0  0  0  0  0  0  0  0  0  0  0  0  0]
 [ 0  0  0  0  0  0  0  0  0  0  0  0  0  0  0  0]
 [ 0  0  0  0  0  0  0  0  0  0  0  0  0  0  0  0]
 [ 0  0  0  0  0  0  0  0  0  0  0  0  0  0  0  0]]
2025-05-07 13:54:49,461 - INFO - Fruits
2025-05-07 13:54:49,925 - INFO - ------------------Transformer Contrastive Evaluation---------------------
2025-05-07 13:54:49,925 - INFO - Accuracy: 0.0000
2025-05-07 13:54:49,925 - INFO - Precision (macro): 0.0000
2025-05-07 13:54:49,925 - INFO - Recall (macro): 0.0000
2025-05-07 13:54:49,925 - INFO - F1-Score (macro): 0.0000
2025-05-07 13:54:49,925 - INFO - Confusion Matrix:
2025-05-07 13:54:49,925 - INFO - 
[[ 0  0  0  0  0  0  0  0  0  0  0 33  0  0  0  0]
 [ 0  0  0  0  0  0  0  0  0  0  0 11  0  0  0  0]
 [ 0  0  0  0  0  0  0  0  1  0  9  0  0  0  1  0]
 [ 0  0  3  0  0  0  0  0  0  3  0 16  0  0  0  0]
 [ 0  0  0  0  0  0  0  0  0  0  0  8  1  2  0  0]
 [ 0  0  0  0  0  0  0  0  0  0  0 21  0  0  0  0]
 [ 0  0  0  0  0  0  0  0  1  0  0 11  0  0  6  4]
 [ 0  0  0  0  0  0  0  0  0  0  0 11  0  0  0  0]
 [ 0  0  0  0  0  0  0  0  0  0  0  0  0  0  0  0]
 [ 0  0  0  0  0  0  0  0  0  0  0  0  0  0  0  0]
 [ 0  0  0  0  0  0  0  0  0  0  0  0  0  0  0  0]
 [ 0  0  0  0  0  0  0  0  0  0  0  0  0  0  0  0]
 [ 0  0  0  0  0  0  0  0  0  0  0  0  0  0  0  0]
 [ 0  0  0  0  0  0  0  0  0  0  0  0  0  0  0  0]
 [ 0  0  0  0  0  0  0  0  0  0  0  0  0  0  0  0]
 [ 0  0  0  0  0  0  0  0  0  0  0  0  0  0  0  0]]
2025-05-07 13:54:49,925 - INFO - Vegetables
2025-05-07 13:54:50,390 - INFO - ------------------Transformer Contrastive Evaluation---------------------
2025-05-07 13:54:50,390 - INFO - Accuracy: 0.0000
2025-05-07 13:54:50,390 - INFO - Precision (macro): 0.0000
2025-05-07 13:54:50,390 - INFO - Recall (macro): 0.0000
2025-05-07 13:54:50,390 - INFO - F1-Score (macro): 0.0000
2025-05-07 13:54:50,390 - INFO - Confusion Matrix:
2025-05-07 13:54:50,391 - INFO - 
[[ 0  0  0  0  0  0  0  0  0  0  0 33  0  0  0  0]
 [ 0  0  0  0  0  0  0  0  0  0  0 11  0  0  0  0]
 [ 0  0  0  0  0  0  0  0  1  0  9  0  0  0  1  0]
 [ 0  0  3  0  0  0  0  0  0  3  0 16  0  0  0  0]
 [ 0  0  0  0  0  0  0  0  0  0  0  8  1  2  0  0]
 [ 0  0  0  0  0  0  0  0  0  0  0 21  0  0  0  0]
 [ 0  0  0  0  0  0  0  0  1  0  0 11  0  0  6  4]
 [ 0  0  0  0  0  0  0  0  0  0  0 11  0  0  0  0]
 [ 0  0  0  0  0  0  0  0  0  0  0  0  0  0  0  0]
 [ 0  0  0  0  0  0  0  0  0  0  0  0  0  0  0  0]
 [ 0  0  0  0  0  0  0  0  0  0  0  0  0  0  0  0]
 [ 0  0  0  0  0  0  0  0  0  0  0  0  0  0  0  0]
 [ 0  0  0  0  0  0  0  0  0  0  0  0  0  0  0  0]
 [ 0  0  0  0  0  0  0  0  0  0  0  0  0  0  0  0]
 [ 0  0  0  0  0  0  0  0  0  0  0  0  0  0  0  0]
 [ 0  0  0  0  0  0  0  0  0  0  0  0  0  0  0  0]]
