2025-05-06 13:52:29,471 - INFO - Ready for training......
2025-05-06 13:52:29,471 - INFO - Running on device cuda
2025-05-06 13:52:31,834 - INFO - Epoch 01: Loss = 62.5978, Accuracy = 2.00%
2025-05-06 13:52:33,863 - INFO - Epoch 02: Loss = 61.1913, Accuracy = 4.00%
2025-05-06 13:52:35,885 - INFO - Epoch 03: Loss = 60.4612, Accuracy = 5.20%
2025-05-06 13:52:37,899 - INFO - Epoch 04: Loss = 59.4454, Accuracy = 7.20%
2025-05-06 13:52:39,911 - INFO - Epoch 05: Loss = 59.3643, Accuracy = 7.60%
2025-05-06 13:52:41,926 - INFO - Epoch 06: Loss = 58.9422, Accuracy = 9.20%
2025-05-06 13:52:43,936 - INFO - Epoch 07: Loss = 58.2902, Accuracy = 8.00%
2025-05-06 13:52:45,946 - INFO - Epoch 08: Loss = 57.9887, Accuracy = 8.80%
2025-05-06 13:52:47,962 - INFO - Epoch 09: Loss = 58.1484, Accuracy = 8.00%
2025-05-06 13:52:49,976 - INFO - Epoch 10: Loss = 57.1641, Accuracy = 11.20%
2025-05-06 13:52:51,986 - INFO - Epoch 11: Loss = 56.9390, Accuracy = 10.80%
2025-05-06 13:52:53,992 - INFO - Epoch 12: Loss = 56.7810, Accuracy = 10.80%
2025-05-06 13:52:56,000 - INFO - Epoch 13: Loss = 56.5520, Accuracy = 8.80%
2025-05-06 13:52:58,018 - INFO - Epoch 14: Loss = 56.3266, Accuracy = 10.40%
2025-05-06 13:53:00,024 - INFO - Epoch 15: Loss = 55.8118, Accuracy = 10.80%
2025-05-06 13:53:02,041 - INFO - Epoch 16: Loss = 55.3772, Accuracy = 12.00%
2025-05-06 13:53:04,063 - INFO - Epoch 17: Loss = 55.1181, Accuracy = 11.60%
2025-05-06 13:53:06,100 - INFO - Epoch 18: Loss = 54.5462, Accuracy = 10.40%
2025-05-06 13:53:08,155 - INFO - Epoch 19: Loss = 54.6228, Accuracy = 11.20%
2025-05-06 13:53:10,219 - INFO - Epoch 20: Loss = 53.8437, Accuracy = 13.20%
2025-05-06 13:53:12,300 - INFO - Epoch 21: Loss = 53.6506, Accuracy = 14.00%
2025-05-06 13:53:14,479 - INFO - Epoch 22: Loss = 53.3528, Accuracy = 14.00%
2025-05-06 13:53:16,619 - INFO - Epoch 23: Loss = 52.4689, Accuracy = 13.60%
2025-05-06 13:53:18,690 - INFO - Epoch 24: Loss = 52.9355, Accuracy = 14.80%
2025-05-06 13:53:20,776 - INFO - Epoch 25: Loss = 51.7316, Accuracy = 15.60%
2025-05-06 13:53:22,852 - INFO - Epoch 26: Loss = 52.3955, Accuracy = 16.00%
2025-05-06 13:53:24,902 - INFO - Epoch 27: Loss = 51.4137, Accuracy = 16.80%
2025-05-06 13:53:26,965 - INFO - Epoch 28: Loss = 51.0695, Accuracy = 15.20%
2025-05-06 13:53:29,036 - INFO - Epoch 29: Loss = 51.1141, Accuracy = 16.40%
2025-05-06 13:53:31,104 - INFO - Epoch 30: Loss = 50.4321, Accuracy = 20.00%
2025-05-06 13:53:33,303 - INFO - Epoch 31: Loss = 50.0525, Accuracy = 20.00%
2025-05-06 13:53:35,636 - INFO - Epoch 32: Loss = 50.2072, Accuracy = 18.80%
2025-05-06 13:53:37,840 - INFO - Epoch 33: Loss = 49.7817, Accuracy = 21.20%
2025-05-06 13:53:40,023 - INFO - Epoch 34: Loss = 49.3263, Accuracy = 21.60%
2025-05-06 13:53:42,134 - INFO - Epoch 35: Loss = 49.1118, Accuracy = 20.40%
2025-05-06 13:53:44,222 - INFO - Epoch 36: Loss = 49.1665, Accuracy = 17.20%
2025-05-06 13:53:46,289 - INFO - Epoch 37: Loss = 48.5296, Accuracy = 19.60%
2025-05-06 13:53:48,346 - INFO - Epoch 38: Loss = 48.1385, Accuracy = 21.20%
2025-05-06 13:53:50,400 - INFO - Epoch 39: Loss = 47.6820, Accuracy = 19.60%
2025-05-06 13:53:52,461 - INFO - Epoch 40: Loss = 47.7136, Accuracy = 22.80%
2025-05-06 13:53:54,526 - INFO - Epoch 41: Loss = 47.0277, Accuracy = 23.20%
2025-05-06 13:53:56,596 - INFO - Epoch 42: Loss = 47.5988, Accuracy = 22.80%
2025-05-06 13:53:58,670 - INFO - Epoch 43: Loss = 46.7604, Accuracy = 20.80%
2025-05-06 13:54:00,728 - INFO - Epoch 44: Loss = 45.8874, Accuracy = 25.20%
2025-05-06 13:54:02,798 - INFO - Epoch 45: Loss = 46.3506, Accuracy = 21.20%
2025-05-06 13:54:04,822 - INFO - Epoch 46: Loss = 45.5521, Accuracy = 24.00%
2025-05-06 13:54:06,904 - INFO - Epoch 47: Loss = 45.4967, Accuracy = 24.00%
2025-05-06 13:54:08,981 - INFO - Epoch 48: Loss = 45.1917, Accuracy = 23.20%
2025-05-06 13:54:11,049 - INFO - Epoch 49: Loss = 44.4682, Accuracy = 26.40%
2025-05-06 13:54:13,143 - INFO - Epoch 50: Loss = 44.8761, Accuracy = 22.00%
2025-05-06 13:54:13,413 - INFO - ✅ Window-Level Test Accuracy: 22.89%
2025-05-06 13:54:13,413 - INFO - True: ginger          | Predicted: cumin
2025-05-06 13:54:13,413 - INFO - True: ginger          | Predicted: cumin
2025-05-06 13:54:13,413 - INFO - True: ginger          | Predicted: cumin
2025-05-06 13:54:13,413 - INFO - True: ginger          | Predicted: cumin
2025-05-06 13:54:13,413 - INFO - True: ginger          | Predicted: cumin
2025-05-06 13:54:13,413 - INFO - True: ginger          | Predicted: cumin
2025-05-06 13:54:13,413 - INFO - True: ginger          | Predicted: cumin
2025-05-06 13:54:13,413 - INFO - True: ginger          | Predicted: cumin
2025-05-06 13:54:13,413 - INFO - True: ginger          | Predicted: cumin
2025-05-06 13:54:13,413 - INFO - True: brazil_nut      | Predicted: pili_nut
2025-05-06 13:54:13,413 - INFO - True: brazil_nut      | Predicted: pili_nut
2025-05-06 13:54:13,413 - INFO - True: brazil_nut      | Predicted: pili_nut
2025-05-06 13:54:13,413 - INFO - True: brazil_nut      | Predicted: pili_nut
2025-05-06 13:54:13,413 - INFO - True: brazil_nut      | Predicted: pili_nut
2025-05-06 13:54:13,413 - INFO - True: brazil_nut      | Predicted: pili_nut
2025-05-06 13:54:13,413 - INFO - True: brazil_nut      | Predicted: chervil
2025-05-06 13:54:13,413 - INFO - True: brazil_nut      | Predicted: chervil
2025-05-06 13:54:13,413 - INFO - True: brazil_nut      | Predicted: chervil
2025-05-06 13:54:13,413 - INFO - True: walnuts         | Predicted: peanuts
2025-05-06 13:54:13,413 - INFO - True: walnuts         | Predicted: peanuts
2025-05-06 13:54:13,413 - INFO - True: walnuts         | Predicted: peanuts
2025-05-06 13:54:13,413 - INFO - True: walnuts         | Predicted: peanuts
2025-05-06 13:54:13,413 - INFO - True: walnuts         | Predicted: peanuts
2025-05-06 13:54:13,413 - INFO - True: walnuts         | Predicted: peanuts
2025-05-06 13:54:13,413 - INFO - True: walnuts         | Predicted: peanuts
2025-05-06 13:54:13,413 - INFO - True: walnuts         | Predicted: peanuts
2025-05-06 13:54:13,413 - INFO - True: walnuts         | Predicted: peanuts
2025-05-06 13:54:13,413 - INFO - True: oregano         | Predicted: cumin
2025-05-06 13:54:13,413 - INFO - True: oregano         | Predicted: cumin
2025-05-06 13:54:13,413 - INFO - True: oregano         | Predicted: cumin
2025-05-06 13:54:13,413 - INFO - True: oregano         | Predicted: cumin
2025-05-06 13:54:13,413 - INFO - True: oregano         | Predicted: cumin
2025-05-06 13:54:13,414 - INFO - True: oregano         | Predicted: cumin
2025-05-06 13:54:13,414 - INFO - True: oregano         | Predicted: cumin
2025-05-06 13:54:13,414 - INFO - True: oregano         | Predicted: cumin
2025-05-06 13:54:13,414 - INFO - True: oregano         | Predicted: cumin
2025-05-06 13:54:13,414 - INFO - True: cabbage         | Predicted: cabbage
2025-05-06 13:54:13,414 - INFO - True: cabbage         | Predicted: cabbage
2025-05-06 13:54:13,414 - INFO - True: cabbage         | Predicted: cabbage
2025-05-06 13:54:13,414 - INFO - True: cabbage         | Predicted: cabbage
2025-05-06 13:54:13,414 - INFO - True: cabbage         | Predicted: cabbage
2025-05-06 13:54:13,414 - INFO - True: cabbage         | Predicted: cabbage
2025-05-06 13:54:13,414 - INFO - True: cabbage         | Predicted: cabbage
2025-05-06 13:54:13,414 - INFO - True: cabbage         | Predicted: cabbage
2025-05-06 13:54:13,414 - INFO - True: cabbage         | Predicted: cabbage
2025-05-06 13:54:13,414 - INFO - True: mustard         | Predicted: cabbage
2025-05-06 13:54:13,414 - INFO - True: mustard         | Predicted: cabbage
2025-05-06 13:54:13,414 - INFO - True: mustard         | Predicted: cabbage
2025-05-06 13:54:13,414 - INFO - True: mustard         | Predicted: cabbage
2025-05-06 13:54:13,414 - INFO - True: mustard         | Predicted: cabbage
2025-05-06 13:54:13,414 - INFO - True: mustard         | Predicted: cabbage
2025-05-06 13:54:13,414 - INFO - True: mustard         | Predicted: cabbage
2025-05-06 13:54:13,414 - INFO - True: mustard         | Predicted: cabbage
2025-05-06 13:54:13,414 - INFO - True: mustard         | Predicted: cabbage
2025-05-06 13:54:13,414 - INFO - True: chamomile       | Predicted: brussel_sprouts
2025-05-06 13:54:13,414 - INFO - True: chamomile       | Predicted: brussel_sprouts
2025-05-06 13:54:13,414 - INFO - True: chamomile       | Predicted: brussel_sprouts
2025-05-06 13:54:13,414 - INFO - True: chamomile       | Predicted: brussel_sprouts
2025-05-06 13:54:13,414 - INFO - True: chamomile       | Predicted: brussel_sprouts
2025-05-06 13:54:13,414 - INFO - True: chamomile       | Predicted: brussel_sprouts
2025-05-06 13:54:13,414 - INFO - True: chamomile       | Predicted: brussel_sprouts
2025-05-06 13:54:13,414 - INFO - True: chamomile       | Predicted: brussel_sprouts
2025-05-06 13:54:13,414 - INFO - True: chamomile       | Predicted: brussel_sprouts
2025-05-06 13:54:13,414 - INFO - True: tomato          | Predicted: tomato
2025-05-06 13:54:13,414 - INFO - True: tomato          | Predicted: tomato
2025-05-06 13:54:13,414 - INFO - True: tomato          | Predicted: tomato
2025-05-06 13:54:13,414 - INFO - True: tomato          | Predicted: tomato
2025-05-06 13:54:13,414 - INFO - True: tomato          | Predicted: tomato
2025-05-06 13:54:13,414 - INFO - True: tomato          | Predicted: tomato
2025-05-06 13:54:13,414 - INFO - True: tomato          | Predicted: tomato
2025-05-06 13:54:13,414 - INFO - True: tomato          | Predicted: tomato
2025-05-06 13:54:13,414 - INFO - True: tomato          | Predicted: tomato
2025-05-06 13:54:13,414 - INFO - True: broccoli        | Predicted: broccoli
2025-05-06 13:54:13,414 - INFO - True: broccoli        | Predicted: broccoli
2025-05-06 13:54:13,414 - INFO - True: broccoli        | Predicted: broccoli
2025-05-06 13:54:13,414 - INFO - True: broccoli        | Predicted: broccoli
2025-05-06 13:54:13,414 - INFO - True: broccoli        | Predicted: broccoli
2025-05-06 13:54:13,414 - INFO - True: broccoli        | Predicted: broccoli
2025-05-06 13:54:13,414 - INFO - True: broccoli        | Predicted: broccoli
2025-05-06 13:54:13,414 - INFO - True: broccoli        | Predicted: broccoli
2025-05-06 13:54:13,414 - INFO - True: broccoli        | Predicted: cumin
2025-05-06 13:54:13,414 - INFO - True: banana          | Predicted: cumin
2025-05-06 13:54:13,415 - INFO - True: banana          | Predicted: cumin
2025-05-06 13:54:13,415 - INFO - True: banana          | Predicted: cumin
2025-05-06 13:54:13,415 - INFO - True: banana          | Predicted: cumin
2025-05-06 13:54:13,415 - INFO - True: banana          | Predicted: cumin
2025-05-06 13:54:13,415 - INFO - True: banana          | Predicted: cumin
2025-05-06 13:54:13,415 - INFO - True: banana          | Predicted: cumin
2025-05-06 13:54:13,415 - INFO - True: banana          | Predicted: cumin
2025-05-06 13:54:13,415 - INFO - True: banana          | Predicted: cumin
2025-05-06 13:54:13,415 - INFO - True: garlic          | Predicted: cumin
2025-05-06 13:54:13,415 - INFO - True: garlic          | Predicted: cumin
2025-05-06 13:54:13,415 - INFO - True: garlic          | Predicted: cumin
2025-05-06 13:54:13,415 - INFO - True: garlic          | Predicted: cumin
2025-05-06 13:54:13,415 - INFO - True: garlic          | Predicted: cumin
2025-05-06 13:54:13,415 - INFO - True: garlic          | Predicted: cumin
2025-05-06 13:54:13,415 - INFO - True: garlic          | Predicted: cumin
2025-05-06 13:54:13,415 - INFO - True: garlic          | Predicted: cumin
2025-05-06 13:54:13,415 - INFO - True: garlic          | Predicted: cumin
2025-05-06 13:54:13,415 - INFO - True: coriander       | Predicted: cumin
2025-05-06 13:54:13,415 - INFO - True: coriander       | Predicted: cumin
2025-05-06 13:54:13,415 - INFO - True: coriander       | Predicted: cumin
2025-05-06 13:54:13,415 - INFO - True: coriander       | Predicted: cumin
2025-05-06 13:54:13,415 - INFO - True: coriander       | Predicted: cumin
2025-05-06 13:54:13,415 - INFO - True: coriander       | Predicted: cumin
2025-05-06 13:54:13,415 - INFO - True: coriander       | Predicted: cumin
2025-05-06 13:54:13,415 - INFO - True: coriander       | Predicted: cumin
2025-05-06 13:54:13,415 - INFO - True: coriander       | Predicted: cumin
2025-05-06 13:54:13,415 - INFO - True: pecans          | Predicted: pecans
2025-05-06 13:54:13,415 - INFO - True: pecans          | Predicted: pecans
2025-05-06 13:54:13,415 - INFO - True: pecans          | Predicted: pecans
2025-05-06 13:54:13,415 - INFO - True: pecans          | Predicted: pecans
2025-05-06 13:54:13,415 - INFO - True: pecans          | Predicted: pecans
2025-05-06 13:54:13,415 - INFO - True: pecans          | Predicted: pecans
2025-05-06 13:54:13,415 - INFO - True: pecans          | Predicted: pecans
2025-05-06 13:54:13,415 - INFO - True: pecans          | Predicted: pecans
2025-05-06 13:54:13,415 - INFO - True: pecans          | Predicted: pecans
2025-05-06 13:54:13,415 - INFO - True: asparagus       | Predicted: mint
2025-05-06 13:54:13,415 - INFO - True: asparagus       | Predicted: mint
2025-05-06 13:54:13,415 - INFO - True: asparagus       | Predicted: mint
2025-05-06 13:54:13,415 - INFO - True: asparagus       | Predicted: mint
2025-05-06 13:54:13,415 - INFO - True: asparagus       | Predicted: mint
2025-05-06 13:54:13,415 - INFO - True: asparagus       | Predicted: mint
2025-05-06 13:54:13,415 - INFO - True: asparagus       | Predicted: mint
2025-05-06 13:54:13,415 - INFO - True: asparagus       | Predicted: mint
2025-05-06 13:54:13,415 - INFO - True: asparagus       | Predicted: tomato
2025-05-06 13:54:13,415 - INFO - True: brussel_sprouts | Predicted: brussel_sprouts
2025-05-06 13:54:13,415 - INFO - True: brussel_sprouts | Predicted: brussel_sprouts
2025-05-06 13:54:13,415 - INFO - True: brussel_sprouts | Predicted: brussel_sprouts
2025-05-06 13:54:13,415 - INFO - True: brussel_sprouts | Predicted: brussel_sprouts
2025-05-06 13:54:13,415 - INFO - True: brussel_sprouts | Predicted: brussel_sprouts
2025-05-06 13:54:13,415 - INFO - True: brussel_sprouts | Predicted: brussel_sprouts
2025-05-06 13:54:13,416 - INFO - True: brussel_sprouts | Predicted: brussel_sprouts
2025-05-06 13:54:13,416 - INFO - True: brussel_sprouts | Predicted: brussel_sprouts
2025-05-06 13:54:13,416 - INFO - True: brussel_sprouts | Predicted: brussel_sprouts
2025-05-06 13:54:13,416 - INFO - True: avocado         | Predicted: tomato
2025-05-06 13:54:13,416 - INFO - True: avocado         | Predicted: tomato
2025-05-06 13:54:13,416 - INFO - True: avocado         | Predicted: tomato
2025-05-06 13:54:13,416 - INFO - True: avocado         | Predicted: tomato
2025-05-06 13:54:13,416 - INFO - True: avocado         | Predicted: tomato
2025-05-06 13:54:13,416 - INFO - True: avocado         | Predicted: tomato
2025-05-06 13:54:13,416 - INFO - True: avocado         | Predicted: tomato
2025-05-06 13:54:13,416 - INFO - True: avocado         | Predicted: tomato
2025-05-06 13:54:13,416 - INFO - True: avocado         | Predicted: tomato
2025-05-06 13:54:13,416 - INFO - True: almond          | Predicted: almond
2025-05-06 13:54:13,416 - INFO - True: almond          | Predicted: almond
2025-05-06 13:54:13,416 - INFO - True: almond          | Predicted: almond
2025-05-06 13:54:13,416 - INFO - True: almond          | Predicted: almond
2025-05-06 13:54:13,416 - INFO - True: almond          | Predicted: almond
2025-05-06 13:54:13,416 - INFO - True: almond          | Predicted: almond
2025-05-06 13:54:13,416 - INFO - True: almond          | Predicted: almond
2025-05-06 13:54:13,416 - INFO - True: almond          | Predicted: almond
2025-05-06 13:54:13,416 - INFO - True: almond          | Predicted: almond
2025-05-06 13:54:13,416 - INFO - True: dill            | Predicted: dill
2025-05-06 13:54:13,416 - INFO - True: dill            | Predicted: dill
2025-05-06 13:54:13,416 - INFO - True: dill            | Predicted: dill
2025-05-06 13:54:13,416 - INFO - True: dill            | Predicted: dill
2025-05-06 13:54:13,416 - INFO - True: dill            | Predicted: dill
2025-05-06 13:54:13,416 - INFO - True: dill            | Predicted: dill
2025-05-06 13:54:13,416 - INFO - True: dill            | Predicted: dill
2025-05-06 13:54:13,416 - INFO - True: dill            | Predicted: dill
2025-05-06 13:54:13,416 - INFO - True: dill            | Predicted: dill
2025-05-06 13:54:13,416 - INFO - True: chervil         | Predicted: pili_nut
2025-05-06 13:54:13,416 - INFO - True: chervil         | Predicted: pili_nut
2025-05-06 13:54:13,416 - INFO - True: chervil         | Predicted: pili_nut
2025-05-06 13:54:13,416 - INFO - True: chervil         | Predicted: pili_nut
2025-05-06 13:54:13,416 - INFO - True: chervil         | Predicted: pili_nut
2025-05-06 13:54:13,416 - INFO - True: chervil         | Predicted: chervil
2025-05-06 13:54:13,416 - INFO - True: chervil         | Predicted: chervil
2025-05-06 13:54:13,416 - INFO - True: chervil         | Predicted: chervil
2025-05-06 13:54:13,416 - INFO - True: chervil         | Predicted: chervil
2025-05-06 13:54:13,416 - INFO - True: allspice        | Predicted: cumin
2025-05-06 13:54:13,416 - INFO - True: allspice        | Predicted: cumin
2025-05-06 13:54:13,416 - INFO - True: allspice        | Predicted: cumin
2025-05-06 13:54:13,416 - INFO - True: allspice        | Predicted: cumin
2025-05-06 13:54:13,416 - INFO - True: allspice        | Predicted: cumin
2025-05-06 13:54:13,416 - INFO - True: allspice        | Predicted: cumin
2025-05-06 13:54:13,416 - INFO - True: allspice        | Predicted: cumin
2025-05-06 13:54:13,416 - INFO - True: allspice        | Predicted: cumin
2025-05-06 13:54:13,416 - INFO - True: allspice        | Predicted: cumin
2025-05-06 13:54:13,416 - INFO - True: peanuts         | Predicted: cashew
2025-05-06 13:54:13,416 - INFO - True: peanuts         | Predicted: cashew
2025-05-06 13:54:13,417 - INFO - True: peanuts         | Predicted: cashew
2025-05-06 13:54:13,417 - INFO - True: peanuts         | Predicted: cashew
2025-05-06 13:54:13,417 - INFO - True: peanuts         | Predicted: cashew
2025-05-06 13:54:13,417 - INFO - True: peanuts         | Predicted: peanuts
2025-05-06 13:54:13,417 - INFO - True: peanuts         | Predicted: peanuts
2025-05-06 13:54:13,417 - INFO - True: peanuts         | Predicted: peanuts
2025-05-06 13:54:13,417 - INFO - True: peanuts         | Predicted: peanuts
2025-05-06 13:54:13,417 - INFO - True: hazelnut        | Predicted: pili_nut
2025-05-06 13:54:13,417 - INFO - True: hazelnut        | Predicted: pili_nut
2025-05-06 13:54:13,417 - INFO - True: hazelnut        | Predicted: pili_nut
2025-05-06 13:54:13,417 - INFO - True: hazelnut        | Predicted: pili_nut
2025-05-06 13:54:13,417 - INFO - True: hazelnut        | Predicted: pili_nut
2025-05-06 13:54:13,417 - INFO - True: hazelnut        | Predicted: pili_nut
2025-05-06 13:54:13,417 - INFO - True: hazelnut        | Predicted: pili_nut
2025-05-06 13:54:13,417 - INFO - True: hazelnut        | Predicted: pili_nut
2025-05-06 13:54:13,417 - INFO - True: hazelnut        | Predicted: pili_nut
2025-05-06 13:54:13,417 - INFO - True: turnip          | Predicted: tomato
2025-05-06 13:54:13,417 - INFO - True: turnip          | Predicted: tomato
2025-05-06 13:54:13,417 - INFO - True: turnip          | Predicted: tomato
2025-05-06 13:54:13,417 - INFO - True: turnip          | Predicted: tomato
2025-05-06 13:54:13,417 - INFO - True: turnip          | Predicted: tomato
2025-05-06 13:54:13,417 - INFO - True: turnip          | Predicted: tomato
2025-05-06 13:54:13,417 - INFO - True: turnip          | Predicted: tomato
2025-05-06 13:54:13,417 - INFO - True: turnip          | Predicted: tomato
2025-05-06 13:54:13,417 - INFO - True: turnip          | Predicted: tomato
2025-05-06 13:54:13,417 - INFO - True: potato          | Predicted: pecans
2025-05-06 13:54:13,417 - INFO - True: potato          | Predicted: pili_nut
2025-05-06 13:54:13,417 - INFO - True: potato          | Predicted: pili_nut
2025-05-06 13:54:13,417 - INFO - True: potato          | Predicted: pili_nut
2025-05-06 13:54:13,417 - INFO - True: potato          | Predicted: pili_nut
2025-05-06 13:54:13,417 - INFO - True: potato          | Predicted: pili_nut
2025-05-06 13:54:13,417 - INFO - True: potato          | Predicted: pili_nut
2025-05-06 13:54:13,417 - INFO - True: potato          | Predicted: pili_nut
2025-05-06 13:54:13,417 - INFO - True: potato          | Predicted: pili_nut
2025-05-06 13:54:13,417 - INFO - True: cumin           | Predicted: broccoli
2025-05-06 13:54:13,417 - INFO - True: cumin           | Predicted: broccoli
2025-05-06 13:54:13,417 - INFO - True: cumin           | Predicted: cumin
2025-05-06 13:54:13,417 - INFO - True: cumin           | Predicted: cumin
2025-05-06 13:54:13,417 - INFO - True: cumin           | Predicted: cumin
2025-05-06 13:54:13,417 - INFO - True: cumin           | Predicted: cumin
2025-05-06 13:54:13,417 - INFO - True: cumin           | Predicted: cumin
2025-05-06 13:54:13,417 - INFO - True: cumin           | Predicted: cumin
2025-05-06 13:54:13,417 - INFO - True: cumin           | Predicted: cumin
2025-05-06 13:54:13,417 - INFO - True: angelica        | Predicted: radish
2025-05-06 13:54:13,417 - INFO - True: angelica        | Predicted: radish
2025-05-06 13:54:13,417 - INFO - True: angelica        | Predicted: radish
2025-05-06 13:54:13,417 - INFO - True: angelica        | Predicted: radish
2025-05-06 13:54:13,417 - INFO - True: angelica        | Predicted: radish
2025-05-06 13:54:13,417 - INFO - True: angelica        | Predicted: radish
2025-05-06 13:54:13,417 - INFO - True: angelica        | Predicted: radish
2025-05-06 13:54:13,417 - INFO - True: angelica        | Predicted: radish
2025-05-06 13:54:13,418 - INFO - True: angelica        | Predicted: radish
2025-05-06 13:54:13,418 - INFO - True: sweet_potato    | Predicted: cumin
2025-05-06 13:54:13,418 - INFO - True: sweet_potato    | Predicted: cumin
2025-05-06 13:54:13,418 - INFO - True: sweet_potato    | Predicted: cumin
2025-05-06 13:54:13,418 - INFO - True: sweet_potato    | Predicted: cumin
2025-05-06 13:54:13,418 - INFO - True: sweet_potato    | Predicted: cumin
2025-05-06 13:54:13,418 - INFO - True: sweet_potato    | Predicted: cumin
2025-05-06 13:54:13,418 - INFO - True: sweet_potato    | Predicted: cumin
2025-05-06 13:54:13,418 - INFO - True: sweet_potato    | Predicted: cumin
2025-05-06 13:54:13,418 - INFO - True: sweet_potato    | Predicted: cumin
2025-05-06 13:54:13,418 - INFO - True: saffron         | Predicted: cumin
2025-05-06 13:54:13,418 - INFO - True: saffron         | Predicted: cumin
2025-05-06 13:54:13,418 - INFO - True: saffron         | Predicted: cumin
2025-05-06 13:54:13,418 - INFO - True: saffron         | Predicted: cumin
2025-05-06 13:54:13,418 - INFO - True: saffron         | Predicted: cumin
2025-05-06 13:54:13,418 - INFO - True: saffron         | Predicted: cumin
2025-05-06 13:54:13,418 - INFO - True: saffron         | Predicted: cumin
2025-05-06 13:54:13,418 - INFO - True: saffron         | Predicted: cumin
2025-05-06 13:54:13,418 - INFO - True: saffron         | Predicted: cumin
2025-05-06 13:54:13,418 - INFO - True: apple           | Predicted: radish
2025-05-06 13:54:13,418 - INFO - True: apple           | Predicted: radish
2025-05-06 13:54:13,418 - INFO - True: apple           | Predicted: radish
2025-05-06 13:54:13,418 - INFO - True: apple           | Predicted: radish
2025-05-06 13:54:13,418 - INFO - True: apple           | Predicted: radish
2025-05-06 13:54:13,418 - INFO - True: apple           | Predicted: radish
2025-05-06 13:54:13,418 - INFO - True: apple           | Predicted: radish
2025-05-06 13:54:13,418 - INFO - True: apple           | Predicted: radish
2025-05-06 13:54:13,418 - INFO - True: apple           | Predicted: radish
2025-05-06 13:54:13,418 - INFO - True: nutmeg          | Predicted: cumin
2025-05-06 13:54:13,418 - INFO - True: nutmeg          | Predicted: cumin
2025-05-06 13:54:13,418 - INFO - True: nutmeg          | Predicted: cumin
2025-05-06 13:54:13,418 - INFO - True: nutmeg          | Predicted: cumin
2025-05-06 13:54:13,418 - INFO - True: nutmeg          | Predicted: cumin
2025-05-06 13:54:13,418 - INFO - True: nutmeg          | Predicted: cumin
2025-05-06 13:54:13,418 - INFO - True: nutmeg          | Predicted: cumin
2025-05-06 13:54:13,418 - INFO - True: nutmeg          | Predicted: cumin
2025-05-06 13:54:13,418 - INFO - True: nutmeg          | Predicted: cumin
2025-05-06 13:54:13,418 - INFO - True: mango           | Predicted: radish
2025-05-06 13:54:13,418 - INFO - True: mango           | Predicted: radish
2025-05-06 13:54:13,418 - INFO - True: mango           | Predicted: radish
2025-05-06 13:54:13,418 - INFO - True: mango           | Predicted: radish
2025-05-06 13:54:13,418 - INFO - True: mango           | Predicted: radish
2025-05-06 13:54:13,418 - INFO - True: mango           | Predicted: radish
2025-05-06 13:54:13,418 - INFO - True: mango           | Predicted: radish
2025-05-06 13:54:13,418 - INFO - True: mango           | Predicted: radish
2025-05-06 13:54:13,418 - INFO - True: mango           | Predicted: radish
2025-05-06 13:54:13,418 - INFO - True: strawberry      | Predicted: radish
2025-05-06 13:54:13,418 - INFO - True: strawberry      | Predicted: radish
2025-05-06 13:54:13,418 - INFO - True: strawberry      | Predicted: radish
2025-05-06 13:54:13,418 - INFO - True: strawberry      | Predicted: radish
2025-05-06 13:54:13,418 - INFO - True: strawberry      | Predicted: radish
2025-05-06 13:54:13,419 - INFO - True: strawberry      | Predicted: radish
2025-05-06 13:54:13,419 - INFO - True: strawberry      | Predicted: radish
2025-05-06 13:54:13,419 - INFO - True: strawberry      | Predicted: radish
2025-05-06 13:54:13,419 - INFO - True: strawberry      | Predicted: radish
2025-05-06 13:54:13,419 - INFO - True: mint            | Predicted: turnip
2025-05-06 13:54:13,419 - INFO - True: mint            | Predicted: turnip
2025-05-06 13:54:13,419 - INFO - True: mint            | Predicted: turnip
2025-05-06 13:54:13,419 - INFO - True: mint            | Predicted: tomato
2025-05-06 13:54:13,419 - INFO - True: mint            | Predicted: tomato
2025-05-06 13:54:13,419 - INFO - True: mint            | Predicted: tomato
2025-05-06 13:54:13,419 - INFO - True: mint            | Predicted: walnuts
2025-05-06 13:54:13,419 - INFO - True: mint            | Predicted: walnuts
2025-05-06 13:54:13,419 - INFO - True: mint            | Predicted: walnuts
2025-05-06 13:54:13,419 - INFO - True: chestnuts       | Predicted: pecans
2025-05-06 13:54:13,419 - INFO - True: chestnuts       | Predicted: chestnuts
2025-05-06 13:54:13,419 - INFO - True: chestnuts       | Predicted: chestnuts
2025-05-06 13:54:13,419 - INFO - True: chestnuts       | Predicted: chestnuts
2025-05-06 13:54:13,419 - INFO - True: chestnuts       | Predicted: chestnuts
2025-05-06 13:54:13,419 - INFO - True: chestnuts       | Predicted: chestnuts
2025-05-06 13:54:13,419 - INFO - True: chestnuts       | Predicted: chestnuts
2025-05-06 13:54:13,419 - INFO - True: chestnuts       | Predicted: chestnuts
2025-05-06 13:54:13,419 - INFO - True: chestnuts       | Predicted: chestnuts
2025-05-06 13:54:13,419 - INFO - True: cauliflower     | Predicted: cabbage
2025-05-06 13:54:13,419 - INFO - True: cauliflower     | Predicted: cabbage
2025-05-06 13:54:13,419 - INFO - True: cauliflower     | Predicted: cabbage
2025-05-06 13:54:13,419 - INFO - True: cauliflower     | Predicted: cabbage
2025-05-06 13:54:13,419 - INFO - True: cauliflower     | Predicted: cabbage
2025-05-06 13:54:13,419 - INFO - True: cauliflower     | Predicted: cabbage
2025-05-06 13:54:13,419 - INFO - True: cauliflower     | Predicted: cabbage
2025-05-06 13:54:13,419 - INFO - True: cauliflower     | Predicted: cabbage
2025-05-06 13:54:13,419 - INFO - True: cauliflower     | Predicted: cabbage
2025-05-06 13:54:13,419 - INFO - True: cloves          | Predicted: tomato
2025-05-06 13:54:13,419 - INFO - True: cloves          | Predicted: tomato
2025-05-06 13:54:13,419 - INFO - True: cloves          | Predicted: broccoli
2025-05-06 13:54:13,419 - INFO - True: cloves          | Predicted: broccoli
2025-05-06 13:54:13,419 - INFO - True: cloves          | Predicted: broccoli
2025-05-06 13:54:13,419 - INFO - True: cloves          | Predicted: broccoli
2025-05-06 13:54:13,419 - INFO - True: cloves          | Predicted: broccoli
2025-05-06 13:54:13,419 - INFO - True: cloves          | Predicted: broccoli
2025-05-06 13:54:13,419 - INFO - True: cloves          | Predicted: broccoli
2025-05-06 13:54:13,419 - INFO - True: kiwi            | Predicted: walnuts
2025-05-06 13:54:13,419 - INFO - True: kiwi            | Predicted: walnuts
2025-05-06 13:54:13,419 - INFO - True: kiwi            | Predicted: walnuts
2025-05-06 13:54:13,419 - INFO - True: kiwi            | Predicted: walnuts
2025-05-06 13:54:13,419 - INFO - True: kiwi            | Predicted: walnuts
2025-05-06 13:54:13,419 - INFO - True: kiwi            | Predicted: walnuts
2025-05-06 13:54:13,419 - INFO - True: kiwi            | Predicted: walnuts
2025-05-06 13:54:13,419 - INFO - True: kiwi            | Predicted: walnuts
2025-05-06 13:54:13,419 - INFO - True: kiwi            | Predicted: walnuts
2025-05-06 13:54:13,419 - INFO - True: star_anise      | Predicted: radish
2025-05-06 13:54:13,419 - INFO - True: star_anise      | Predicted: radish
2025-05-06 13:54:13,420 - INFO - True: star_anise      | Predicted: radish
2025-05-06 13:54:13,420 - INFO - True: star_anise      | Predicted: radish
2025-05-06 13:54:13,420 - INFO - True: star_anise      | Predicted: radish
2025-05-06 13:54:13,420 - INFO - True: star_anise      | Predicted: radish
2025-05-06 13:54:13,420 - INFO - True: star_anise      | Predicted: radish
2025-05-06 13:54:13,420 - INFO - True: star_anise      | Predicted: radish
2025-05-06 13:54:13,420 - INFO - True: star_anise      | Predicted: radish
2025-05-06 13:54:13,420 - INFO - True: pili_nut        | Predicted: pili_nut
2025-05-06 13:54:13,420 - INFO - True: pili_nut        | Predicted: pili_nut
2025-05-06 13:54:13,420 - INFO - True: pili_nut        | Predicted: pili_nut
2025-05-06 13:54:13,420 - INFO - True: pili_nut        | Predicted: pili_nut
2025-05-06 13:54:13,420 - INFO - True: pili_nut        | Predicted: pili_nut
2025-05-06 13:54:13,420 - INFO - True: pili_nut        | Predicted: pili_nut
2025-05-06 13:54:13,420 - INFO - True: pili_nut        | Predicted: pili_nut
2025-05-06 13:54:13,420 - INFO - True: pili_nut        | Predicted: pili_nut
2025-05-06 13:54:13,420 - INFO - True: pili_nut        | Predicted: pili_nut
2025-05-06 13:54:13,420 - INFO - True: pistachios      | Predicted: radish
2025-05-06 13:54:13,420 - INFO - True: pistachios      | Predicted: radish
2025-05-06 13:54:13,420 - INFO - True: pistachios      | Predicted: radish
2025-05-06 13:54:13,420 - INFO - True: pistachios      | Predicted: radish
2025-05-06 13:54:13,420 - INFO - True: pistachios      | Predicted: radish
2025-05-06 13:54:13,420 - INFO - True: pistachios      | Predicted: radish
2025-05-06 13:54:13,420 - INFO - True: pistachios      | Predicted: radish
2025-05-06 13:54:13,420 - INFO - True: pistachios      | Predicted: radish
2025-05-06 13:54:13,420 - INFO - True: pistachios      | Predicted: radish
2025-05-06 13:54:13,420 - INFO - True: mandarin_orange | Predicted: cumin
2025-05-06 13:54:13,420 - INFO - True: mandarin_orange | Predicted: cumin
2025-05-06 13:54:13,420 - INFO - True: mandarin_orange | Predicted: cumin
2025-05-06 13:54:13,420 - INFO - True: mandarin_orange | Predicted: cumin
2025-05-06 13:54:13,420 - INFO - True: mandarin_orange | Predicted: cumin
2025-05-06 13:54:13,420 - INFO - True: mandarin_orange | Predicted: cumin
2025-05-06 13:54:13,420 - INFO - True: mandarin_orange | Predicted: cumin
2025-05-06 13:54:13,420 - INFO - True: mandarin_orange | Predicted: cumin
2025-05-06 13:54:13,420 - INFO - True: mandarin_orange | Predicted: cumin
2025-05-06 13:54:13,420 - INFO - True: cashew          | Predicted: peanuts
2025-05-06 13:54:13,420 - INFO - True: cashew          | Predicted: peanuts
2025-05-06 13:54:13,420 - INFO - True: cashew          | Predicted: peanuts
2025-05-06 13:54:13,420 - INFO - True: cashew          | Predicted: peanuts
2025-05-06 13:54:13,420 - INFO - True: cashew          | Predicted: peanuts
2025-05-06 13:54:13,420 - INFO - True: cashew          | Predicted: peanuts
2025-05-06 13:54:13,420 - INFO - True: cashew          | Predicted: peanuts
2025-05-06 13:54:13,420 - INFO - True: cashew          | Predicted: peanuts
2025-05-06 13:54:13,420 - INFO - True: cashew          | Predicted: peanuts
2025-05-06 13:54:13,420 - INFO - True: cinnamon        | Predicted: dill
2025-05-06 13:54:13,420 - INFO - True: cinnamon        | Predicted: dill
2025-05-06 13:54:13,420 - INFO - True: cinnamon        | Predicted: dill
2025-05-06 13:54:13,420 - INFO - True: cinnamon        | Predicted: dill
2025-05-06 13:54:13,420 - INFO - True: cinnamon        | Predicted: dill
2025-05-06 13:54:13,420 - INFO - True: cinnamon        | Predicted: ginger
2025-05-06 13:54:13,420 - INFO - True: cinnamon        | Predicted: ginger
2025-05-06 13:54:13,420 - INFO - True: cinnamon        | Predicted: ginger
2025-05-06 13:54:13,420 - INFO - True: cinnamon        | Predicted: ginger
2025-05-06 13:54:13,421 - INFO - True: radish          | Predicted: radish
2025-05-06 13:54:13,421 - INFO - True: radish          | Predicted: radish
2025-05-06 13:54:13,421 - INFO - True: radish          | Predicted: radish
2025-05-06 13:54:13,421 - INFO - True: radish          | Predicted: radish
2025-05-06 13:54:13,421 - INFO - True: radish          | Predicted: radish
2025-05-06 13:54:13,421 - INFO - True: radish          | Predicted: radish
2025-05-06 13:54:13,421 - INFO - True: radish          | Predicted: radish
2025-05-06 13:54:13,421 - INFO - True: radish          | Predicted: radish
2025-05-06 13:54:13,421 - INFO - True: radish          | Predicted: radish
2025-05-06 13:54:13,421 - INFO - True: chives          | Predicted: pecans
2025-05-06 13:54:13,421 - INFO - True: chives          | Predicted: pecans
2025-05-06 13:54:13,421 - INFO - True: chives          | Predicted: pecans
2025-05-06 13:54:13,421 - INFO - True: chives          | Predicted: pecans
2025-05-06 13:54:13,421 - INFO - True: chives          | Predicted: pecans
2025-05-06 13:54:13,421 - INFO - True: chives          | Predicted: pecans
2025-05-06 13:54:13,421 - INFO - True: chives          | Predicted: pili_nut
2025-05-06 13:54:13,421 - INFO - True: chives          | Predicted: pili_nut
2025-05-06 13:54:13,421 - INFO - True: chives          | Predicted: brussel_sprouts
2025-05-06 13:54:13,421 - INFO - True: mugwort         | Predicted: cumin
2025-05-06 13:54:13,421 - INFO - True: mugwort         | Predicted: cumin
2025-05-06 13:54:13,421 - INFO - True: mugwort         | Predicted: cumin
2025-05-06 13:54:13,421 - INFO - True: mugwort         | Predicted: cumin
2025-05-06 13:54:13,421 - INFO - True: mugwort         | Predicted: cumin
2025-05-06 13:54:13,421 - INFO - True: mugwort         | Predicted: cumin
2025-05-06 13:54:13,421 - INFO - True: mugwort         | Predicted: cumin
2025-05-06 13:54:13,421 - INFO - True: mugwort         | Predicted: cumin
2025-05-06 13:54:13,421 - INFO - True: mugwort         | Predicted: cumin
2025-05-06 13:54:13,421 - INFO - True: lemon           | Predicted: cumin
2025-05-06 13:54:13,421 - INFO - True: lemon           | Predicted: cumin
2025-05-06 13:54:13,421 - INFO - True: lemon           | Predicted: cumin
2025-05-06 13:54:13,421 - INFO - True: lemon           | Predicted: cumin
2025-05-06 13:54:13,421 - INFO - True: lemon           | Predicted: cumin
2025-05-06 13:54:13,421 - INFO - True: lemon           | Predicted: cumin
2025-05-06 13:54:13,421 - INFO - True: lemon           | Predicted: cumin
2025-05-06 13:54:13,421 - INFO - True: lemon           | Predicted: cumin
2025-05-06 13:54:13,421 - INFO - True: lemon           | Predicted: cumin
2025-05-06 13:54:13,421 - INFO - True: pineapple       | Predicted: cumin
2025-05-06 13:54:13,421 - INFO - True: pineapple       | Predicted: cumin
2025-05-06 13:54:13,421 - INFO - True: pineapple       | Predicted: cumin
2025-05-06 13:54:13,421 - INFO - True: pineapple       | Predicted: cumin
2025-05-06 13:54:13,421 - INFO - True: pineapple       | Predicted: cumin
2025-05-06 13:54:13,421 - INFO - True: pineapple       | Predicted: cumin
2025-05-06 13:54:13,421 - INFO - True: pineapple       | Predicted: cumin
2025-05-06 13:54:13,421 - INFO - True: pineapple       | Predicted: cumin
2025-05-06 13:54:13,421 - INFO - True: pineapple       | Predicted: cumin
2025-05-06 13:54:13,421 - INFO - True: pear            | Predicted: radish
2025-05-06 13:54:13,421 - INFO - True: pear            | Predicted: radish
2025-05-06 13:54:13,421 - INFO - True: pear            | Predicted: radish
2025-05-06 13:54:13,421 - INFO - True: pear            | Predicted: radish
2025-05-06 13:54:13,421 - INFO - True: pear            | Predicted: radish
2025-05-06 13:54:13,422 - INFO - True: pear            | Predicted: radish
2025-05-06 13:54:13,422 - INFO - True: pear            | Predicted: radish
2025-05-06 13:54:13,422 - INFO - True: pear            | Predicted: radish
2025-05-06 13:54:13,422 - INFO - True: pear            | Predicted: radish
2025-05-06 13:54:13,422 - INFO - True: peach           | Predicted: cumin
2025-05-06 13:54:13,422 - INFO - True: peach           | Predicted: cumin
2025-05-06 13:54:13,422 - INFO - True: peach           | Predicted: cumin
2025-05-06 13:54:13,422 - INFO - True: peach           | Predicted: cumin
2025-05-06 13:54:13,422 - INFO - True: peach           | Predicted: cumin
2025-05-06 13:54:13,422 - INFO - True: peach           | Predicted: cumin
2025-05-06 13:54:13,422 - INFO - True: peach           | Predicted: cumin
2025-05-06 13:54:13,422 - INFO - True: peach           | Predicted: cumin
2025-05-06 13:54:13,422 - INFO - True: peach           | Predicted: cumin
2025-05-06 13:54:13,471 - INFO - ✅ Window-Level Test Accuracy: 10.00%
2025-05-06 13:54:13,471 - INFO - True: brazil_nut      | Predicted: allspice
2025-05-06 13:54:13,471 - INFO - True: brazil_nut      | Predicted: pili_nut
2025-05-06 13:54:13,471 - INFO - True: brazil_nut      | Predicted: pili_nut
2025-05-06 13:54:13,472 - INFO - True: brazil_nut      | Predicted: pili_nut
2025-05-06 13:54:13,472 - INFO - True: brazil_nut      | Predicted: chervil
2025-05-06 13:54:13,472 - INFO - True: brazil_nut      | Predicted: chervil
2025-05-06 13:54:13,472 - INFO - True: brazil_nut      | Predicted: chervil
2025-05-06 13:54:13,472 - INFO - True: brazil_nut      | Predicted: chervil
2025-05-06 13:54:13,472 - INFO - True: brazil_nut      | Predicted: chervil
2025-05-06 13:54:13,472 - INFO - True: walnuts         | Predicted: allspice
2025-05-06 13:54:13,472 - INFO - True: walnuts         | Predicted: pecans
2025-05-06 13:54:13,472 - INFO - True: walnuts         | Predicted: pecans
2025-05-06 13:54:13,472 - INFO - True: walnuts         | Predicted: pecans
2025-05-06 13:54:13,472 - INFO - True: walnuts         | Predicted: pecans
2025-05-06 13:54:13,472 - INFO - True: walnuts         | Predicted: pecans
2025-05-06 13:54:13,472 - INFO - True: walnuts         | Predicted: pecans
2025-05-06 13:54:13,472 - INFO - True: walnuts         | Predicted: pecans
2025-05-06 13:54:13,472 - INFO - True: walnuts         | Predicted: pecans
2025-05-06 13:54:13,472 - INFO - True: pecans          | Predicted: pecans
2025-05-06 13:54:13,472 - INFO - True: pecans          | Predicted: pecans
2025-05-06 13:54:13,472 - INFO - True: pecans          | Predicted: pecans
2025-05-06 13:54:13,472 - INFO - True: pecans          | Predicted: pecans
2025-05-06 13:54:13,472 - INFO - True: pecans          | Predicted: pecans
2025-05-06 13:54:13,472 - INFO - True: pecans          | Predicted: pili_nut
2025-05-06 13:54:13,472 - INFO - True: pecans          | Predicted: pili_nut
2025-05-06 13:54:13,472 - INFO - True: pecans          | Predicted: pili_nut
2025-05-06 13:54:13,472 - INFO - True: pecans          | Predicted: chervil
2025-05-06 13:54:13,472 - INFO - True: almond          | Predicted: pecans
2025-05-06 13:54:13,472 - INFO - True: almond          | Predicted: pecans
2025-05-06 13:54:13,472 - INFO - True: almond          | Predicted: pecans
2025-05-06 13:54:13,472 - INFO - True: almond          | Predicted: pecans
2025-05-06 13:54:13,472 - INFO - True: almond          | Predicted: pili_nut
2025-05-06 13:54:13,472 - INFO - True: almond          | Predicted: pili_nut
2025-05-06 13:54:13,472 - INFO - True: almond          | Predicted: pili_nut
2025-05-06 13:54:13,472 - INFO - True: almond          | Predicted: chervil
2025-05-06 13:54:13,472 - INFO - True: almond          | Predicted: chervil
2025-05-06 13:54:13,472 - INFO - True: peanuts         | Predicted: allspice
2025-05-06 13:54:13,472 - INFO - True: peanuts         | Predicted: pecans
2025-05-06 13:54:13,472 - INFO - True: peanuts         | Predicted: pecans
2025-05-06 13:54:13,472 - INFO - True: peanuts         | Predicted: pecans
2025-05-06 13:54:13,472 - INFO - True: peanuts         | Predicted: pecans
2025-05-06 13:54:13,472 - INFO - True: peanuts         | Predicted: pecans
2025-05-06 13:54:13,472 - INFO - True: peanuts         | Predicted: pecans
2025-05-06 13:54:13,472 - INFO - True: peanuts         | Predicted: pecans
2025-05-06 13:54:13,472 - INFO - True: peanuts         | Predicted: pecans
2025-05-06 13:54:13,472 - INFO - True: hazelnut        | Predicted: pecans
2025-05-06 13:54:13,472 - INFO - True: hazelnut        | Predicted: pecans
2025-05-06 13:54:13,472 - INFO - True: hazelnut        | Predicted: pecans
2025-05-06 13:54:13,472 - INFO - True: hazelnut        | Predicted: pecans
2025-05-06 13:54:13,472 - INFO - True: hazelnut        | Predicted: pecans
2025-05-06 13:54:13,472 - INFO - True: hazelnut        | Predicted: pecans
2025-05-06 13:54:13,472 - INFO - True: hazelnut        | Predicted: pecans
2025-05-06 13:54:13,473 - INFO - True: hazelnut        | Predicted: pecans
2025-05-06 13:54:13,473 - INFO - True: hazelnut        | Predicted: pecans
2025-05-06 13:54:13,473 - INFO - True: chestnuts       | Predicted: allspice
2025-05-06 13:54:13,473 - INFO - True: chestnuts       | Predicted: pecans
2025-05-06 13:54:13,473 - INFO - True: chestnuts       | Predicted: pecans
2025-05-06 13:54:13,473 - INFO - True: chestnuts       | Predicted: pecans
2025-05-06 13:54:13,473 - INFO - True: chestnuts       | Predicted: pecans
2025-05-06 13:54:13,473 - INFO - True: chestnuts       | Predicted: chestnuts
2025-05-06 13:54:13,473 - INFO - True: chestnuts       | Predicted: chestnuts
2025-05-06 13:54:13,473 - INFO - True: chestnuts       | Predicted: chestnuts
2025-05-06 13:54:13,473 - INFO - True: chestnuts       | Predicted: chestnuts
2025-05-06 13:54:13,473 - INFO - True: pili_nut        | Predicted: allspice
2025-05-06 13:54:13,473 - INFO - True: pili_nut        | Predicted: chervil
2025-05-06 13:54:13,473 - INFO - True: pili_nut        | Predicted: chervil
2025-05-06 13:54:13,473 - INFO - True: pili_nut        | Predicted: chervil
2025-05-06 13:54:13,473 - INFO - True: pili_nut        | Predicted: chervil
2025-05-06 13:54:13,473 - INFO - True: pili_nut        | Predicted: chervil
2025-05-06 13:54:13,473 - INFO - True: pili_nut        | Predicted: chervil
2025-05-06 13:54:13,473 - INFO - True: pili_nut        | Predicted: chervil
2025-05-06 13:54:13,473 - INFO - True: pili_nut        | Predicted: chervil
2025-05-06 13:54:13,473 - INFO - True: pistachios      | Predicted: pecans
2025-05-06 13:54:13,473 - INFO - True: pistachios      | Predicted: pecans
2025-05-06 13:54:13,473 - INFO - True: pistachios      | Predicted: pecans
2025-05-06 13:54:13,473 - INFO - True: pistachios      | Predicted: pecans
2025-05-06 13:54:13,473 - INFO - True: pistachios      | Predicted: pili_nut
2025-05-06 13:54:13,473 - INFO - True: pistachios      | Predicted: chervil
2025-05-06 13:54:13,473 - INFO - True: pistachios      | Predicted: chervil
2025-05-06 13:54:13,473 - INFO - True: pistachios      | Predicted: brussel_sprouts
2025-05-06 13:54:13,473 - INFO - True: pistachios      | Predicted: brussel_sprouts
2025-05-06 13:54:13,473 - INFO - True: cashew          | Predicted: pecans
2025-05-06 13:54:13,473 - INFO - True: cashew          | Predicted: pecans
2025-05-06 13:54:13,473 - INFO - True: cashew          | Predicted: pecans
2025-05-06 13:54:13,473 - INFO - True: cashew          | Predicted: pecans
2025-05-06 13:54:13,473 - INFO - True: cashew          | Predicted: pecans
2025-05-06 13:54:13,473 - INFO - True: cashew          | Predicted: pecans
2025-05-06 13:54:13,473 - INFO - True: cashew          | Predicted: pili_nut
2025-05-06 13:54:13,473 - INFO - True: cashew          | Predicted: pili_nut
2025-05-06 13:54:13,473 - INFO - True: cashew          | Predicted: chervil
