2025-05-07 11:50:25,620 - INFO - Nuts
2025-05-07 11:50:26,562 - INFO - Similarity matrix shape: torch.Size([5588, 50])
2025-05-07 11:50:26,568 - INFO - ------------------Predictions---------------------
2025-05-07 11:50:26,568 - INFO - [11 35 35 ... 37 35 11]
2025-05-07 11:50:26,624 - INFO - ------------------Test Statistics---------------------
2025-05-07 11:50:26,625 - INFO - Accuracy: 0.3917
2025-05-07 11:50:26,625 - INFO - Spices
2025-05-07 11:50:27,132 - INFO - Similarity matrix shape: torch.Size([5178, 50])
2025-05-07 11:50:27,132 - INFO - ------------------Predictions---------------------
2025-05-07 11:50:27,132 - INFO - [16 16 22 ... 23 23 19]
2025-05-07 11:50:27,142 - INFO - ------------------Test Statistics---------------------
2025-05-07 11:50:27,142 - INFO - Accuracy: 0.4506
2025-05-07 11:50:27,142 - INFO - Herbs
2025-05-07 11:50:27,572 - INFO - Similarity matrix shape: torch.Size([5249, 50])
2025-05-07 11:50:27,572 - INFO - ------------------Predictions---------------------
2025-05-07 11:50:27,572 - INFO - [20 26 26 ... 30 30 30]
2025-05-07 11:50:27,582 - INFO - ------------------Test Statistics---------------------
2025-05-07 11:50:27,582 - INFO - Accuracy: 0.4022
2025-05-07 11:50:27,582 - INFO - Fruits
2025-05-07 11:50:28,011 - INFO - Similarity matrix shape: torch.Size([5210, 50])
2025-05-07 11:50:28,011 - INFO - ------------------Predictions---------------------
2025-05-07 11:50:28,011 - INFO - [ 6  6  6 ... 34 34 34]
2025-05-07 11:50:28,021 - INFO - ------------------Test Statistics---------------------
2025-05-07 11:50:28,021 - INFO - Accuracy: 0.4491
2025-05-07 11:50:28,021 - INFO - Vegetables
2025-05-07 11:50:28,451 - INFO - Similarity matrix shape: torch.Size([5191, 50])
2025-05-07 11:50:28,451 - INFO - ------------------Predictions---------------------
2025-05-07 11:50:28,451 - INFO - [47 47 47 ... 45 42 40]
2025-05-07 11:50:28,460 - INFO - ------------------Test Statistics---------------------
2025-05-07 11:50:28,460 - INFO - Accuracy: 0.3676
