2025-05-07 13:16:41,184 - INFO - Nuts
2025-05-07 13:16:41,984 - INFO - Similarity matrix shape: torch.Size([13, 50])
2025-05-07 13:16:41,990 - INFO - ------------------Predictions---------------------
2025-05-07 13:16:41,990 - INFO - [32 20 20 20 20 34 20 31 20 20  2 20 20]
2025-05-07 13:16:42,032 - INFO - ------------------Test Statistics---------------------
2025-05-07 13:16:42,032 - INFO - Accuracy: 0.0769
2025-05-07 13:16:42,032 - INFO - Spices
2025-05-07 13:16:42,343 - INFO - Similarity matrix shape: torch.Size([13, 50])
2025-05-07 13:16:42,343 - INFO - ------------------Predictions---------------------
2025-05-07 13:16:42,346 - INFO - [32 20 20 20 20 34 20 31 20 20  2 20 20]
2025-05-07 13:16:42,349 - INFO - ------------------Test Statistics---------------------
2025-05-07 13:16:42,349 - INFO - Accuracy: 0.0769
2025-05-07 13:16:42,349 - INFO - Herbs
2025-05-07 13:16:42,638 - INFO - Similarity matrix shape: torch.Size([13, 50])
2025-05-07 13:16:42,638 - INFO - ------------------Predictions---------------------
2025-05-07 13:16:42,640 - INFO - [32 20 20 20 20 34 20 31 20 20  2 20 20]
2025-05-07 13:16:42,644 - INFO - ------------------Test Statistics---------------------
2025-05-07 13:16:42,644 - INFO - Accuracy: 0.0769
2025-05-07 13:16:42,644 - INFO - Fruits
2025-05-07 13:16:42,937 - INFO - Similarity matrix shape: torch.Size([13, 50])
2025-05-07 13:16:42,937 - INFO - ------------------Predictions---------------------
2025-05-07 13:16:42,939 - INFO - [32 20 20 20 20 34 20 31 20 20  2 20 20]
2025-05-07 13:16:42,943 - INFO - ------------------Test Statistics---------------------
2025-05-07 13:16:42,943 - INFO - Accuracy: 0.0769
2025-05-07 13:16:42,943 - INFO - Vegetables
2025-05-07 13:16:43,238 - INFO - Similarity matrix shape: torch.Size([13, 50])
2025-05-07 13:16:43,238 - INFO - ------------------Predictions---------------------
2025-05-07 13:16:43,240 - INFO - [32 20 20 20 20 34 20 31 20 20  2 20 20]
2025-05-07 13:16:43,243 - INFO - ------------------Test Statistics---------------------
2025-05-07 13:16:43,243 - INFO - Accuracy: 0.0769
