2025-05-06 16:29:26,004 - INFO - Nuts
2025-05-06 16:29:39,693 - INFO - Similarity matrix shape: torch.Size([6275, 50])
2025-05-06 16:29:39,699 - INFO - ------------------Predictions---------------------
2025-05-06 16:29:39,699 - INFO - [0 9 9 ... 9 9 9]
2025-05-06 16:29:39,752 - INFO - ------------------Test Statistics---------------------
2025-05-06 16:29:39,752 - INFO - Accuracy: 0.0000
2025-05-06 16:29:39,752 - INFO - Precision (macro): 0.0000
2025-05-06 16:29:39,752 - INFO - Recall (macro): 0.0000
2025-05-06 16:29:39,752 - INFO - F1-Score (macro): 0.0000
2025-05-06 16:29:39,752 - INFO - Confusion Matrix:
2025-05-06 16:29:39,753 - INFO - 
[[  0   0   0   0   0   0   0   0   0   0   0   0   0   0   0   0   0   0
    0]
 [  0   0   0  14   0 599   0   0   0   0   0   0   0   0   0   0   0   0
    0]
 [  0   0   0   0   0   0   0   0   0   0   0   0   0   0   0   0   0   0
    0]
 [  0   0   0   0   0   0   0   0   0   0   0   0   0   0   0   0   0   0
    0]
 [  1   0   0   6   0 613   0   0   0   0   0   0   0   0   0   0   0   0
    0]
 [  0   0   0   0   0   0   0   0   0   0   0   0   0   0   0   0   0   0
    0]
 [  0   0   0   0   0 594   0   0   0   0   0   0   0   0   0   0   0  70
    0]
 [  0   0   0   0   0   0   0   0   0   0   0   0   0   0   0   0   0   0
    0]
 [  0   0   0   0   0   0   0   0   0   0   0   0   0   0   0   0   0   0
    0]
 [  1   0   0   0   0   0   0   0 433   0   0   0   0   0   0  31   0  19
  145]
 [  0   0   0   0   0 468   0   0   2   0   0   0   0   0   0  42   0 118
    0]
 [  0   0   0   0   0   0   0   0   0   0   0   0   0   0   0   0   0   0
    0]
 [  1   0   0   0   0 336   0   8   0   0   4   0   0   0   0  31   0 234
    0]
 [  0   0   0   7   0 367   0   0   0   0   0  70   0   0   0   0   0 168
    0]
 [  1   0   0   0   0 614   0   0   0   0   0   0   0   0   0   0   0   0
    0]
 [  0   0   0   0   0   0   0   0   0   0   0   0   0   0   0   0   0   0
    0]
 [  0   0   0  27   0 380   0   0   0   0   0   0   0   0   0   0   0 211
    0]
 [  0   0   0   0   0   0   0   0   0   0   0   0   0   0   0   0   0   0
    0]
 [  1   0 231   0   0   4   0   0   0   0   0   0   0   0   0   0   0 424
    0]]
2025-05-06 16:29:39,753 - INFO - Spices
2025-05-06 16:29:54,131 - INFO - Similarity matrix shape: torch.Size([6275, 50])
2025-05-06 16:29:54,131 - INFO - ------------------Predictions---------------------
2025-05-06 16:29:54,131 - INFO - [0 9 9 ... 9 9 9]
2025-05-06 16:29:54,143 - INFO - ------------------Test Statistics---------------------
2025-05-06 16:29:54,143 - INFO - Accuracy: 0.0000
2025-05-06 16:29:54,143 - INFO - Precision (macro): 0.0000
2025-05-06 16:29:54,143 - INFO - Recall (macro): 0.0000
2025-05-06 16:29:54,143 - INFO - F1-Score (macro): 0.0000
2025-05-06 16:29:54,143 - INFO - Confusion Matrix:
2025-05-06 16:29:54,143 - INFO - 
[[  0   0   0   0   0   0   0   0   0   0   0   0   0   0   0   0   0   0
    0]
 [  0   0   0  14   0 599   0   0   0   0   0   0   0   0   0   0   0   0
    0]
 [  0   0   0   0   0   0   0   0   0   0   0   0   0   0   0   0   0   0
    0]
 [  0   0   0   0   0   0   0   0   0   0   0   0   0   0   0   0   0   0
    0]
 [  1   0   0   6   0 613   0   0   0   0   0   0   0   0   0   0   0   0
    0]
 [  0   0   0   0   0   0   0   0   0   0   0   0   0   0   0   0   0   0
    0]
 [  0   0   0   0   0 594   0   0   0   0   0   0   0   0   0   0   0  70
    0]
 [  0   0   0   0   0   0   0   0   0   0   0   0   0   0   0   0   0   0
    0]
 [  0   0   0   0   0   0   0   0   0   0   0   0   0   0   0   0   0   0
    0]
 [  1   0   0   0   0   0   0   0 433   0   0   0   0   0   0  31   0  19
  145]
 [  0   0   0   0   0 468   0   0   2   0   0   0   0   0   0  42   0 118
    0]
 [  0   0   0   0   0   0   0   0   0   0   0   0   0   0   0   0   0   0
    0]
 [  1   0   0   0   0 336   0   8   0   0   4   0   0   0   0  31   0 234
    0]
 [  0   0   0   7   0 367   0   0   0   0   0  70   0   0   0   0   0 168
    0]
 [  1   0   0   0   0 614   0   0   0   0   0   0   0   0   0   0   0   0
    0]
 [  0   0   0   0   0   0   0   0   0   0   0   0   0   0   0   0   0   0
    0]
 [  0   0   0  27   0 380   0   0   0   0   0   0   0   0   0   0   0 211
    0]
 [  0   0   0   0   0   0   0   0   0   0   0   0   0   0   0   0   0   0
    0]
 [  1   0 231   0   0   4   0   0   0   0   0   0   0   0   0   0   0 424
    0]]
2025-05-06 16:29:54,143 - INFO - Herbs
2025-05-06 16:30:05,584 - INFO - Similarity matrix shape: torch.Size([6275, 50])
2025-05-06 16:30:05,584 - INFO - ------------------Predictions---------------------
2025-05-06 16:30:05,584 - INFO - [0 9 9 ... 9 9 9]
2025-05-06 16:30:05,594 - INFO - ------------------Test Statistics---------------------
2025-05-06 16:30:05,594 - INFO - Accuracy: 0.0000
2025-05-06 16:30:05,594 - INFO - Precision (macro): 0.0000
2025-05-06 16:30:05,594 - INFO - Recall (macro): 0.0000
2025-05-06 16:30:05,594 - INFO - F1-Score (macro): 0.0000
2025-05-06 16:30:05,594 - INFO - Confusion Matrix:
2025-05-06 16:30:05,594 - INFO - 
[[  0   0   0   0   0   0   0   0   0   0   0   0   0   0   0   0   0   0
    0]
 [  0   0   0  14   0 599   0   0   0   0   0   0   0   0   0   0   0   0
    0]
 [  0   0   0   0   0   0   0   0   0   0   0   0   0   0   0   0   0   0
    0]
 [  0   0   0   0   0   0   0   0   0   0   0   0   0   0   0   0   0   0
    0]
 [  1   0   0   6   0 613   0   0   0   0   0   0   0   0   0   0   0   0
    0]
 [  0   0   0   0   0   0   0   0   0   0   0   0   0   0   0   0   0   0
    0]
 [  0   0   0   0   0 594   0   0   0   0   0   0   0   0   0   0   0  70
    0]
 [  0   0   0   0   0   0   0   0   0   0   0   0   0   0   0   0   0   0
    0]
 [  0   0   0   0   0   0   0   0   0   0   0   0   0   0   0   0   0   0
    0]
 [  1   0   0   0   0   0   0   0 433   0   0   0   0   0   0  31   0  19
  145]
 [  0   0   0   0   0 468   0   0   2   0   0   0   0   0   0  42   0 118
    0]
 [  0   0   0   0   0   0   0   0   0   0   0   0   0   0   0   0   0   0
    0]
 [  1   0   0   0   0 336   0   8   0   0   4   0   0   0   0  31   0 234
    0]
 [  0   0   0   7   0 367   0   0   0   0   0  70   0   0   0   0   0 168
    0]
 [  1   0   0   0   0 614   0   0   0   0   0   0   0   0   0   0   0   0
    0]
 [  0   0   0   0   0   0   0   0   0   0   0   0   0   0   0   0   0   0
    0]
 [  0   0   0  27   0 380   0   0   0   0   0   0   0   0   0   0   0 211
    0]
 [  0   0   0   0   0   0   0   0   0   0   0   0   0   0   0   0   0   0
    0]
 [  1   0 231   0   0   4   0   0   0   0   0   0   0   0   0   0   0 424
    0]]
2025-05-06 16:30:05,595 - INFO - Fruits
