2025-05-06 14:18:41,952 - INFO - ✅ Window-Level Test Accuracy: 4.27%
2025-05-06 14:18:41,952 - INFO - True: coriander       | Predicted: cloves
2025-05-06 14:18:41,952 - INFO - True: coriander       | Predicted: cloves
2025-05-06 14:18:41,952 - INFO - True: coriander       | Predicted: cloves
2025-05-06 14:18:41,952 - INFO - True: coriander       | Predicted: cloves
2025-05-06 14:18:41,952 - INFO - True: coriander       | Predicted: cloves
2025-05-06 14:18:41,952 - INFO - True: coriander       | Predicted: peach
2025-05-06 14:18:41,952 - INFO - True: coriander       | Predicted: oregano
2025-05-06 14:18:41,952 - INFO - True: coriander       | Predicted: oregano
2025-05-06 14:18:41,952 - INFO - True: coriander       | Predicted: oregano
2025-05-06 14:18:41,952 - INFO - True: coriander       | Predicted: oregano
2025-05-06 14:18:41,952 - INFO - True: coriander       | Predicted: oregano
2025-05-06 14:18:41,952 - INFO - True: coriander       | Predicted: oregano
2025-05-06 14:18:41,952 - INFO - True: coriander       | Predicted: oregano
2025-05-06 14:18:41,953 - INFO - True: coriander       | Predicted: oregano
2025-05-06 14:18:41,953 - INFO - True: coriander       | Predicted: oregano
2025-05-06 14:18:41,953 - INFO - True: coriander       | Predicted: oregano
2025-05-06 14:18:41,953 - INFO - True: coriander       | Predicted: oregano
2025-05-06 14:18:41,953 - INFO - True: coriander       | Predicted: oregano
2025-05-06 14:18:41,953 - INFO - True: allspice        | Predicted: oregano
2025-05-06 14:18:41,953 - INFO - True: allspice        | Predicted: oregano
2025-05-06 14:18:41,953 - INFO - True: allspice        | Predicted: oregano
2025-05-06 14:18:41,953 - INFO - True: allspice        | Predicted: oregano
2025-05-06 14:18:41,953 - INFO - True: allspice        | Predicted: oregano
2025-05-06 14:18:41,953 - INFO - True: allspice        | Predicted: oregano
2025-05-06 14:18:41,953 - INFO - True: allspice        | Predicted: oregano
2025-05-06 14:18:41,953 - INFO - True: allspice        | Predicted: oregano
2025-05-06 14:18:41,953 - INFO - True: allspice        | Predicted: oregano
2025-05-06 14:18:41,953 - INFO - True: allspice        | Predicted: oregano
2025-05-06 14:18:41,953 - INFO - True: allspice        | Predicted: oregano
2025-05-06 14:18:41,953 - INFO - True: allspice        | Predicted: oregano
2025-05-06 14:18:41,953 - INFO - True: allspice        | Predicted: oregano
2025-05-06 14:18:41,953 - INFO - True: allspice        | Predicted: oregano
2025-05-06 14:18:41,953 - INFO - True: allspice        | Predicted: oregano
2025-05-06 14:18:41,953 - INFO - True: allspice        | Predicted: oregano
2025-05-06 14:18:41,953 - INFO - True: allspice        | Predicted: oregano
2025-05-06 14:18:41,953 - INFO - True: allspice        | Predicted: oregano
2025-05-06 14:18:41,953 - INFO - True: allspice        | Predicted: oregano
2025-05-06 14:18:41,953 - INFO - True: allspice        | Predicted: oregano
2025-05-06 14:18:41,953 - INFO - True: allspice        | Predicted: oregano
2025-05-06 14:18:41,953 - INFO - True: allspice        | Predicted: oregano
2025-05-06 14:18:41,953 - INFO - True: allspice        | Predicted: oregano
2025-05-06 14:18:41,953 - INFO - True: allspice        | Predicted: oregano
2025-05-06 14:18:41,953 - INFO - True: allspice        | Predicted: oregano
2025-05-06 14:18:41,953 - INFO - True: allspice        | Predicted: oregano
2025-05-06 14:18:41,953 - INFO - True: allspice        | Predicted: oregano
2025-05-06 14:18:41,953 - INFO - True: cumin           | Predicted: angelica
2025-05-06 14:18:41,953 - INFO - True: cumin           | Predicted: peach
2025-05-06 14:18:41,953 - INFO - True: cumin           | Predicted: peach
2025-05-06 14:18:41,953 - INFO - True: cumin           | Predicted: oregano
2025-05-06 14:18:41,953 - INFO - True: cumin           | Predicted: oregano
2025-05-06 14:18:41,953 - INFO - True: cumin           | Predicted: oregano
2025-05-06 14:18:41,953 - INFO - True: cumin           | Predicted: oregano
2025-05-06 14:18:41,953 - INFO - True: cumin           | Predicted: oregano
2025-05-06 14:18:41,953 - INFO - True: cumin           | Predicted: oregano
2025-05-06 14:18:41,953 - INFO - True: saffron         | Predicted: oregano
2025-05-06 14:18:41,953 - INFO - True: saffron         | Predicted: oregano
2025-05-06 14:18:41,953 - INFO - True: saffron         | Predicted: oregano
2025-05-06 14:18:41,953 - INFO - True: saffron         | Predicted: oregano
2025-05-06 14:18:41,953 - INFO - True: saffron         | Predicted: oregano
2025-05-06 14:18:41,953 - INFO - True: saffron         | Predicted: oregano
2025-05-06 14:18:41,953 - INFO - True: saffron         | Predicted: oregano
2025-05-06 14:18:41,953 - INFO - True: saffron         | Predicted: oregano
2025-05-06 14:18:41,954 - INFO - True: saffron         | Predicted: oregano
2025-05-06 14:18:41,954 - INFO - True: saffron         | Predicted: walnuts
2025-05-06 14:18:41,954 - INFO - True: saffron         | Predicted: walnuts
2025-05-06 14:18:41,954 - INFO - True: saffron         | Predicted: walnuts
2025-05-06 14:18:41,954 - INFO - True: saffron         | Predicted: walnuts
2025-05-06 14:18:41,954 - INFO - True: saffron         | Predicted: cashew
2025-05-06 14:18:41,954 - INFO - True: saffron         | Predicted: mustard
2025-05-06 14:18:41,954 - INFO - True: saffron         | Predicted: mustard
2025-05-06 14:18:41,954 - INFO - True: saffron         | Predicted: mustard
2025-05-06 14:18:41,954 - INFO - True: saffron         | Predicted: mustard
2025-05-06 14:18:41,954 - INFO - True: nutmeg          | Predicted: oregano
2025-05-06 14:18:41,954 - INFO - True: nutmeg          | Predicted: oregano
2025-05-06 14:18:41,954 - INFO - True: nutmeg          | Predicted: oregano
2025-05-06 14:18:41,954 - INFO - True: nutmeg          | Predicted: oregano
2025-05-06 14:18:41,954 - INFO - True: nutmeg          | Predicted: oregano
2025-05-06 14:18:41,954 - INFO - True: nutmeg          | Predicted: oregano
2025-05-06 14:18:41,954 - INFO - True: nutmeg          | Predicted: oregano
2025-05-06 14:18:41,954 - INFO - True: nutmeg          | Predicted: oregano
2025-05-06 14:18:41,954 - INFO - True: nutmeg          | Predicted: oregano
2025-05-06 14:18:41,954 - INFO - True: nutmeg          | Predicted: oregano
2025-05-06 14:18:41,954 - INFO - True: nutmeg          | Predicted: oregano
2025-05-06 14:18:41,954 - INFO - True: nutmeg          | Predicted: oregano
2025-05-06 14:18:41,954 - INFO - True: nutmeg          | Predicted: oregano
2025-05-06 14:18:41,954 - INFO - True: nutmeg          | Predicted: oregano
2025-05-06 14:18:41,954 - INFO - True: nutmeg          | Predicted: oregano
2025-05-06 14:18:41,954 - INFO - True: nutmeg          | Predicted: oregano
2025-05-06 14:18:41,954 - INFO - True: nutmeg          | Predicted: oregano
2025-05-06 14:18:41,954 - INFO - True: nutmeg          | Predicted: oregano
2025-05-06 14:18:41,954 - INFO - True: cloves          | Predicted: mustard
2025-05-06 14:18:41,954 - INFO - True: cloves          | Predicted: cauliflower
2025-05-06 14:18:41,954 - INFO - True: cloves          | Predicted: chamomile
2025-05-06 14:18:41,954 - INFO - True: cloves          | Predicted: chamomile
2025-05-06 14:18:41,954 - INFO - True: cloves          | Predicted: cloves
2025-05-06 14:18:41,954 - INFO - True: cloves          | Predicted: cloves
2025-05-06 14:18:41,954 - INFO - True: cloves          | Predicted: cloves
2025-05-06 14:18:41,954 - INFO - True: cloves          | Predicted: cloves
2025-05-06 14:18:41,954 - INFO - True: cloves          | Predicted: cloves
2025-05-06 14:18:41,954 - INFO - True: star_anise      | Predicted: oregano
2025-05-06 14:18:41,954 - INFO - True: star_anise      | Predicted: oregano
2025-05-06 14:18:41,954 - INFO - True: star_anise      | Predicted: oregano
2025-05-06 14:18:41,954 - INFO - True: star_anise      | Predicted: oregano
2025-05-06 14:18:41,954 - INFO - True: star_anise      | Predicted: oregano
2025-05-06 14:18:41,954 - INFO - True: star_anise      | Predicted: oregano
2025-05-06 14:18:41,954 - INFO - True: star_anise      | Predicted: oregano
2025-05-06 14:18:41,954 - INFO - True: star_anise      | Predicted: oregano
2025-05-06 14:18:41,954 - INFO - True: star_anise      | Predicted: oregano
2025-05-06 14:18:41,954 - INFO - True: cinnamon        | Predicted: oregano
2025-05-06 14:18:41,954 - INFO - True: cinnamon        | Predicted: oregano
2025-05-06 14:18:41,954 - INFO - True: cinnamon        | Predicted: oregano
2025-05-06 14:18:41,955 - INFO - True: cinnamon        | Predicted: oregano
2025-05-06 14:18:41,955 - INFO - True: cinnamon        | Predicted: oregano
2025-05-06 14:18:41,955 - INFO - True: cinnamon        | Predicted: oregano
2025-05-06 14:18:41,955 - INFO - True: cinnamon        | Predicted: oregano
2025-05-06 14:18:41,955 - INFO - True: cinnamon        | Predicted: oregano
2025-05-06 14:18:41,955 - INFO - True: cinnamon        | Predicted: oregano
2025-05-06 14:18:42,257 - INFO - ✅ Window-Level Test Accuracy: 4.27%
2025-05-06 14:18:42,257 - INFO - True: coriander       | Predicted: cloves
2025-05-06 14:18:42,257 - INFO - True: coriander       | Predicted: cloves
2025-05-06 14:18:42,257 - INFO - True: coriander       | Predicted: cloves
2025-05-06 14:18:42,257 - INFO - True: coriander       | Predicted: cloves
2025-05-06 14:18:42,257 - INFO - True: coriander       | Predicted: cloves
2025-05-06 14:18:42,257 - INFO - True: coriander       | Predicted: peach
2025-05-06 14:18:42,257 - INFO - True: coriander       | Predicted: oregano
2025-05-06 14:18:42,257 - INFO - True: coriander       | Predicted: oregano
2025-05-06 14:18:42,257 - INFO - True: coriander       | Predicted: oregano
2025-05-06 14:18:42,257 - INFO - True: coriander       | Predicted: oregano
2025-05-06 14:18:42,257 - INFO - True: coriander       | Predicted: oregano
2025-05-06 14:18:42,257 - INFO - True: coriander       | Predicted: oregano
2025-05-06 14:18:42,257 - INFO - True: coriander       | Predicted: oregano
2025-05-06 14:18:42,257 - INFO - True: coriander       | Predicted: oregano
2025-05-06 14:18:42,257 - INFO - True: coriander       | Predicted: oregano
2025-05-06 14:18:42,257 - INFO - True: coriander       | Predicted: oregano
2025-05-06 14:18:42,257 - INFO - True: coriander       | Predicted: oregano
2025-05-06 14:18:42,257 - INFO - True: coriander       | Predicted: oregano
2025-05-06 14:18:42,257 - INFO - True: allspice        | Predicted: oregano
2025-05-06 14:18:42,257 - INFO - True: allspice        | Predicted: oregano
2025-05-06 14:18:42,257 - INFO - True: allspice        | Predicted: oregano
2025-05-06 14:18:42,257 - INFO - True: allspice        | Predicted: oregano
2025-05-06 14:18:42,257 - INFO - True: allspice        | Predicted: oregano
2025-05-06 14:18:42,257 - INFO - True: allspice        | Predicted: oregano
2025-05-06 14:18:42,257 - INFO - True: allspice        | Predicted: oregano
2025-05-06 14:18:42,257 - INFO - True: allspice        | Predicted: oregano
2025-05-06 14:18:42,257 - INFO - True: allspice        | Predicted: oregano
2025-05-06 14:18:42,257 - INFO - True: allspice        | Predicted: oregano
2025-05-06 14:18:42,258 - INFO - True: allspice        | Predicted: oregano
2025-05-06 14:18:42,258 - INFO - True: allspice        | Predicted: oregano
2025-05-06 14:18:42,258 - INFO - True: allspice        | Predicted: oregano
2025-05-06 14:18:42,258 - INFO - True: allspice        | Predicted: oregano
2025-05-06 14:18:42,258 - INFO - True: allspice        | Predicted: oregano
2025-05-06 14:18:42,258 - INFO - True: allspice        | Predicted: oregano
2025-05-06 14:18:42,258 - INFO - True: allspice        | Predicted: oregano
2025-05-06 14:18:42,258 - INFO - True: allspice        | Predicted: oregano
2025-05-06 14:18:42,258 - INFO - True: allspice        | Predicted: oregano
2025-05-06 14:18:42,258 - INFO - True: allspice        | Predicted: oregano
2025-05-06 14:18:42,258 - INFO - True: allspice        | Predicted: oregano
2025-05-06 14:18:42,258 - INFO - True: allspice        | Predicted: oregano
2025-05-06 14:18:42,258 - INFO - True: allspice        | Predicted: oregano
2025-05-06 14:18:42,258 - INFO - True: allspice        | Predicted: oregano
2025-05-06 14:18:42,258 - INFO - True: allspice        | Predicted: oregano
2025-05-06 14:18:42,258 - INFO - True: allspice        | Predicted: oregano
2025-05-06 14:18:42,258 - INFO - True: allspice        | Predicted: oregano
2025-05-06 14:18:42,258 - INFO - True: cumin           | Predicted: angelica
2025-05-06 14:18:42,258 - INFO - True: cumin           | Predicted: peach
2025-05-06 14:18:42,258 - INFO - True: cumin           | Predicted: peach
2025-05-06 14:18:42,258 - INFO - True: cumin           | Predicted: oregano
2025-05-06 14:18:42,258 - INFO - True: cumin           | Predicted: oregano
2025-05-06 14:18:42,258 - INFO - True: cumin           | Predicted: oregano
2025-05-06 14:18:42,258 - INFO - True: cumin           | Predicted: oregano
2025-05-06 14:18:42,258 - INFO - True: cumin           | Predicted: oregano
2025-05-06 14:18:42,258 - INFO - True: cumin           | Predicted: oregano
2025-05-06 14:18:42,258 - INFO - True: saffron         | Predicted: oregano
2025-05-06 14:18:42,258 - INFO - True: saffron         | Predicted: oregano
2025-05-06 14:18:42,258 - INFO - True: saffron         | Predicted: oregano
2025-05-06 14:18:42,258 - INFO - True: saffron         | Predicted: oregano
2025-05-06 14:18:42,258 - INFO - True: saffron         | Predicted: oregano
2025-05-06 14:18:42,258 - INFO - True: saffron         | Predicted: oregano
2025-05-06 14:18:42,258 - INFO - True: saffron         | Predicted: oregano
2025-05-06 14:18:42,258 - INFO - True: saffron         | Predicted: oregano
2025-05-06 14:18:42,258 - INFO - True: saffron         | Predicted: oregano
2025-05-06 14:18:42,258 - INFO - True: saffron         | Predicted: walnuts
2025-05-06 14:18:42,258 - INFO - True: saffron         | Predicted: walnuts
2025-05-06 14:18:42,258 - INFO - True: saffron         | Predicted: walnuts
2025-05-06 14:18:42,258 - INFO - True: saffron         | Predicted: walnuts
2025-05-06 14:18:42,258 - INFO - True: saffron         | Predicted: cashew
2025-05-06 14:18:42,258 - INFO - True: saffron         | Predicted: mustard
2025-05-06 14:18:42,258 - INFO - True: saffron         | Predicted: mustard
2025-05-06 14:18:42,258 - INFO - True: saffron         | Predicted: mustard
2025-05-06 14:18:42,258 - INFO - True: saffron         | Predicted: mustard
2025-05-06 14:18:42,258 - INFO - True: nutmeg          | Predicted: oregano
2025-05-06 14:18:42,258 - INFO - True: nutmeg          | Predicted: oregano
2025-05-06 14:18:42,258 - INFO - True: nutmeg          | Predicted: oregano
2025-05-06 14:18:42,258 - INFO - True: nutmeg          | Predicted: oregano
2025-05-06 14:18:42,259 - INFO - True: nutmeg          | Predicted: oregano
2025-05-06 14:18:42,259 - INFO - True: nutmeg          | Predicted: oregano
2025-05-06 14:18:42,259 - INFO - True: nutmeg          | Predicted: oregano
2025-05-06 14:18:42,259 - INFO - True: nutmeg          | Predicted: oregano
2025-05-06 14:18:42,259 - INFO - True: nutmeg          | Predicted: oregano
2025-05-06 14:18:42,259 - INFO - True: nutmeg          | Predicted: oregano
2025-05-06 14:18:42,259 - INFO - True: nutmeg          | Predicted: oregano
2025-05-06 14:18:42,259 - INFO - True: nutmeg          | Predicted: oregano
2025-05-06 14:18:42,259 - INFO - True: nutmeg          | Predicted: oregano
2025-05-06 14:18:42,259 - INFO - True: nutmeg          | Predicted: oregano
2025-05-06 14:18:42,259 - INFO - True: nutmeg          | Predicted: oregano
2025-05-06 14:18:42,259 - INFO - True: nutmeg          | Predicted: oregano
2025-05-06 14:18:42,259 - INFO - True: nutmeg          | Predicted: oregano
2025-05-06 14:18:42,259 - INFO - True: nutmeg          | Predicted: oregano
2025-05-06 14:18:42,259 - INFO - True: cloves          | Predicted: mustard
2025-05-06 14:18:42,259 - INFO - True: cloves          | Predicted: cauliflower
2025-05-06 14:18:42,259 - INFO - True: cloves          | Predicted: chamomile
2025-05-06 14:18:42,259 - INFO - True: cloves          | Predicted: chamomile
2025-05-06 14:18:42,259 - INFO - True: cloves          | Predicted: cloves
2025-05-06 14:18:42,259 - INFO - True: cloves          | Predicted: cloves
2025-05-06 14:18:42,259 - INFO - True: cloves          | Predicted: cloves
2025-05-06 14:18:42,259 - INFO - True: cloves          | Predicted: cloves
2025-05-06 14:18:42,259 - INFO - True: cloves          | Predicted: cloves
2025-05-06 14:18:42,259 - INFO - True: star_anise      | Predicted: oregano
2025-05-06 14:18:42,259 - INFO - True: star_anise      | Predicted: oregano
2025-05-06 14:18:42,259 - INFO - True: star_anise      | Predicted: oregano
2025-05-06 14:18:42,259 - INFO - True: star_anise      | Predicted: oregano
2025-05-06 14:18:42,259 - INFO - True: star_anise      | Predicted: oregano
2025-05-06 14:18:42,259 - INFO - True: star_anise      | Predicted: oregano
2025-05-06 14:18:42,259 - INFO - True: star_anise      | Predicted: oregano
2025-05-06 14:18:42,259 - INFO - True: star_anise      | Predicted: oregano
2025-05-06 14:18:42,259 - INFO - True: star_anise      | Predicted: oregano
2025-05-06 14:18:42,259 - INFO - True: cinnamon        | Predicted: oregano
2025-05-06 14:18:42,259 - INFO - True: cinnamon        | Predicted: oregano
2025-05-06 14:18:42,259 - INFO - True: cinnamon        | Predicted: oregano
2025-05-06 14:18:42,259 - INFO - True: cinnamon        | Predicted: oregano
2025-05-06 14:18:42,259 - INFO - True: cinnamon        | Predicted: oregano
2025-05-06 14:18:42,259 - INFO - True: cinnamon        | Predicted: oregano
2025-05-06 14:18:42,259 - INFO - True: cinnamon        | Predicted: oregano
2025-05-06 14:18:42,259 - INFO - True: cinnamon        | Predicted: oregano
2025-05-06 14:18:42,259 - INFO - True: cinnamon        | Predicted: oregano
2025-05-06 14:18:42,552 - INFO - ✅ Window-Level Test Accuracy: 4.27%
2025-05-06 14:18:42,553 - INFO - True: coriander       | Predicted: cloves
2025-05-06 14:18:42,553 - INFO - True: coriander       | Predicted: cloves
2025-05-06 14:18:42,553 - INFO - True: coriander       | Predicted: cloves
2025-05-06 14:18:42,553 - INFO - True: coriander       | Predicted: cloves
2025-05-06 14:18:42,553 - INFO - True: coriander       | Predicted: cloves
2025-05-06 14:18:42,553 - INFO - True: coriander       | Predicted: peach
2025-05-06 14:18:42,553 - INFO - True: coriander       | Predicted: oregano
2025-05-06 14:18:42,553 - INFO - True: coriander       | Predicted: oregano
2025-05-06 14:18:42,553 - INFO - True: coriander       | Predicted: oregano
2025-05-06 14:18:42,553 - INFO - True: coriander       | Predicted: oregano
2025-05-06 14:18:42,553 - INFO - True: coriander       | Predicted: oregano
2025-05-06 14:18:42,553 - INFO - True: coriander       | Predicted: oregano
2025-05-06 14:18:42,553 - INFO - True: coriander       | Predicted: oregano
2025-05-06 14:18:42,553 - INFO - True: coriander       | Predicted: oregano
2025-05-06 14:18:42,553 - INFO - True: coriander       | Predicted: oregano
2025-05-06 14:18:42,553 - INFO - True: coriander       | Predicted: oregano
2025-05-06 14:18:42,553 - INFO - True: coriander       | Predicted: oregano
2025-05-06 14:18:42,553 - INFO - True: coriander       | Predicted: oregano
2025-05-06 14:18:42,553 - INFO - True: allspice        | Predicted: oregano
2025-05-06 14:18:42,553 - INFO - True: allspice        | Predicted: oregano
2025-05-06 14:18:42,553 - INFO - True: allspice        | Predicted: oregano
2025-05-06 14:18:42,553 - INFO - True: allspice        | Predicted: oregano
2025-05-06 14:18:42,553 - INFO - True: allspice        | Predicted: oregano
2025-05-06 14:18:42,553 - INFO - True: allspice        | Predicted: oregano
2025-05-06 14:18:42,553 - INFO - True: allspice        | Predicted: oregano
2025-05-06 14:18:42,553 - INFO - True: allspice        | Predicted: oregano
2025-05-06 14:18:42,553 - INFO - True: allspice        | Predicted: oregano
2025-05-06 14:18:42,553 - INFO - True: allspice        | Predicted: oregano
2025-05-06 14:18:42,553 - INFO - True: allspice        | Predicted: oregano
2025-05-06 14:18:42,553 - INFO - True: allspice        | Predicted: oregano
2025-05-06 14:18:42,553 - INFO - True: allspice        | Predicted: oregano
2025-05-06 14:18:42,553 - INFO - True: allspice        | Predicted: oregano
2025-05-06 14:18:42,553 - INFO - True: allspice        | Predicted: oregano
2025-05-06 14:18:42,553 - INFO - True: allspice        | Predicted: oregano
2025-05-06 14:18:42,553 - INFO - True: allspice        | Predicted: oregano
2025-05-06 14:18:42,553 - INFO - True: allspice        | Predicted: oregano
2025-05-06 14:18:42,553 - INFO - True: allspice        | Predicted: oregano
2025-05-06 14:18:42,553 - INFO - True: allspice        | Predicted: oregano
2025-05-06 14:18:42,553 - INFO - True: allspice        | Predicted: oregano
2025-05-06 14:18:42,554 - INFO - True: allspice        | Predicted: oregano
2025-05-06 14:18:42,554 - INFO - True: allspice        | Predicted: oregano
2025-05-06 14:18:42,554 - INFO - True: allspice        | Predicted: oregano
2025-05-06 14:18:42,554 - INFO - True: allspice        | Predicted: oregano
2025-05-06 14:18:42,554 - INFO - True: allspice        | Predicted: oregano
2025-05-06 14:18:42,554 - INFO - True: allspice        | Predicted: oregano
2025-05-06 14:18:42,554 - INFO - True: cumin           | Predicted: angelica
2025-05-06 14:18:42,554 - INFO - True: cumin           | Predicted: peach
2025-05-06 14:18:42,554 - INFO - True: cumin           | Predicted: peach
2025-05-06 14:18:42,554 - INFO - True: cumin           | Predicted: oregano
2025-05-06 14:18:42,554 - INFO - True: cumin           | Predicted: oregano
2025-05-06 14:18:42,554 - INFO - True: cumin           | Predicted: oregano
2025-05-06 14:18:42,554 - INFO - True: cumin           | Predicted: oregano
2025-05-06 14:18:42,554 - INFO - True: cumin           | Predicted: oregano
2025-05-06 14:18:42,554 - INFO - True: cumin           | Predicted: oregano
2025-05-06 14:18:42,554 - INFO - True: saffron         | Predicted: oregano
2025-05-06 14:18:42,554 - INFO - True: saffron         | Predicted: oregano
2025-05-06 14:18:42,554 - INFO - True: saffron         | Predicted: oregano
2025-05-06 14:18:42,554 - INFO - True: saffron         | Predicted: oregano
2025-05-06 14:18:42,554 - INFO - True: saffron         | Predicted: oregano
2025-05-06 14:18:42,554 - INFO - True: saffron         | Predicted: oregano
2025-05-06 14:18:42,554 - INFO - True: saffron         | Predicted: oregano
2025-05-06 14:18:42,554 - INFO - True: saffron         | Predicted: oregano
2025-05-06 14:18:42,554 - INFO - True: saffron         | Predicted: oregano
2025-05-06 14:18:42,554 - INFO - True: saffron         | Predicted: walnuts
2025-05-06 14:18:42,554 - INFO - True: saffron         | Predicted: walnuts
2025-05-06 14:18:42,554 - INFO - True: saffron         | Predicted: walnuts
2025-05-06 14:18:42,554 - INFO - True: saffron         | Predicted: walnuts
2025-05-06 14:18:42,554 - INFO - True: saffron         | Predicted: cashew
2025-05-06 14:18:42,554 - INFO - True: saffron         | Predicted: mustard
2025-05-06 14:18:42,554 - INFO - True: saffron         | Predicted: mustard
2025-05-06 14:18:42,554 - INFO - True: saffron         | Predicted: mustard
2025-05-06 14:18:42,554 - INFO - True: saffron         | Predicted: mustard
2025-05-06 14:18:42,554 - INFO - True: nutmeg          | Predicted: oregano
2025-05-06 14:18:42,554 - INFO - True: nutmeg          | Predicted: oregano
2025-05-06 14:18:42,554 - INFO - True: nutmeg          | Predicted: oregano
2025-05-06 14:18:42,554 - INFO - True: nutmeg          | Predicted: oregano
2025-05-06 14:18:42,554 - INFO - True: nutmeg          | Predicted: oregano
2025-05-06 14:18:42,554 - INFO - True: nutmeg          | Predicted: oregano
2025-05-06 14:18:42,554 - INFO - True: nutmeg          | Predicted: oregano
2025-05-06 14:18:42,554 - INFO - True: nutmeg          | Predicted: oregano
2025-05-06 14:18:42,554 - INFO - True: nutmeg          | Predicted: oregano
2025-05-06 14:18:42,554 - INFO - True: nutmeg          | Predicted: oregano
2025-05-06 14:18:42,554 - INFO - True: nutmeg          | Predicted: oregano
2025-05-06 14:18:42,554 - INFO - True: nutmeg          | Predicted: oregano
2025-05-06 14:18:42,554 - INFO - True: nutmeg          | Predicted: oregano
2025-05-06 14:18:42,554 - INFO - True: nutmeg          | Predicted: oregano
2025-05-06 14:18:42,554 - INFO - True: nutmeg          | Predicted: oregano
2025-05-06 14:18:42,554 - INFO - True: nutmeg          | Predicted: oregano
2025-05-06 14:18:42,555 - INFO - True: nutmeg          | Predicted: oregano
2025-05-06 14:18:42,555 - INFO - True: nutmeg          | Predicted: oregano
2025-05-06 14:18:42,555 - INFO - True: cloves          | Predicted: mustard
2025-05-06 14:18:42,555 - INFO - True: cloves          | Predicted: cauliflower
2025-05-06 14:18:42,555 - INFO - True: cloves          | Predicted: chamomile
2025-05-06 14:18:42,555 - INFO - True: cloves          | Predicted: chamomile
2025-05-06 14:18:42,555 - INFO - True: cloves          | Predicted: cloves
2025-05-06 14:18:42,555 - INFO - True: cloves          | Predicted: cloves
2025-05-06 14:18:42,555 - INFO - True: cloves          | Predicted: cloves
2025-05-06 14:18:42,555 - INFO - True: cloves          | Predicted: cloves
2025-05-06 14:18:42,555 - INFO - True: cloves          | Predicted: cloves
2025-05-06 14:18:42,555 - INFO - True: star_anise      | Predicted: oregano
2025-05-06 14:18:42,555 - INFO - True: star_anise      | Predicted: oregano
2025-05-06 14:18:42,555 - INFO - True: star_anise      | Predicted: oregano
2025-05-06 14:18:42,555 - INFO - True: star_anise      | Predicted: oregano
2025-05-06 14:18:42,555 - INFO - True: star_anise      | Predicted: oregano
2025-05-06 14:18:42,555 - INFO - True: star_anise      | Predicted: oregano
2025-05-06 14:18:42,555 - INFO - True: star_anise      | Predicted: oregano
2025-05-06 14:18:42,555 - INFO - True: star_anise      | Predicted: oregano
2025-05-06 14:18:42,555 - INFO - True: star_anise      | Predicted: oregano
2025-05-06 14:18:42,555 - INFO - True: cinnamon        | Predicted: oregano
2025-05-06 14:18:42,555 - INFO - True: cinnamon        | Predicted: oregano
2025-05-06 14:18:42,555 - INFO - True: cinnamon        | Predicted: oregano
2025-05-06 14:18:42,555 - INFO - True: cinnamon        | Predicted: oregano
2025-05-06 14:18:42,555 - INFO - True: cinnamon        | Predicted: oregano
2025-05-06 14:18:42,555 - INFO - True: cinnamon        | Predicted: oregano
2025-05-06 14:18:42,555 - INFO - True: cinnamon        | Predicted: oregano
2025-05-06 14:18:42,555 - INFO - True: cinnamon        | Predicted: oregano
2025-05-06 14:18:42,555 - INFO - True: cinnamon        | Predicted: oregano
2025-05-06 14:18:42,846 - INFO - ✅ Window-Level Test Accuracy: 4.27%
2025-05-06 14:18:42,847 - INFO - True: coriander       | Predicted: cloves
2025-05-06 14:18:42,847 - INFO - True: coriander       | Predicted: cloves
2025-05-06 14:18:42,847 - INFO - True: coriander       | Predicted: cloves
2025-05-06 14:18:42,847 - INFO - True: coriander       | Predicted: cloves
2025-05-06 14:18:42,847 - INFO - True: coriander       | Predicted: cloves
2025-05-06 14:18:42,847 - INFO - True: coriander       | Predicted: peach
2025-05-06 14:18:42,847 - INFO - True: coriander       | Predicted: oregano
2025-05-06 14:18:42,847 - INFO - True: coriander       | Predicted: oregano
2025-05-06 14:18:42,847 - INFO - True: coriander       | Predicted: oregano
2025-05-06 14:18:42,847 - INFO - True: coriander       | Predicted: oregano
2025-05-06 14:18:42,847 - INFO - True: coriander       | Predicted: oregano
2025-05-06 14:18:42,847 - INFO - True: coriander       | Predicted: oregano
2025-05-06 14:18:42,847 - INFO - True: coriander       | Predicted: oregano
2025-05-06 14:18:42,847 - INFO - True: coriander       | Predicted: oregano
2025-05-06 14:18:42,847 - INFO - True: coriander       | Predicted: oregano
2025-05-06 14:18:42,847 - INFO - True: coriander       | Predicted: oregano
2025-05-06 14:18:42,847 - INFO - True: coriander       | Predicted: oregano
2025-05-06 14:18:42,847 - INFO - True: coriander       | Predicted: oregano
2025-05-06 14:18:42,847 - INFO - True: allspice        | Predicted: oregano
2025-05-06 14:18:42,847 - INFO - True: allspice        | Predicted: oregano
2025-05-06 14:18:42,847 - INFO - True: allspice        | Predicted: oregano
2025-05-06 14:18:42,847 - INFO - True: allspice        | Predicted: oregano
2025-05-06 14:18:42,847 - INFO - True: allspice        | Predicted: oregano
2025-05-06 14:18:42,847 - INFO - True: allspice        | Predicted: oregano
2025-05-06 14:18:42,847 - INFO - True: allspice        | Predicted: oregano
2025-05-06 14:18:42,847 - INFO - True: allspice        | Predicted: oregano
2025-05-06 14:18:42,847 - INFO - True: allspice        | Predicted: oregano
2025-05-06 14:18:42,847 - INFO - True: allspice        | Predicted: oregano
2025-05-06 14:18:42,847 - INFO - True: allspice        | Predicted: oregano
2025-05-06 14:18:42,847 - INFO - True: allspice        | Predicted: oregano
2025-05-06 14:18:42,847 - INFO - True: allspice        | Predicted: oregano
2025-05-06 14:18:42,847 - INFO - True: allspice        | Predicted: oregano
2025-05-06 14:18:42,847 - INFO - True: allspice        | Predicted: oregano
2025-05-06 14:18:42,847 - INFO - True: allspice        | Predicted: oregano
2025-05-06 14:18:42,847 - INFO - True: allspice        | Predicted: oregano
2025-05-06 14:18:42,847 - INFO - True: allspice        | Predicted: oregano
2025-05-06 14:18:42,847 - INFO - True: allspice        | Predicted: oregano
2025-05-06 14:18:42,847 - INFO - True: allspice        | Predicted: oregano
2025-05-06 14:18:42,847 - INFO - True: allspice        | Predicted: oregano
2025-05-06 14:18:42,847 - INFO - True: allspice        | Predicted: oregano
2025-05-06 14:18:42,847 - INFO - True: allspice        | Predicted: oregano
2025-05-06 14:18:42,847 - INFO - True: allspice        | Predicted: oregano
2025-05-06 14:18:42,848 - INFO - True: allspice        | Predicted: oregano
2025-05-06 14:18:42,848 - INFO - True: allspice        | Predicted: oregano
2025-05-06 14:18:42,848 - INFO - True: allspice        | Predicted: oregano
2025-05-06 14:18:42,848 - INFO - True: cumin           | Predicted: angelica
2025-05-06 14:18:42,848 - INFO - True: cumin           | Predicted: peach
2025-05-06 14:18:42,848 - INFO - True: cumin           | Predicted: peach
2025-05-06 14:18:42,848 - INFO - True: cumin           | Predicted: oregano
2025-05-06 14:18:42,848 - INFO - True: cumin           | Predicted: oregano
2025-05-06 14:18:42,848 - INFO - True: cumin           | Predicted: oregano
2025-05-06 14:18:42,848 - INFO - True: cumin           | Predicted: oregano
2025-05-06 14:18:42,848 - INFO - True: cumin           | Predicted: oregano
2025-05-06 14:18:42,848 - INFO - True: cumin           | Predicted: oregano
2025-05-06 14:18:42,848 - INFO - True: saffron         | Predicted: oregano
2025-05-06 14:18:42,848 - INFO - True: saffron         | Predicted: oregano
2025-05-06 14:18:42,848 - INFO - True: saffron         | Predicted: oregano
2025-05-06 14:18:42,848 - INFO - True: saffron         | Predicted: oregano
2025-05-06 14:18:42,848 - INFO - True: saffron         | Predicted: oregano
2025-05-06 14:18:42,848 - INFO - True: saffron         | Predicted: oregano
2025-05-06 14:18:42,848 - INFO - True: saffron         | Predicted: oregano
2025-05-06 14:18:42,848 - INFO - True: saffron         | Predicted: oregano
2025-05-06 14:18:42,848 - INFO - True: saffron         | Predicted: oregano
2025-05-06 14:18:42,848 - INFO - True: saffron         | Predicted: walnuts
2025-05-06 14:18:42,848 - INFO - True: saffron         | Predicted: walnuts
2025-05-06 14:18:42,848 - INFO - True: saffron         | Predicted: walnuts
2025-05-06 14:18:42,848 - INFO - True: saffron         | Predicted: walnuts
2025-05-06 14:18:42,848 - INFO - True: saffron         | Predicted: cashew
2025-05-06 14:18:42,848 - INFO - True: saffron         | Predicted: mustard
2025-05-06 14:18:42,848 - INFO - True: saffron         | Predicted: mustard
2025-05-06 14:18:42,848 - INFO - True: saffron         | Predicted: mustard
2025-05-06 14:18:42,848 - INFO - True: saffron         | Predicted: mustard
2025-05-06 14:18:42,848 - INFO - True: nutmeg          | Predicted: oregano
2025-05-06 14:18:42,848 - INFO - True: nutmeg          | Predicted: oregano
2025-05-06 14:18:42,848 - INFO - True: nutmeg          | Predicted: oregano
2025-05-06 14:18:42,848 - INFO - True: nutmeg          | Predicted: oregano
2025-05-06 14:18:42,848 - INFO - True: nutmeg          | Predicted: oregano
2025-05-06 14:18:42,848 - INFO - True: nutmeg          | Predicted: oregano
2025-05-06 14:18:42,848 - INFO - True: nutmeg          | Predicted: oregano
2025-05-06 14:18:42,848 - INFO - True: nutmeg          | Predicted: oregano
2025-05-06 14:18:42,848 - INFO - True: nutmeg          | Predicted: oregano
2025-05-06 14:18:42,848 - INFO - True: nutmeg          | Predicted: oregano
2025-05-06 14:18:42,848 - INFO - True: nutmeg          | Predicted: oregano
2025-05-06 14:18:42,848 - INFO - True: nutmeg          | Predicted: oregano
2025-05-06 14:18:42,848 - INFO - True: nutmeg          | Predicted: oregano
2025-05-06 14:18:42,848 - INFO - True: nutmeg          | Predicted: oregano
2025-05-06 14:18:42,848 - INFO - True: nutmeg          | Predicted: oregano
2025-05-06 14:18:42,848 - INFO - True: nutmeg          | Predicted: oregano
2025-05-06 14:18:42,848 - INFO - True: nutmeg          | Predicted: oregano
2025-05-06 14:18:42,848 - INFO - True: nutmeg          | Predicted: oregano
2025-05-06 14:18:42,848 - INFO - True: cloves          | Predicted: mustard
2025-05-06 14:18:42,848 - INFO - True: cloves          | Predicted: cauliflower
2025-05-06 14:18:42,849 - INFO - True: cloves          | Predicted: chamomile
2025-05-06 14:18:42,849 - INFO - True: cloves          | Predicted: chamomile
2025-05-06 14:18:42,849 - INFO - True: cloves          | Predicted: cloves
2025-05-06 14:18:42,849 - INFO - True: cloves          | Predicted: cloves
2025-05-06 14:18:42,849 - INFO - True: cloves          | Predicted: cloves
2025-05-06 14:18:42,849 - INFO - True: cloves          | Predicted: cloves
2025-05-06 14:18:42,849 - INFO - True: cloves          | Predicted: cloves
2025-05-06 14:18:42,849 - INFO - True: star_anise      | Predicted: oregano
2025-05-06 14:18:42,849 - INFO - True: star_anise      | Predicted: oregano
2025-05-06 14:18:42,849 - INFO - True: star_anise      | Predicted: oregano
2025-05-06 14:18:42,849 - INFO - True: star_anise      | Predicted: oregano
2025-05-06 14:18:42,849 - INFO - True: star_anise      | Predicted: oregano
2025-05-06 14:18:42,849 - INFO - True: star_anise      | Predicted: oregano
2025-05-06 14:18:42,849 - INFO - True: star_anise      | Predicted: oregano
2025-05-06 14:18:42,849 - INFO - True: star_anise      | Predicted: oregano
2025-05-06 14:18:42,849 - INFO - True: star_anise      | Predicted: oregano
2025-05-06 14:18:42,849 - INFO - True: cinnamon        | Predicted: oregano
2025-05-06 14:18:42,849 - INFO - True: cinnamon        | Predicted: oregano
2025-05-06 14:18:42,849 - INFO - True: cinnamon        | Predicted: oregano
2025-05-06 14:18:42,849 - INFO - True: cinnamon        | Predicted: oregano
2025-05-06 14:18:42,849 - INFO - True: cinnamon        | Predicted: oregano
2025-05-06 14:18:42,849 - INFO - True: cinnamon        | Predicted: oregano
2025-05-06 14:18:42,849 - INFO - True: cinnamon        | Predicted: oregano
2025-05-06 14:18:42,849 - INFO - True: cinnamon        | Predicted: oregano
2025-05-06 14:18:42,849 - INFO - True: cinnamon        | Predicted: oregano
2025-05-06 14:18:43,138 - INFO - ✅ Window-Level Test Accuracy: 4.27%
2025-05-06 14:18:43,138 - INFO - True: coriander       | Predicted: cloves
2025-05-06 14:18:43,138 - INFO - True: coriander       | Predicted: cloves
2025-05-06 14:18:43,138 - INFO - True: coriander       | Predicted: cloves
2025-05-06 14:18:43,138 - INFO - True: coriander       | Predicted: cloves
2025-05-06 14:18:43,138 - INFO - True: coriander       | Predicted: cloves
2025-05-06 14:18:43,139 - INFO - True: coriander       | Predicted: peach
2025-05-06 14:18:43,139 - INFO - True: coriander       | Predicted: oregano
2025-05-06 14:18:43,139 - INFO - True: coriander       | Predicted: oregano
2025-05-06 14:18:43,139 - INFO - True: coriander       | Predicted: oregano
2025-05-06 14:18:43,139 - INFO - True: coriander       | Predicted: oregano
2025-05-06 14:18:43,139 - INFO - True: coriander       | Predicted: oregano
2025-05-06 14:18:43,139 - INFO - True: coriander       | Predicted: oregano
2025-05-06 14:18:43,139 - INFO - True: coriander       | Predicted: oregano
2025-05-06 14:18:43,139 - INFO - True: coriander       | Predicted: oregano
2025-05-06 14:18:43,139 - INFO - True: coriander       | Predicted: oregano
2025-05-06 14:18:43,139 - INFO - True: coriander       | Predicted: oregano
2025-05-06 14:18:43,139 - INFO - True: coriander       | Predicted: oregano
2025-05-06 14:18:43,139 - INFO - True: coriander       | Predicted: oregano
2025-05-06 14:18:43,139 - INFO - True: allspice        | Predicted: oregano
2025-05-06 14:18:43,139 - INFO - True: allspice        | Predicted: oregano
2025-05-06 14:18:43,139 - INFO - True: allspice        | Predicted: oregano
2025-05-06 14:18:43,139 - INFO - True: allspice        | Predicted: oregano
2025-05-06 14:18:43,139 - INFO - True: allspice        | Predicted: oregano
2025-05-06 14:18:43,139 - INFO - True: allspice        | Predicted: oregano
2025-05-06 14:18:43,139 - INFO - True: allspice        | Predicted: oregano
2025-05-06 14:18:43,139 - INFO - True: allspice        | Predicted: oregano
2025-05-06 14:18:43,139 - INFO - True: allspice        | Predicted: oregano
2025-05-06 14:18:43,139 - INFO - True: allspice        | Predicted: oregano
2025-05-06 14:18:43,139 - INFO - True: allspice        | Predicted: oregano
2025-05-06 14:18:43,139 - INFO - True: allspice        | Predicted: oregano
2025-05-06 14:18:43,139 - INFO - True: allspice        | Predicted: oregano
2025-05-06 14:18:43,139 - INFO - True: allspice        | Predicted: oregano
2025-05-06 14:18:43,139 - INFO - True: allspice        | Predicted: oregano
2025-05-06 14:18:43,139 - INFO - True: allspice        | Predicted: oregano
2025-05-06 14:18:43,139 - INFO - True: allspice        | Predicted: oregano
2025-05-06 14:18:43,139 - INFO - True: allspice        | Predicted: oregano
2025-05-06 14:18:43,139 - INFO - True: allspice        | Predicted: oregano
2025-05-06 14:18:43,139 - INFO - True: allspice        | Predicted: oregano
2025-05-06 14:18:43,139 - INFO - True: allspice        | Predicted: oregano
2025-05-06 14:18:43,139 - INFO - True: allspice        | Predicted: oregano
2025-05-06 14:18:43,139 - INFO - True: allspice        | Predicted: oregano
2025-05-06 14:18:43,139 - INFO - True: allspice        | Predicted: oregano
2025-05-06 14:18:43,139 - INFO - True: allspice        | Predicted: oregano
2025-05-06 14:18:43,139 - INFO - True: allspice        | Predicted: oregano
2025-05-06 14:18:43,139 - INFO - True: allspice        | Predicted: oregano
2025-05-06 14:18:43,139 - INFO - True: cumin           | Predicted: angelica
2025-05-06 14:18:43,139 - INFO - True: cumin           | Predicted: peach
2025-05-06 14:18:43,139 - INFO - True: cumin           | Predicted: peach
2025-05-06 14:18:43,139 - INFO - True: cumin           | Predicted: oregano
2025-05-06 14:18:43,139 - INFO - True: cumin           | Predicted: oregano
2025-05-06 14:18:43,139 - INFO - True: cumin           | Predicted: oregano
2025-05-06 14:18:43,139 - INFO - True: cumin           | Predicted: oregano
2025-05-06 14:18:43,139 - INFO - True: cumin           | Predicted: oregano
2025-05-06 14:18:43,140 - INFO - True: cumin           | Predicted: oregano
2025-05-06 14:18:43,140 - INFO - True: saffron         | Predicted: oregano
2025-05-06 14:18:43,140 - INFO - True: saffron         | Predicted: oregano
2025-05-06 14:18:43,140 - INFO - True: saffron         | Predicted: oregano
2025-05-06 14:18:43,140 - INFO - True: saffron         | Predicted: oregano
2025-05-06 14:18:43,140 - INFO - True: saffron         | Predicted: oregano
2025-05-06 14:18:43,140 - INFO - True: saffron         | Predicted: oregano
2025-05-06 14:18:43,140 - INFO - True: saffron         | Predicted: oregano
2025-05-06 14:18:43,140 - INFO - True: saffron         | Predicted: oregano
2025-05-06 14:18:43,140 - INFO - True: saffron         | Predicted: oregano
2025-05-06 14:18:43,140 - INFO - True: saffron         | Predicted: walnuts
2025-05-06 14:18:43,140 - INFO - True: saffron         | Predicted: walnuts
2025-05-06 14:18:43,140 - INFO - True: saffron         | Predicted: walnuts
2025-05-06 14:18:43,140 - INFO - True: saffron         | Predicted: walnuts
2025-05-06 14:18:43,140 - INFO - True: saffron         | Predicted: cashew
2025-05-06 14:18:43,140 - INFO - True: saffron         | Predicted: mustard
2025-05-06 14:18:43,140 - INFO - True: saffron         | Predicted: mustard
2025-05-06 14:18:43,140 - INFO - True: saffron         | Predicted: mustard
2025-05-06 14:18:43,140 - INFO - True: saffron         | Predicted: mustard
2025-05-06 14:18:43,140 - INFO - True: nutmeg          | Predicted: oregano
2025-05-06 14:18:43,140 - INFO - True: nutmeg          | Predicted: oregano
2025-05-06 14:18:43,140 - INFO - True: nutmeg          | Predicted: oregano
2025-05-06 14:18:43,140 - INFO - True: nutmeg          | Predicted: oregano
2025-05-06 14:18:43,140 - INFO - True: nutmeg          | Predicted: oregano
2025-05-06 14:18:43,140 - INFO - True: nutmeg          | Predicted: oregano
2025-05-06 14:18:43,140 - INFO - True: nutmeg          | Predicted: oregano
2025-05-06 14:18:43,140 - INFO - True: nutmeg          | Predicted: oregano
2025-05-06 14:18:43,140 - INFO - True: nutmeg          | Predicted: oregano
2025-05-06 14:18:43,140 - INFO - True: nutmeg          | Predicted: oregano
2025-05-06 14:18:43,140 - INFO - True: nutmeg          | Predicted: oregano
2025-05-06 14:18:43,140 - INFO - True: nutmeg          | Predicted: oregano
2025-05-06 14:18:43,140 - INFO - True: nutmeg          | Predicted: oregano
2025-05-06 14:18:43,140 - INFO - True: nutmeg          | Predicted: oregano
2025-05-06 14:18:43,140 - INFO - True: nutmeg          | Predicted: oregano
2025-05-06 14:18:43,140 - INFO - True: nutmeg          | Predicted: oregano
2025-05-06 14:18:43,140 - INFO - True: nutmeg          | Predicted: oregano
2025-05-06 14:18:43,140 - INFO - True: nutmeg          | Predicted: oregano
2025-05-06 14:18:43,140 - INFO - True: cloves          | Predicted: mustard
2025-05-06 14:18:43,140 - INFO - True: cloves          | Predicted: cauliflower
2025-05-06 14:18:43,140 - INFO - True: cloves          | Predicted: chamomile
2025-05-06 14:18:43,140 - INFO - True: cloves          | Predicted: chamomile
2025-05-06 14:18:43,140 - INFO - True: cloves          | Predicted: cloves
2025-05-06 14:18:43,140 - INFO - True: cloves          | Predicted: cloves
2025-05-06 14:18:43,140 - INFO - True: cloves          | Predicted: cloves
2025-05-06 14:18:43,140 - INFO - True: cloves          | Predicted: cloves
2025-05-06 14:18:43,140 - INFO - True: cloves          | Predicted: cloves
2025-05-06 14:18:43,140 - INFO - True: star_anise      | Predicted: oregano
2025-05-06 14:18:43,140 - INFO - True: star_anise      | Predicted: oregano
2025-05-06 14:18:43,140 - INFO - True: star_anise      | Predicted: oregano
2025-05-06 14:18:43,140 - INFO - True: star_anise      | Predicted: oregano
2025-05-06 14:18:43,141 - INFO - True: star_anise      | Predicted: oregano
2025-05-06 14:18:43,141 - INFO - True: star_anise      | Predicted: oregano
2025-05-06 14:18:43,141 - INFO - True: star_anise      | Predicted: oregano
2025-05-06 14:18:43,141 - INFO - True: star_anise      | Predicted: oregano
2025-05-06 14:18:43,141 - INFO - True: star_anise      | Predicted: oregano
2025-05-06 14:18:43,141 - INFO - True: cinnamon        | Predicted: oregano
2025-05-06 14:18:43,141 - INFO - True: cinnamon        | Predicted: oregano
2025-05-06 14:18:43,141 - INFO - True: cinnamon        | Predicted: oregano
2025-05-06 14:18:43,141 - INFO - True: cinnamon        | Predicted: oregano
2025-05-06 14:18:43,141 - INFO - True: cinnamon        | Predicted: oregano
2025-05-06 14:18:43,141 - INFO - True: cinnamon        | Predicted: oregano
2025-05-06 14:18:43,141 - INFO - True: cinnamon        | Predicted: oregano
2025-05-06 14:18:43,141 - INFO - True: cinnamon        | Predicted: oregano
2025-05-06 14:18:43,141 - INFO - True: cinnamon        | Predicted: oregano
